<?xml version="1.0" encoding="utf-8"?>
<CoverageSession xmlns:xsd="http://www.w3.org/2001/XMLSchema" xmlns:xsi="http://www.w3.org/2001/XMLSchema-instance" Version="0.0.0.0">
  <Summary numSequencePoints="29" visitedSequencePoints="25" numBranchPoints="0" visitedBranchPoints="0" sequenceCoverage="86.21" branchCoverage="0.0" maxCyclomaticComplexity="0" minCyclomaticComplexity="0" maxCrapScore="0" minCrapScore="0" visitedClasses="2" numClasses="2" visitedMethods="5" numMethods="5" />
  <Modules>
    <Module>
      <Summary numSequencePoints="6" visitedSequencePoints="6" numBranchPoints="0" visitedBranchPoints="0" sequenceCoverage="100.0" branchCoverage="0.0" maxCyclomaticComplexity="0" minCyclomaticComplexity="0" maxCrapScore="0" minCrapScore="0" visitedClasses="1" numClasses="1" visitedMethods="1" numMethods="1" />
      <ModuleTime>0001-01-01T00:00:00</ModuleTime>
      <ModuleName>PlayMode</ModuleName>
      <Files>
        <File uid="21" fullPath="C:/Users/ning/Documents/GitHub/section-005-morris-projects-LiftQuest/LiftQuest/Assets/Tests/PlayMode/DatabasePlayModeTests.cs" />
        <File uid="22" fullPath="C:/Users/ning/Documents/GitHub/section-005-morris-projects-LiftQuest/LiftQuest/Assets/Tests/PlayMode/LevelSelectionPlayModeTests.cs" />
        <File uid="23" fullPath="C:/Users/ning/Documents/GitHub/section-005-morris-projects-LiftQuest/LiftQuest/Assets/Tests/PlayMode/OptionsPlayModeTests.cs" />
      </Files>
      <Classes>
        <Class>
          <Summary numSequencePoints="6" visitedSequencePoints="6" numBranchPoints="0" visitedBranchPoints="0" sequenceCoverage="100.0" branchCoverage="0.0" maxCyclomaticComplexity="0" minCyclomaticComplexity="0" maxCrapScore="0" minCrapScore="0" visitedClasses="1" numClasses="1" visitedMethods="1" numMethods="1" />
          <FullName>LevelSelectionPlayModeTests/&lt;VerifyPlayerObject&gt;d__2</FullName>
          <Methods>
            <Method visited="true" cyclomaticComplexity="0" nPathComplexity="0" sequenceCoverage="100.0" branchCoverage="0" crapScore="0" isConstructor="false" isStatic="false" isGetter="false" isSetter="false">
              <Summary numSequencePoints="6" visitedSequencePoints="6" numBranchPoints="0" visitedBranchPoints="0" sequenceCoverage="100.0" branchCoverage="0" maxCyclomaticComplexity="0" minCyclomaticComplexity="0" maxCrapScore="0" minCrapScore="0" visitedClasses="0" numClasses="0" visitedMethods="1" numMethods="1" />
              <MetadataToken>100663332</MetadataToken>
              <Name>System.Boolean LevelSelectionPlayModeTests/&lt;VerifyPlayerObject&gt;d__2::MoveNext()</Name>
              <FileRef uid="22" />
              <SequencePoints>
                <SequencePoint vc="1" uspid="3352" ordinal="0" offset="31" sl="61" sc="9" el="61" ec="9" bec="0" bev="0" fileid="22" />
                <SequencePoint vc="1" uspid="3353" ordinal="0" offset="32" sl="62" sc="13" el="62" ec="13" bec="0" bev="0" fileid="22" />
                <SequencePoint vc="1" uspid="3354" ordinal="0" offset="43" sl="64" sc="13" el="64" ec="13" bec="0" bev="0" fileid="22" />
                <SequencePoint vc="1" uspid="3355" ordinal="0" offset="60" sl="66" sc="13" el="66" ec="13" bec="0" bev="0" fileid="22" />
                <SequencePoint vc="1" uspid="3356" ordinal="0" offset="88" sl="68" sc="13" el="68" ec="13" bec="0" bev="0" fileid="22" />
                <SequencePoint vc="1" uspid="3357" ordinal="0" offset="111" sl="70" sc="9" el="70" ec="9" bec="0" bev="0" fileid="22" />
              </SequencePoints>
              <BranchPoints />
            </Method>
          </Methods>
        </Class>
      </Classes>
    </Module>
    <Module>
      <Summary numSequencePoints="23" visitedSequencePoints="19" numBranchPoints="0" visitedBranchPoints="0" sequenceCoverage="82.61" branchCoverage="0.0" maxCyclomaticComplexity="0" minCyclomaticComplexity="0" maxCrapScore="0" minCrapScore="0" visitedClasses="1" numClasses="1" visitedMethods="4" numMethods="4" />
      <ModuleTime>0001-01-01T00:00:00</ModuleTime>
      <ModuleName>Scripts</ModuleName>
      <Files>
        <File uid="24" fullPath="C:/Users/ning/Documents/GitHub/section-005-morris-projects-LiftQuest/LiftQuest/Assets/Scripts/AudioManager.cs" />
        <File uid="25" fullPath="C:/Users/ning/Documents/GitHub/section-005-morris-projects-LiftQuest/LiftQuest/Assets/Scripts/BicepCurlDetector.cs" />
        <File uid="26" fullPath="C:/Users/ning/Documents/GitHub/section-005-morris-projects-LiftQuest/LiftQuest/Assets/Scripts/ButtonSFX.cs" />
        <File uid="27" fullPath="C:/Users/ning/Documents/GitHub/section-005-morris-projects-LiftQuest/LiftQuest/Assets/Scripts/ButtonSound.cs" />
        <File uid="28" fullPath="C:/Users/ning/Documents/GitHub/section-005-morris-projects-LiftQuest/LiftQuest/Assets/Scripts/ChangeScene.cs" />
        <File uid="29" fullPath="C:/Users/ning/Documents/GitHub/section-005-morris-projects-LiftQuest/LiftQuest/Assets/Scripts/DatabaseManager.cs" />
        <File uid="30" fullPath="C:/Users/ning/Documents/GitHub/section-005-morris-projects-LiftQuest/LiftQuest/Assets/Scripts/ESPHomeAPI.cs" />
        <File uid="31" fullPath="C:/Users/ning/Documents/GitHub/section-005-morris-projects-LiftQuest/LiftQuest/Assets/Scripts/GameManager.cs" />
        <File uid="32" fullPath="C:/Users/ning/Documents/GitHub/section-005-morris-projects-LiftQuest/LiftQuest/Assets/Scripts/LevelButton.cs" />
        <File uid="33" fullPath="C:/Users/ning/Documents/GitHub/section-005-morris-projects-LiftQuest/LiftQuest/Assets/Scripts/LevelSelectionMenu.cs" />
        <File uid="34" fullPath="C:/Users/ning/Documents/GitHub/section-005-morris-projects-LiftQuest/LiftQuest/Assets/Scripts/MainMenu.cs" />
        <File uid="35" fullPath="C:/Users/ning/Documents/GitHub/section-005-morris-projects-LiftQuest/LiftQuest/Assets/Scripts/Monster.cs" />
        <File uid="36" fullPath="C:/Users/ning/Documents/GitHub/section-005-morris-projects-LiftQuest/LiftQuest/Assets/Scripts/MoveToNextLevel.cs" />
        <File uid="37" fullPath="C:/Users/ning/Documents/GitHub/section-005-morris-projects-LiftQuest/LiftQuest/Assets/Scripts/ParallaxBackground.cs" />
        <File uid="38" fullPath="C:/Users/ning/Documents/GitHub/section-005-morris-projects-LiftQuest/LiftQuest/Assets/Scripts/Player.cs" />
        <File uid="39" fullPath="C:/Users/ning/Documents/GitHub/section-005-morris-projects-LiftQuest/LiftQuest/Assets/Scripts/Profile.cs" />
        <File uid="40" fullPath="C:/Users/ning/Documents/GitHub/section-005-morris-projects-LiftQuest/LiftQuest/Assets/Scripts/ProfileManager.cs" />
        <File uid="41" fullPath="C:/Users/ning/Documents/GitHub/section-005-morris-projects-LiftQuest/LiftQuest/Assets/Scripts/Receiver.cs" />
        <File uid="42" fullPath="C:/Users/ning/Documents/GitHub/section-005-morris-projects-LiftQuest/LiftQuest/Assets/Scripts/ResetButton.cs" />
        <File uid="43" fullPath="C:/Users/ning/Documents/GitHub/section-005-morris-projects-LiftQuest/LiftQuest/Assets/Scripts/SceneManagerScript.cs" />
        <File uid="44" fullPath="C:/Users/ning/Documents/GitHub/section-005-morris-projects-LiftQuest/LiftQuest/Assets/Scripts/TitleManager.cs" />
        <File uid="45" fullPath="C:/Users/ning/Documents/GitHub/section-005-morris-projects-LiftQuest/LiftQuest/Assets/Scripts/UIManager.cs" />
        <File uid="46" fullPath="C:/Users/ning/Documents/GitHub/section-005-morris-projects-LiftQuest/LiftQuest/Assets/Scripts/UnityMainThreadDispatcher.cs" />
      </Files>
      <Classes>
        <Class>
          <Summary numSequencePoints="23" visitedSequencePoints="19" numBranchPoints="0" visitedBranchPoints="0" sequenceCoverage="82.61" branchCoverage="0.0" maxCyclomaticComplexity="0" minCyclomaticComplexity="0" maxCrapScore="0" minCrapScore="0" visitedClasses="1" numClasses="1" visitedMethods="4" numMethods="4" />
          <FullName>Player</FullName>
          <Methods>
            <Method visited="true" cyclomaticComplexity="0" nPathComplexity="0" sequenceCoverage="100.0" branchCoverage="0" crapScore="0" isConstructor="false" isStatic="false" isGetter="false" isSetter="false">
              <Summary numSequencePoints="5" visitedSequencePoints="5" numBranchPoints="0" visitedBranchPoints="0" sequenceCoverage="100.0" branchCoverage="0" maxCyclomaticComplexity="0" minCyclomaticComplexity="0" maxCrapScore="0" minCrapScore="0" visitedClasses="0" numClasses="0" visitedMethods="1" numMethods="1" />
              <MetadataToken>100663405</MetadataToken>
              <Name>System.Void Player::Start()</Name>
              <FileRef uid="38" />
              <SequencePoints>
                <SequencePoint vc="1" uspid="3955" ordinal="0" offset="0" sl="31" sc="5" el="31" ec="5" bec="0" bev="0" fileid="38" />
                <SequencePoint vc="1" uspid="3956" ordinal="0" offset="1" sl="32" sc="9" el="32" ec="9" bec="0" bev="0" fileid="38" />
                <SequencePoint vc="1" uspid="3957" ordinal="0" offset="13" sl="33" sc="9" el="33" ec="9" bec="0" bev="0" fileid="38" />
                <SequencePoint vc="1" uspid="3958" ordinal="0" offset="25" sl="34" sc="9" el="34" ec="9" bec="0" bev="0" fileid="38" />
                <SequencePoint vc="1" uspid="3959" ordinal="0" offset="32" sl="35" sc="5" el="35" ec="5" bec="0" bev="0" fileid="38" />
              </SequencePoints>
              <BranchPoints />
            </Method>
            <Method visited="true" cyclomaticComplexity="0" nPathComplexity="0" sequenceCoverage="50.00" branchCoverage="0" crapScore="0" isConstructor="false" isStatic="false" isGetter="false" isSetter="false">
              <Summary numSequencePoints="8" visitedSequencePoints="4" numBranchPoints="0" visitedBranchPoints="0" sequenceCoverage="50.00" branchCoverage="0" maxCyclomaticComplexity="0" minCyclomaticComplexity="0" maxCrapScore="0" minCrapScore="0" visitedClasses="0" numClasses="0" visitedMethods="1" numMethods="1" />
              <MetadataToken>100663406</MetadataToken>
              <Name>System.Void Player::Update()</Name>
              <FileRef uid="38" />
              <SequencePoints>
                <SequencePoint vc="1" uspid="3960" ordinal="0" offset="0" sl="38" sc="5" el="38" ec="5" bec="0" bev="0" fileid="38" />
                <SequencePoint vc="1" uspid="3961" ordinal="0" offset="1" sl="39" sc="9" el="39" ec="9" bec="0" bev="0" fileid="38" />
                <SequencePoint vc="0" uspid="3962" ordinal="0" offset="11" sl="39" sc="25" el="39" ec="25" bec="0" bev="0" fileid="38" />
                <SequencePoint vc="1" uspid="3963" ordinal="0" offset="13" sl="41" sc="9" el="41" ec="9" bec="0" bev="0" fileid="38" />
                <SequencePoint vc="0" uspid="3964" ordinal="0" offset="34" sl="42" sc="9" el="42" ec="9" bec="0" bev="0" fileid="38" />
                <SequencePoint vc="0" uspid="3965" ordinal="0" offset="35" sl="43" sc="13" el="43" ec="13" bec="0" bev="0" fileid="38" />
                <SequencePoint vc="0" uspid="3966" ordinal="0" offset="42" sl="44" sc="9" el="44" ec="9" bec="0" bev="0" fileid="38" />
                <SequencePoint vc="1" uspid="3967" ordinal="0" offset="43" sl="45" sc="5" el="45" ec="5" bec="0" bev="0" fileid="38" />
              </SequencePoints>
              <BranchPoints />
            </Method>
            <Method visited="true" cyclomaticComplexity="0" nPathComplexity="0" sequenceCoverage="100.0" branchCoverage="0" crapScore="0" isConstructor="false" isStatic="false" isGetter="false" isSetter="false">
              <Summary numSequencePoints="3" visitedSequencePoints="3" numBranchPoints="0" visitedBranchPoints="0" sequenceCoverage="100.0" branchCoverage="0" maxCyclomaticComplexity="0" minCyclomaticComplexity="0" maxCrapScore="0" minCrapScore="0" visitedClasses="0" numClasses="0" visitedMethods="1" numMethods="1" />
              <MetadataToken>100663411</MetadataToken>
              <Name>System.Void Player::UpdateHealthDisplay()</Name>
              <FileRef uid="38" />
              <SequencePoints>
                <SequencePoint vc="1" uspid="4003" ordinal="0" offset="0" sl="98" sc="5" el="98" ec="5" bec="0" bev="0" fileid="38" />
                <SequencePoint vc="1" uspid="4004" ordinal="0" offset="1" sl="100" sc="9" el="100" ec="9" bec="0" bev="0" fileid="38" />
                <SequencePoint vc="1" uspid="4005" ordinal="0" offset="39" sl="101" sc="5" el="101" ec="5" bec="0" bev="0" fileid="38" />
              </SequencePoints>
              <BranchPoints />
            </Method>
            <Method visited="true" cyclomaticComplexity="0" nPathComplexity="0" sequenceCoverage="100.0" branchCoverage="0" crapScore="0" isConstructor="true" isStatic="false" isGetter="false" isSetter="false">
              <Summary numSequencePoints="7" visitedSequencePoints="7" numBranchPoints="0" visitedBranchPoints="0" sequenceCoverage="100.0" branchCoverage="0" maxCyclomaticComplexity="0" minCyclomaticComplexity="0" maxCrapScore="0" minCrapScore="0" visitedClasses="0" numClasses="0" visitedMethods="1" numMethods="1" />
              <MetadataToken>100663415</MetadataToken>
              <Name>Player::Player()</Name>
              <FileRef uid="38" />
              <SequencePoints>
                <SequencePoint vc="1" uspid="4014" ordinal="0" offset="0" sl="8" sc="5" el="8" ec="5" bec="0" bev="0" fileid="38" />
                <SequencePoint vc="1" uspid="4015" ordinal="0" offset="7" sl="12" sc="5" el="12" ec="5" bec="0" bev="0" fileid="38" />
                <SequencePoint vc="1" uspid="4016" ordinal="0" offset="18" sl="13" sc="5" el="13" ec="5" bec="0" bev="0" fileid="38" />
                <SequencePoint vc="1" uspid="4017" ordinal="0" offset="29" sl="15" sc="5" el="15" ec="5" bec="0" bev="0" fileid="38" />
                <SequencePoint vc="1" uspid="4018" ordinal="0" offset="36" sl="18" sc="5" el="18" ec="5" bec="0" bev="0" fileid="38" />
                <SequencePoint vc="1" uspid="4019" ordinal="0" offset="43" sl="20" sc="5" el="20" ec="5" bec="0" bev="0" fileid="38" />
                <SequencePoint vc="1" uspid="4020" ordinal="0" offset="55" sl="26" sc="5" el="26" ec="5" bec="0" bev="0" fileid="38" />
              </SequencePoints>
              <BranchPoints />
            </Method>
          </Methods>
        </Class>
      </Classes>
    </Module>
  </Modules>
</CoverageSession>