<?xml version="1.0" encoding="utf-8"?>
<CoverageSession xmlns:xsd="http://www.w3.org/2001/XMLSchema" xmlns:xsi="http://www.w3.org/2001/XMLSchema-instance" Version="0.0.0.0">
  <Summary numSequencePoints="399" visitedSequencePoints="288" numBranchPoints="0" visitedBranchPoints="0" sequenceCoverage="72.18" branchCoverage="0.0" maxCyclomaticComplexity="0" minCyclomaticComplexity="0" maxCrapScore="0" minCrapScore="0" visitedClasses="24" numClasses="24" visitedMethods="63" numMethods="63" />
  <Modules>
    <Module>
      <Summary numSequencePoints="3" visitedSequencePoints="3" numBranchPoints="0" visitedBranchPoints="0" sequenceCoverage="100.0" branchCoverage="0.0" maxCyclomaticComplexity="0" minCyclomaticComplexity="0" maxCrapScore="0" minCrapScore="0" visitedClasses="1" numClasses="1" visitedMethods="1" numMethods="1" />
      <ModuleTime>0001-01-01T00:00:00</ModuleTime>
      <ModuleName>Assembly-CSharp</ModuleName>
      <Files>
        <File uid="2" fullPath="/Users/ninaperone/Desktop/section-005-morris-projects-LiftQuest/LiftQuest/Assets/ButtonHoverSwap.cs" />
        <File uid="3" fullPath="/Users/ninaperone/Desktop/section-005-morris-projects-LiftQuest/LiftQuest/Assets/CurlTracker.cs" />
      </Files>
      <Classes>
        <Class>
          <Summary numSequencePoints="3" visitedSequencePoints="3" numBranchPoints="0" visitedBranchPoints="0" sequenceCoverage="100.0" branchCoverage="0.0" maxCyclomaticComplexity="0" minCyclomaticComplexity="0" maxCrapScore="0" minCrapScore="0" visitedClasses="1" numClasses="1" visitedMethods="1" numMethods="1" />
          <FullName>ButtonHoverSwap</FullName>
          <Methods>
            <Method visited="true" cyclomaticComplexity="0" nPathComplexity="0" sequenceCoverage="100.0" branchCoverage="0" crapScore="0" isConstructor="false" isStatic="false" isGetter="false" isSetter="false">
              <Summary numSequencePoints="3" visitedSequencePoints="3" numBranchPoints="0" visitedBranchPoints="0" sequenceCoverage="100.0" branchCoverage="0" maxCyclomaticComplexity="0" minCyclomaticComplexity="0" maxCrapScore="0" minCrapScore="0" visitedClasses="0" numClasses="0" visitedMethods="1" numMethods="1" />
              <MetadataToken>100663297</MetadataToken>
              <Name>System.Void ButtonHoverSwap::Start()</Name>
              <FileRef uid="2" />
              <SequencePoints>
                <SequencePoint vc="1" uspid="1689" ordinal="0" offset="0" sl="14" sc="9" el="14" ec="9" bec="0" bev="0" fileid="2" />
                <SequencePoint vc="1" uspid="1690" ordinal="0" offset="12" sl="15" sc="9" el="15" ec="9" bec="0" bev="0" fileid="2" />
                <SequencePoint vc="1" uspid="1691" ordinal="0" offset="29" sl="16" sc="5" el="16" ec="5" bec="0" bev="0" fileid="2" />
              </SequencePoints>
              <BranchPoints />
            </Method>
          </Methods>
        </Class>
      </Classes>
    </Module>
    <Module>
      <Summary numSequencePoints="54" visitedSequencePoints="54" numBranchPoints="0" visitedBranchPoints="0" sequenceCoverage="100.0" branchCoverage="0.0" maxCyclomaticComplexity="0" minCyclomaticComplexity="0" maxCrapScore="0" minCrapScore="0" visitedClasses="3" numClasses="3" visitedMethods="12" numMethods="12" />
      <ModuleTime>0001-01-01T00:00:00</ModuleTime>
      <ModuleName>EditMode</ModuleName>
      <Files>
        <File uid="16" fullPath="/Users/ninaperone/Desktop/section-005-morris-projects-LiftQuest/LiftQuest/Assets/Tests/EditMode/DatabaseEditModeTests.cs" />
        <File uid="17" fullPath="/Users/ninaperone/Desktop/section-005-morris-projects-LiftQuest/LiftQuest/Assets/Tests/EditMode/SceneSelectionEditModeTests.cs" />
      </Files>
      <Classes>
        <Class>
          <Summary numSequencePoints="7" visitedSequencePoints="7" numBranchPoints="0" visitedBranchPoints="0" sequenceCoverage="100.0" branchCoverage="0.0" maxCyclomaticComplexity="0" minCyclomaticComplexity="0" maxCrapScore="0" minCrapScore="0" visitedClasses="1" numClasses="1" visitedMethods="1" numMethods="1" />
          <FullName>ProfileValidator</FullName>
          <Methods>
            <Method visited="true" cyclomaticComplexity="0" nPathComplexity="0" sequenceCoverage="100.0" branchCoverage="0" crapScore="0" isConstructor="false" isStatic="true" isGetter="false" isSetter="false">
              <Summary numSequencePoints="7" visitedSequencePoints="7" numBranchPoints="0" visitedBranchPoints="0" sequenceCoverage="100.0" branchCoverage="0" maxCyclomaticComplexity="0" minCyclomaticComplexity="0" maxCrapScore="0" minCrapScore="0" visitedClasses="0" numClasses="0" visitedMethods="1" numMethods="1" />
              <MetadataToken>100663298</MetadataToken>
              <Name>static System.String ProfileValidator::Validate(ProfileData)</Name>
              <FileRef uid="16" />
              <SequencePoints>
                <SequencePoint vc="6" uspid="2073" ordinal="0" offset="0" sl="19" sc="9" el="19" ec="9" bec="0" bev="0" fileid="16" />
                <SequencePoint vc="2" uspid="2074" ordinal="0" offset="13" sl="20" sc="13" el="20" ec="13" bec="0" bev="0" fileid="16" />
                <SequencePoint vc="4" uspid="2075" ordinal="0" offset="19" sl="22" sc="9" el="22" ec="9" bec="0" bev="0" fileid="16" />
                <SequencePoint vc="2" uspid="2076" ordinal="0" offset="45" sl="23" sc="13" el="23" ec="13" bec="0" bev="0" fileid="16" />
                <SequencePoint vc="2" uspid="2077" ordinal="0" offset="51" sl="25" sc="9" el="25" ec="9" bec="0" bev="0" fileid="16" />
                <SequencePoint vc="1" uspid="2078" ordinal="0" offset="70" sl="26" sc="13" el="26" ec="13" bec="0" bev="0" fileid="16" />
                <SequencePoint vc="1" uspid="2079" ordinal="0" offset="76" sl="28" sc="9" el="28" ec="9" bec="0" bev="0" fileid="16" />
              </SequencePoints>
              <BranchPoints />
            </Method>
          </Methods>
        </Class>
        <Class>
          <Summary numSequencePoints="32" visitedSequencePoints="32" numBranchPoints="0" visitedBranchPoints="0" sequenceCoverage="100.0" branchCoverage="0.0" maxCyclomaticComplexity="0" minCyclomaticComplexity="0" maxCrapScore="0" minCrapScore="0" visitedClasses="1" numClasses="1" visitedMethods="7" numMethods="7" />
          <FullName>DatabaseManagerEditModeTests</FullName>
          <Methods>
            <Method visited="true" cyclomaticComplexity="0" nPathComplexity="0" sequenceCoverage="100.0" branchCoverage="0" crapScore="0" isConstructor="false" isStatic="false" isGetter="false" isSetter="false">
              <Summary numSequencePoints="4" visitedSequencePoints="4" numBranchPoints="0" visitedBranchPoints="0" sequenceCoverage="100.0" branchCoverage="0" maxCyclomaticComplexity="0" minCyclomaticComplexity="0" maxCrapScore="0" minCrapScore="0" visitedClasses="0" numClasses="0" visitedMethods="1" numMethods="1" />
              <MetadataToken>100663299</MetadataToken>
              <Name>System.Void DatabaseManagerEditModeTests::Empty_Username_Returns_Error()</Name>
              <FileRef uid="16" />
              <SequencePoints>
                <SequencePoint vc="1" uspid="2080" ordinal="0" offset="0" sl="37" sc="9" el="37" ec="9" bec="0" bev="0" fileid="16" />
                <SequencePoint vc="1" uspid="2081" ordinal="0" offset="38" sl="44" sc="9" el="44" ec="9" bec="0" bev="0" fileid="16" />
                <SequencePoint vc="1" uspid="2082" ordinal="0" offset="44" sl="45" sc="9" el="45" ec="9" bec="0" bev="0" fileid="16" />
                <SequencePoint vc="1" uspid="2083" ordinal="0" offset="55" sl="46" sc="5" el="46" ec="5" bec="0" bev="0" fileid="16" />
              </SequencePoints>
              <BranchPoints />
            </Method>
            <Method visited="true" cyclomaticComplexity="0" nPathComplexity="0" sequenceCoverage="100.0" branchCoverage="0" crapScore="0" isConstructor="false" isStatic="false" isGetter="false" isSetter="false">
              <Summary numSequencePoints="4" visitedSequencePoints="4" numBranchPoints="0" visitedBranchPoints="0" sequenceCoverage="100.0" branchCoverage="0" maxCyclomaticComplexity="0" minCyclomaticComplexity="0" maxCrapScore="0" minCrapScore="0" visitedClasses="0" numClasses="0" visitedMethods="1" numMethods="1" />
              <MetadataToken>100663300</MetadataToken>
              <Name>System.Void DatabaseManagerEditModeTests::Empty_Passwords_Returns_Error()</Name>
              <FileRef uid="16" />
              <SequencePoints>
                <SequencePoint vc="1" uspid="2084" ordinal="0" offset="0" sl="51" sc="9" el="51" ec="9" bec="0" bev="0" fileid="16" />
                <SequencePoint vc="1" uspid="2085" ordinal="0" offset="38" sl="58" sc="9" el="58" ec="9" bec="0" bev="0" fileid="16" />
                <SequencePoint vc="1" uspid="2086" ordinal="0" offset="44" sl="59" sc="9" el="59" ec="9" bec="0" bev="0" fileid="16" />
                <SequencePoint vc="1" uspid="2087" ordinal="0" offset="55" sl="60" sc="5" el="60" ec="5" bec="0" bev="0" fileid="16" />
              </SequencePoints>
              <BranchPoints />
            </Method>
            <Method visited="true" cyclomaticComplexity="0" nPathComplexity="0" sequenceCoverage="100.0" branchCoverage="0" crapScore="0" isConstructor="false" isStatic="false" isGetter="false" isSetter="false">
              <Summary numSequencePoints="4" visitedSequencePoints="4" numBranchPoints="0" visitedBranchPoints="0" sequenceCoverage="100.0" branchCoverage="0" maxCyclomaticComplexity="0" minCyclomaticComplexity="0" maxCrapScore="0" minCrapScore="0" visitedClasses="0" numClasses="0" visitedMethods="1" numMethods="1" />
              <MetadataToken>100663301</MetadataToken>
              <Name>System.Void DatabaseManagerEditModeTests::Passwords_Dont_Match_Returns_Error()</Name>
              <FileRef uid="16" />
              <SequencePoints>
                <SequencePoint vc="1" uspid="2088" ordinal="0" offset="0" sl="65" sc="9" el="65" ec="9" bec="0" bev="0" fileid="16" />
                <SequencePoint vc="1" uspid="2089" ordinal="0" offset="38" sl="72" sc="9" el="72" ec="9" bec="0" bev="0" fileid="16" />
                <SequencePoint vc="1" uspid="2090" ordinal="0" offset="44" sl="73" sc="9" el="73" ec="9" bec="0" bev="0" fileid="16" />
                <SequencePoint vc="1" uspid="2091" ordinal="0" offset="55" sl="74" sc="5" el="74" ec="5" bec="0" bev="0" fileid="16" />
              </SequencePoints>
              <BranchPoints />
            </Method>
            <Method visited="true" cyclomaticComplexity="0" nPathComplexity="0" sequenceCoverage="100.0" branchCoverage="0" crapScore="0" isConstructor="false" isStatic="false" isGetter="false" isSetter="false">
              <Summary numSequencePoints="4" visitedSequencePoints="4" numBranchPoints="0" visitedBranchPoints="0" sequenceCoverage="100.0" branchCoverage="0" maxCyclomaticComplexity="0" minCyclomaticComplexity="0" maxCrapScore="0" minCrapScore="0" visitedClasses="0" numClasses="0" visitedMethods="1" numMethods="1" />
              <MetadataToken>100663302</MetadataToken>
              <Name>System.Void DatabaseManagerEditModeTests::All_Fields_Valid_Returns_Null()</Name>
              <FileRef uid="16" />
              <SequencePoints>
                <SequencePoint vc="1" uspid="2092" ordinal="0" offset="0" sl="79" sc="9" el="79" ec="9" bec="0" bev="0" fileid="16" />
                <SequencePoint vc="1" uspid="2093" ordinal="0" offset="82" sl="90" sc="9" el="90" ec="9" bec="0" bev="0" fileid="16" />
                <SequencePoint vc="1" uspid="2094" ordinal="0" offset="87" sl="91" sc="9" el="91" ec="9" bec="0" bev="0" fileid="16" />
                <SequencePoint vc="1" uspid="2095" ordinal="0" offset="92" sl="92" sc="5" el="92" ec="5" bec="0" bev="0" fileid="16" />
              </SequencePoints>
              <BranchPoints />
            </Method>
            <Method visited="true" cyclomaticComplexity="0" nPathComplexity="0" sequenceCoverage="100.0" branchCoverage="0" crapScore="0" isConstructor="false" isStatic="false" isGetter="false" isSetter="false">
              <Summary numSequencePoints="4" visitedSequencePoints="4" numBranchPoints="0" visitedBranchPoints="0" sequenceCoverage="100.0" branchCoverage="0" maxCyclomaticComplexity="0" minCyclomaticComplexity="0" maxCrapScore="0" minCrapScore="0" visitedClasses="0" numClasses="0" visitedMethods="1" numMethods="1" />
              <MetadataToken>100663303</MetadataToken>
              <Name>System.Void DatabaseManagerEditModeTests::Whitespace_Username_Returns_Error()</Name>
              <FileRef uid="16" />
              <SequencePoints>
                <SequencePoint vc="1" uspid="2096" ordinal="0" offset="0" sl="97" sc="9" el="97" ec="9" bec="0" bev="0" fileid="16" />
                <SequencePoint vc="1" uspid="2097" ordinal="0" offset="38" sl="104" sc="9" el="104" ec="9" bec="0" bev="0" fileid="16" />
                <SequencePoint vc="1" uspid="2098" ordinal="0" offset="44" sl="105" sc="9" el="105" ec="9" bec="0" bev="0" fileid="16" />
                <SequencePoint vc="1" uspid="2099" ordinal="0" offset="55" sl="106" sc="5" el="106" ec="5" bec="0" bev="0" fileid="16" />
              </SequencePoints>
              <BranchPoints />
            </Method>
            <Method visited="true" cyclomaticComplexity="0" nPathComplexity="0" sequenceCoverage="100.0" branchCoverage="0" crapScore="0" isConstructor="false" isStatic="false" isGetter="false" isSetter="false">
              <Summary numSequencePoints="4" visitedSequencePoints="4" numBranchPoints="0" visitedBranchPoints="0" sequenceCoverage="100.0" branchCoverage="0" maxCyclomaticComplexity="0" minCyclomaticComplexity="0" maxCrapScore="0" minCrapScore="0" visitedClasses="0" numClasses="0" visitedMethods="1" numMethods="1" />
              <MetadataToken>100663304</MetadataToken>
              <Name>System.Void DatabaseManagerEditModeTests::One_Password_Filled_Returns_Error()</Name>
              <FileRef uid="16" />
              <SequencePoints>
                <SequencePoint vc="1" uspid="2100" ordinal="0" offset="0" sl="111" sc="9" el="111" ec="9" bec="0" bev="0" fileid="16" />
                <SequencePoint vc="1" uspid="2101" ordinal="0" offset="38" sl="118" sc="9" el="118" ec="9" bec="0" bev="0" fileid="16" />
                <SequencePoint vc="1" uspid="2102" ordinal="0" offset="44" sl="119" sc="9" el="119" ec="9" bec="0" bev="0" fileid="16" />
                <SequencePoint vc="1" uspid="2103" ordinal="0" offset="55" sl="120" sc="5" el="120" ec="5" bec="0" bev="0" fileid="16" />
              </SequencePoints>
              <BranchPoints />
            </Method>
            <Method visited="true" cyclomaticComplexity="0" nPathComplexity="0" sequenceCoverage="100.0" branchCoverage="0" crapScore="0" isConstructor="false" isStatic="false" isGetter="false" isSetter="false">
              <Summary numSequencePoints="8" visitedSequencePoints="8" numBranchPoints="0" visitedBranchPoints="0" sequenceCoverage="100.0" branchCoverage="0" maxCyclomaticComplexity="0" minCyclomaticComplexity="0" maxCrapScore="0" minCrapScore="0" visitedClasses="0" numClasses="0" visitedMethods="1" numMethods="1" />
              <MetadataToken>100663305</MetadataToken>
              <Name>System.Void DatabaseManagerEditModeTests::Logout_Clears_PlayerPrefs()</Name>
              <FileRef uid="16" />
              <SequencePoints>
                <SequencePoint vc="1" uspid="2104" ordinal="0" offset="0" sl="125" sc="9" el="125" ec="9" bec="0" bev="0" fileid="16" />
                <SequencePoint vc="1" uspid="2105" ordinal="0" offset="15" sl="126" sc="9" el="126" ec="9" bec="0" bev="0" fileid="16" />
                <SequencePoint vc="1" uspid="2106" ordinal="0" offset="20" sl="128" sc="9" el="128" ec="9" bec="0" bev="0" fileid="16" />
                <SequencePoint vc="1" uspid="2107" ordinal="0" offset="25" sl="129" sc="9" el="129" ec="9" bec="0" bev="0" fileid="16" />
                <SequencePoint vc="1" uspid="2108" ordinal="0" offset="31" sl="131" sc="9" el="131" ec="9" bec="0" bev="0" fileid="16" />
                <SequencePoint vc="1" uspid="2109" ordinal="0" offset="36" sl="133" sc="9" el="133" ec="9" bec="0" bev="0" fileid="16" />
                <SequencePoint vc="1" uspid="2110" ordinal="0" offset="61" sl="135" sc="9" el="135" ec="9" bec="0" bev="0" fileid="16" />
                <SequencePoint vc="1" uspid="2111" ordinal="0" offset="66" sl="136" sc="5" el="136" ec="5" bec="0" bev="0" fileid="16" />
              </SequencePoints>
              <BranchPoints />
            </Method>
          </Methods>
        </Class>
        <Class>
          <Summary numSequencePoints="15" visitedSequencePoints="15" numBranchPoints="0" visitedBranchPoints="0" sequenceCoverage="100.0" branchCoverage="0.0" maxCyclomaticComplexity="0" minCyclomaticComplexity="0" maxCrapScore="0" minCrapScore="0" visitedClasses="1" numClasses="1" visitedMethods="4" numMethods="4" />
          <FullName>LevelSelectionEditModeTests</FullName>
          <Methods>
            <Method visited="true" cyclomaticComplexity="0" nPathComplexity="0" sequenceCoverage="100.0" branchCoverage="0" crapScore="0" isConstructor="false" isStatic="false" isGetter="false" isSetter="false">
              <Summary numSequencePoints="2" visitedSequencePoints="2" numBranchPoints="0" visitedBranchPoints="0" sequenceCoverage="100.0" branchCoverage="0" maxCyclomaticComplexity="0" minCyclomaticComplexity="0" maxCrapScore="0" minCrapScore="0" visitedClasses="0" numClasses="0" visitedMethods="1" numMethods="1" />
              <MetadataToken>100663307</MetadataToken>
              <Name>System.Void LevelSelectionEditModeTests::Setup()</Name>
              <FileRef uid="17" />
              <SequencePoints>
                <SequencePoint vc="3" uspid="2112" ordinal="0" offset="0" sl="13" sc="9" el="13" ec="9" bec="0" bev="0" fileid="17" />
                <SequencePoint vc="3" uspid="2113" ordinal="0" offset="11" sl="14" sc="5" el="14" ec="5" bec="0" bev="0" fileid="17" />
              </SequencePoints>
              <BranchPoints />
            </Method>
            <Method visited="true" cyclomaticComplexity="0" nPathComplexity="0" sequenceCoverage="100.0" branchCoverage="0" crapScore="0" isConstructor="false" isStatic="false" isGetter="false" isSetter="false">
              <Summary numSequencePoints="3" visitedSequencePoints="3" numBranchPoints="0" visitedBranchPoints="0" sequenceCoverage="100.0" branchCoverage="0" maxCyclomaticComplexity="0" minCyclomaticComplexity="0" maxCrapScore="0" minCrapScore="0" visitedClasses="0" numClasses="0" visitedMethods="1" numMethods="1" />
              <MetadataToken>100663308</MetadataToken>
              <Name>System.Void LevelSelectionEditModeTests::LevelButtonExistsPasses()</Name>
              <FileRef uid="17" />
              <SequencePoints>
                <SequencePoint vc="1" uspid="2114" ordinal="0" offset="0" sl="20" sc="9" el="20" ec="9" bec="0" bev="0" fileid="17" />
                <SequencePoint vc="1" uspid="2115" ordinal="0" offset="10" sl="22" sc="9" el="22" ec="9" bec="0" bev="0" fileid="17" />
                <SequencePoint vc="1" uspid="2116" ordinal="0" offset="25" sl="23" sc="5" el="23" ec="5" bec="0" bev="0" fileid="17" />
              </SequencePoints>
              <BranchPoints />
            </Method>
            <Method visited="true" cyclomaticComplexity="0" nPathComplexity="0" sequenceCoverage="100.0" branchCoverage="0" crapScore="0" isConstructor="false" isStatic="false" isGetter="false" isSetter="false">
              <Summary numSequencePoints="5" visitedSequencePoints="5" numBranchPoints="0" visitedBranchPoints="0" sequenceCoverage="100.0" branchCoverage="0" maxCyclomaticComplexity="0" minCyclomaticComplexity="0" maxCrapScore="0" minCrapScore="0" visitedClasses="0" numClasses="0" visitedMethods="1" numMethods="1" />
              <MetadataToken>100663309</MetadataToken>
              <Name>System.Void LevelSelectionEditModeTests::ButtonIsInteractable()</Name>
              <FileRef uid="17" />
              <SequencePoints>
                <SequencePoint vc="1" uspid="2117" ordinal="0" offset="0" sl="29" sc="9" el="29" ec="9" bec="0" bev="0" fileid="17" />
                <SequencePoint vc="1" uspid="2118" ordinal="0" offset="5" sl="30" sc="9" el="30" ec="9" bec="0" bev="0" fileid="17" />
                <SequencePoint vc="1" uspid="2119" ordinal="0" offset="10" sl="32" sc="9" el="32" ec="9" bec="0" bev="0" fileid="17" />
                <SequencePoint vc="1" uspid="2120" ordinal="0" offset="17" sl="34" sc="9" el="34" ec="9" bec="0" bev="0" fileid="17" />
                <SequencePoint vc="1" uspid="2121" ordinal="0" offset="37" sl="37" sc="5" el="37" ec="5" bec="0" bev="0" fileid="17" />
              </SequencePoints>
              <BranchPoints />
            </Method>
            <Method visited="true" cyclomaticComplexity="0" nPathComplexity="0" sequenceCoverage="100.0" branchCoverage="0" crapScore="0" isConstructor="false" isStatic="false" isGetter="false" isSetter="false">
              <Summary numSequencePoints="5" visitedSequencePoints="5" numBranchPoints="0" visitedBranchPoints="0" sequenceCoverage="100.0" branchCoverage="0" maxCyclomaticComplexity="0" minCyclomaticComplexity="0" maxCrapScore="0" minCrapScore="0" visitedClasses="0" numClasses="0" visitedMethods="1" numMethods="1" />
              <MetadataToken>100663310</MetadataToken>
              <Name>System.Void LevelSelectionEditModeTests::ButtonIsNotInteractable()</Name>
              <FileRef uid="17" />
              <SequencePoints>
                <SequencePoint vc="1" uspid="2122" ordinal="0" offset="0" sl="43" sc="9" el="43" ec="9" bec="0" bev="0" fileid="17" />
                <SequencePoint vc="1" uspid="2123" ordinal="0" offset="5" sl="44" sc="9" el="44" ec="9" bec="0" bev="0" fileid="17" />
                <SequencePoint vc="1" uspid="2124" ordinal="0" offset="10" sl="46" sc="9" el="46" ec="9" bec="0" bev="0" fileid="17" />
                <SequencePoint vc="1" uspid="2125" ordinal="0" offset="17" sl="48" sc="9" el="48" ec="9" bec="0" bev="0" fileid="17" />
                <SequencePoint vc="1" uspid="2126" ordinal="0" offset="37" sl="51" sc="5" el="51" ec="5" bec="0" bev="0" fileid="17" />
              </SequencePoints>
              <BranchPoints />
            </Method>
          </Methods>
        </Class>
      </Classes>
    </Module>
    <Module>
      <Summary numSequencePoints="49" visitedSequencePoints="46" numBranchPoints="0" visitedBranchPoints="0" sequenceCoverage="93.88" branchCoverage="0.0" maxCyclomaticComplexity="0" minCyclomaticComplexity="0" maxCrapScore="0" minCrapScore="0" visitedClasses="5" numClasses="5" visitedMethods="7" numMethods="7" />
      <ModuleTime>0001-01-01T00:00:00</ModuleTime>
      <ModuleName>PlayMode</ModuleName>
      <Files>
        <File uid="19" fullPath="/Users/ninaperone/Desktop/section-005-morris-projects-LiftQuest/LiftQuest/Assets/Tests/PlayMode/DatabasePlayModeTests.cs" />
        <File uid="20" fullPath="/Users/ninaperone/Desktop/section-005-morris-projects-LiftQuest/LiftQuest/Assets/Tests/PlayMode/LevelSelectionPlayModeTests.cs" />
      </Files>
      <Classes>
        <Class>
          <Summary numSequencePoints="17" visitedSequencePoints="17" numBranchPoints="0" visitedBranchPoints="0" sequenceCoverage="100.0" branchCoverage="0.0" maxCyclomaticComplexity="0" minCyclomaticComplexity="0" maxCrapScore="0" minCrapScore="0" visitedClasses="1" numClasses="1" visitedMethods="3" numMethods="3" />
          <FullName>DatabaseManagerPlayModeTests</FullName>
          <Methods>
            <Method visited="true" cyclomaticComplexity="0" nPathComplexity="0" sequenceCoverage="100.0" branchCoverage="0" crapScore="0" isConstructor="false" isStatic="false" isGetter="false" isSetter="false">
              <Summary numSequencePoints="12" visitedSequencePoints="12" numBranchPoints="0" visitedBranchPoints="0" sequenceCoverage="100.0" branchCoverage="0" maxCyclomaticComplexity="0" minCyclomaticComplexity="0" maxCrapScore="0" minCrapScore="0" visitedClasses="0" numClasses="0" visitedMethods="1" numMethods="1" />
              <MetadataToken>100663297</MetadataToken>
              <Name>System.Void DatabaseManagerPlayModeTests::SetUp()</Name>
              <FileRef uid="19" />
              <SequencePoints>
                <SequencePoint vc="3" uspid="2304" ordinal="0" offset="0" sl="15" sc="9" el="15" ec="9" bec="0" bev="0" fileid="19" />
                <SequencePoint vc="3" uspid="2305" ordinal="0" offset="16" sl="16" sc="9" el="16" ec="9" bec="0" bev="0" fileid="19" />
                <SequencePoint vc="3" uspid="2306" ordinal="0" offset="33" sl="19" sc="9" el="19" ec="9" bec="0" bev="0" fileid="19" />
                <SequencePoint vc="3" uspid="2307" ordinal="0" offset="55" sl="20" sc="9" el="20" ec="9" bec="0" bev="0" fileid="19" />
                <SequencePoint vc="3" uspid="2308" ordinal="0" offset="77" sl="21" sc="9" el="21" ec="9" bec="0" bev="0" fileid="19" />
                <SequencePoint vc="3" uspid="2309" ordinal="0" offset="99" sl="23" sc="9" el="23" ec="9" bec="0" bev="0" fileid="19" />
                <SequencePoint vc="3" uspid="2310" ordinal="0" offset="121" sl="24" sc="9" el="24" ec="9" bec="0" bev="0" fileid="19" />
                <SequencePoint vc="3" uspid="2311" ordinal="0" offset="143" sl="25" sc="9" el="25" ec="9" bec="0" bev="0" fileid="19" />
                <SequencePoint vc="3" uspid="2312" ordinal="0" offset="165" sl="26" sc="9" el="26" ec="9" bec="0" bev="0" fileid="19" />
                <SequencePoint vc="3" uspid="2313" ordinal="0" offset="187" sl="28" sc="9" el="28" ec="9" bec="0" bev="0" fileid="19" />
                <SequencePoint vc="3" uspid="2314" ordinal="0" offset="209" sl="29" sc="9" el="29" ec="9" bec="0" bev="0" fileid="19" />
                <SequencePoint vc="3" uspid="2315" ordinal="0" offset="231" sl="30" sc="5" el="30" ec="5" bec="0" bev="0" fileid="19" />
              </SequencePoints>
              <BranchPoints />
            </Method>
            <Method visited="true" cyclomaticComplexity="0" nPathComplexity="0" sequenceCoverage="100.0" branchCoverage="0" crapScore="0" isConstructor="false" isStatic="false" isGetter="false" isSetter="false">
              <Summary numSequencePoints="2" visitedSequencePoints="2" numBranchPoints="0" visitedBranchPoints="0" sequenceCoverage="100.0" branchCoverage="0" maxCyclomaticComplexity="0" minCyclomaticComplexity="0" maxCrapScore="0" minCrapScore="0" visitedClasses="0" numClasses="0" visitedMethods="1" numMethods="1" />
              <MetadataToken>100663298</MetadataToken>
              <Name>System.Void DatabaseManagerPlayModeTests::TearDown()</Name>
              <FileRef uid="19" />
              <SequencePoints>
                <SequencePoint vc="3" uspid="2316" ordinal="0" offset="0" sl="35" sc="9" el="35" ec="9" bec="0" bev="0" fileid="19" />
                <SequencePoint vc="3" uspid="2317" ordinal="0" offset="11" sl="36" sc="5" el="36" ec="5" bec="0" bev="0" fileid="19" />
              </SequencePoints>
              <BranchPoints />
            </Method>
            <Method visited="true" cyclomaticComplexity="0" nPathComplexity="0" sequenceCoverage="100.0" branchCoverage="0" crapScore="0" isConstructor="false" isStatic="false" isGetter="false" isSetter="false">
              <Summary numSequencePoints="3" visitedSequencePoints="3" numBranchPoints="0" visitedBranchPoints="0" sequenceCoverage="100.0" branchCoverage="0" maxCyclomaticComplexity="0" minCyclomaticComplexity="0" maxCrapScore="0" minCrapScore="0" visitedClasses="0" numClasses="0" visitedMethods="1" numMethods="1" />
              <MetadataToken>100663299</MetadataToken>
              <Name>UnityEngine.UI.InputField DatabaseManagerPlayModeTests::CreateInputField(System.String)</Name>
              <FileRef uid="19" />
              <SequencePoints>
                <SequencePoint vc="27" uspid="2318" ordinal="0" offset="0" sl="40" sc="9" el="40" ec="9" bec="0" bev="0" fileid="19" />
                <SequencePoint vc="27" uspid="2319" ordinal="0" offset="6" sl="41" sc="9" el="41" ec="9" bec="0" bev="0" fileid="19" />
                <SequencePoint vc="27" uspid="2320" ordinal="0" offset="11" sl="42" sc="9" el="42" ec="9" bec="0" bev="0" fileid="19" />
              </SequencePoints>
              <BranchPoints />
            </Method>
          </Methods>
        </Class>
        <Class>
          <Summary numSequencePoints="7" visitedSequencePoints="7" numBranchPoints="0" visitedBranchPoints="0" sequenceCoverage="100.0" branchCoverage="0.0" maxCyclomaticComplexity="0" minCyclomaticComplexity="0" maxCrapScore="0" minCrapScore="0" visitedClasses="1" numClasses="1" visitedMethods="1" numMethods="1" />
          <FullName>DatabaseManagerPlayModeTests/&lt;Create_Profile_Empty_Username_Should_Log_Error&gt;d__5</FullName>
          <Methods>
            <Method visited="true" cyclomaticComplexity="0" nPathComplexity="0" sequenceCoverage="100.0" branchCoverage="0" crapScore="0" isConstructor="false" isStatic="false" isGetter="false" isSetter="false">
              <Summary numSequencePoints="7" visitedSequencePoints="7" numBranchPoints="0" visitedBranchPoints="0" sequenceCoverage="100.0" branchCoverage="0" maxCyclomaticComplexity="0" minCyclomaticComplexity="0" maxCrapScore="0" minCrapScore="0" visitedClasses="0" numClasses="0" visitedMethods="1" numMethods="1" />
              <MetadataToken>100663311</MetadataToken>
              <Name>System.Boolean DatabaseManagerPlayModeTests/&lt;Create_Profile_Empty_Username_Should_Log_Error&gt;d__5::MoveNext()</Name>
              <FileRef uid="19" />
              <SequencePoints>
                <SequencePoint vc="1" uspid="2321" ordinal="0" offset="30" sl="48" sc="9" el="48" ec="9" bec="0" bev="0" fileid="19" />
                <SequencePoint vc="1" uspid="2322" ordinal="0" offset="51" sl="49" sc="9" el="49" ec="9" bec="0" bev="0" fileid="19" />
                <SequencePoint vc="1" uspid="2323" ordinal="0" offset="72" sl="50" sc="9" el="50" ec="9" bec="0" bev="0" fileid="19" />
                <SequencePoint vc="1" uspid="2324" ordinal="0" offset="93" sl="52" sc="9" el="52" ec="9" bec="0" bev="0" fileid="19" />
                <SequencePoint vc="1" uspid="2325" ordinal="0" offset="104" sl="53" sc="9" el="53" ec="9" bec="0" bev="0" fileid="19" />
                <SequencePoint vc="1" uspid="2326" ordinal="0" offset="115" sl="55" sc="9" el="55" ec="9" bec="0" bev="0" fileid="19" />
                <SequencePoint vc="1" uspid="2327" ordinal="0" offset="138" sl="56" sc="5" el="56" ec="5" bec="0" bev="0" fileid="19" />
              </SequencePoints>
              <BranchPoints />
            </Method>
          </Methods>
        </Class>
        <Class>
          <Summary numSequencePoints="7" visitedSequencePoints="7" numBranchPoints="0" visitedBranchPoints="0" sequenceCoverage="100.0" branchCoverage="0.0" maxCyclomaticComplexity="0" minCyclomaticComplexity="0" maxCrapScore="0" minCrapScore="0" visitedClasses="1" numClasses="1" visitedMethods="1" numMethods="1" />
          <FullName>DatabaseManagerPlayModeTests/&lt;Create_Profile_Mismatched_Passwords_Should_Log_Error&gt;d__6</FullName>
          <Methods>
            <Method visited="true" cyclomaticComplexity="0" nPathComplexity="0" sequenceCoverage="100.0" branchCoverage="0" crapScore="0" isConstructor="false" isStatic="false" isGetter="false" isSetter="false">
              <Summary numSequencePoints="7" visitedSequencePoints="7" numBranchPoints="0" visitedBranchPoints="0" sequenceCoverage="100.0" branchCoverage="0" maxCyclomaticComplexity="0" minCyclomaticComplexity="0" maxCrapScore="0" minCrapScore="0" visitedClasses="0" numClasses="0" visitedMethods="1" numMethods="1" />
              <MetadataToken>100663317</MetadataToken>
              <Name>System.Boolean DatabaseManagerPlayModeTests/&lt;Create_Profile_Mismatched_Passwords_Should_Log_Error&gt;d__6::MoveNext()</Name>
              <FileRef uid="19" />
              <SequencePoints>
                <SequencePoint vc="1" uspid="2328" ordinal="0" offset="30" sl="61" sc="9" el="61" ec="9" bec="0" bev="0" fileid="19" />
                <SequencePoint vc="1" uspid="2329" ordinal="0" offset="51" sl="62" sc="9" el="62" ec="9" bec="0" bev="0" fileid="19" />
                <SequencePoint vc="1" uspid="2330" ordinal="0" offset="72" sl="63" sc="9" el="63" ec="9" bec="0" bev="0" fileid="19" />
                <SequencePoint vc="1" uspid="2331" ordinal="0" offset="93" sl="65" sc="9" el="65" ec="9" bec="0" bev="0" fileid="19" />
                <SequencePoint vc="1" uspid="2332" ordinal="0" offset="104" sl="66" sc="9" el="66" ec="9" bec="0" bev="0" fileid="19" />
                <SequencePoint vc="1" uspid="2333" ordinal="0" offset="115" sl="68" sc="9" el="68" ec="9" bec="0" bev="0" fileid="19" />
                <SequencePoint vc="1" uspid="2334" ordinal="0" offset="138" sl="69" sc="5" el="69" ec="5" bec="0" bev="0" fileid="19" />
              </SequencePoints>
              <BranchPoints />
            </Method>
          </Methods>
        </Class>
        <Class>
          <Summary numSequencePoints="5" visitedSequencePoints="5" numBranchPoints="0" visitedBranchPoints="0" sequenceCoverage="100.0" branchCoverage="0.0" maxCyclomaticComplexity="0" minCyclomaticComplexity="0" maxCrapScore="0" minCrapScore="0" visitedClasses="1" numClasses="1" visitedMethods="1" numMethods="1" />
          <FullName>DatabaseManagerPlayModeTests/&lt;Logout_Clears_ProfileID&gt;d__7</FullName>
          <Methods>
            <Method visited="true" cyclomaticComplexity="0" nPathComplexity="0" sequenceCoverage="100.0" branchCoverage="0" crapScore="0" isConstructor="false" isStatic="false" isGetter="false" isSetter="false">
              <Summary numSequencePoints="5" visitedSequencePoints="5" numBranchPoints="0" visitedBranchPoints="0" sequenceCoverage="100.0" branchCoverage="0" maxCyclomaticComplexity="0" minCyclomaticComplexity="0" maxCrapScore="0" minCrapScore="0" visitedClasses="0" numClasses="0" visitedMethods="1" numMethods="1" />
              <MetadataToken>100663323</MetadataToken>
              <Name>System.Boolean DatabaseManagerPlayModeTests/&lt;Logout_Clears_ProfileID&gt;d__7::MoveNext()</Name>
              <FileRef uid="19" />
              <SequencePoints>
                <SequencePoint vc="1" uspid="2335" ordinal="0" offset="30" sl="74" sc="9" el="74" ec="9" bec="0" bev="0" fileid="19" />
                <SequencePoint vc="1" uspid="2336" ordinal="0" offset="45" sl="75" sc="9" el="75" ec="9" bec="0" bev="0" fileid="19" />
                <SequencePoint vc="1" uspid="2337" ordinal="0" offset="56" sl="77" sc="9" el="77" ec="9" bec="0" bev="0" fileid="19" />
                <SequencePoint vc="1" uspid="2338" ordinal="0" offset="79" sl="79" sc="9" el="79" ec="9" bec="0" bev="0" fileid="19" />
                <SequencePoint vc="1" uspid="2339" ordinal="0" offset="94" sl="80" sc="5" el="80" ec="5" bec="0" bev="0" fileid="19" />
              </SequencePoints>
              <BranchPoints />
            </Method>
          </Methods>
        </Class>
        <Class>
          <Summary numSequencePoints="13" visitedSequencePoints="10" numBranchPoints="0" visitedBranchPoints="0" sequenceCoverage="76.92" branchCoverage="0.0" maxCyclomaticComplexity="0" minCyclomaticComplexity="0" maxCrapScore="0" minCrapScore="0" visitedClasses="1" numClasses="1" visitedMethods="1" numMethods="1" />
          <FullName>LevelSelectionPlayModeTests/&lt;VerifySceneChange&gt;d__0</FullName>
          <Methods>
            <Method visited="true" cyclomaticComplexity="0" nPathComplexity="0" sequenceCoverage="76.92" branchCoverage="0" crapScore="0" isConstructor="false" isStatic="false" isGetter="false" isSetter="false">
              <Summary numSequencePoints="13" visitedSequencePoints="10" numBranchPoints="0" visitedBranchPoints="0" sequenceCoverage="76.92" branchCoverage="0" maxCyclomaticComplexity="0" minCyclomaticComplexity="0" maxCrapScore="0" minCrapScore="0" visitedClasses="0" numClasses="0" visitedMethods="1" numMethods="1" />
              <MetadataToken>100663329</MetadataToken>
              <Name>System.Boolean LevelSelectionPlayModeTests/&lt;VerifySceneChange&gt;d__0::MoveNext()</Name>
              <FileRef uid="20" />
              <SequencePoints>
                <SequencePoint vc="1" uspid="2340" ordinal="0" offset="46" sl="16" sc="13" el="16" ec="13" bec="0" bev="0" fileid="20" />
                <SequencePoint vc="1" uspid="2341" ordinal="0" offset="56" sl="17" sc="13" el="17" ec="13" bec="0" bev="0" fileid="20" />
                <SequencePoint vc="1" uspid="2342" ordinal="0" offset="88" sl="19" sc="13" el="19" ec="13" bec="0" bev="0" fileid="20" />
                <SequencePoint vc="1" uspid="2343" ordinal="0" offset="101" sl="20" sc="13" el="20" ec="13" bec="0" bev="0" fileid="20" />
                <SequencePoint vc="1" uspid="2344" ordinal="0" offset="116" sl="21" sc="13" el="21" ec="13" bec="0" bev="0" fileid="20" />
                <SequencePoint vc="1" uspid="2345" ordinal="0" offset="148" sl="23" sc="13" el="23" ec="13" bec="0" bev="0" fileid="20" />
                <SequencePoint vc="1" uspid="2346" ordinal="0" offset="163" sl="24" sc="13" el="24" ec="13" bec="0" bev="0" fileid="20" />
                <SequencePoint vc="1" uspid="2347" ordinal="0" offset="173" sl="25" sc="13" el="25" ec="13" bec="0" bev="0" fileid="20" />
                <SequencePoint vc="1" uspid="2348" ordinal="0" offset="205" sl="28" sc="13" el="28" ec="13" bec="0" bev="0" fileid="20" />
                <SequencePoint vc="1" uspid="2349" ordinal="0" offset="224" sl="29" sc="13" el="29" ec="13" bec="0" bev="0" fileid="20" />
                <SequencePoint vc="0" uspid="2350" ordinal="0" offset="256" sl="31" sc="13" el="31" ec="13" bec="0" bev="0" fileid="20" />
                <SequencePoint vc="0" uspid="2351" ordinal="0" offset="277" sl="32" sc="13" el="32" ec="13" bec="0" bev="0" fileid="20" />
                <SequencePoint vc="0" uspid="2352" ordinal="0" offset="309" sl="33" sc="9" el="33" ec="9" bec="0" bev="0" fileid="20" />
              </SequencePoints>
              <BranchPoints />
            </Method>
          </Methods>
        </Class>
      </Classes>
    </Module>
    <Module>
      <Summary numSequencePoints="293" visitedSequencePoints="185" numBranchPoints="0" visitedBranchPoints="0" sequenceCoverage="63.14" branchCoverage="0.0" maxCyclomaticComplexity="0" minCyclomaticComplexity="0" maxCrapScore="0" minCrapScore="0" visitedClasses="15" numClasses="15" visitedMethods="43" numMethods="43" />
      <ModuleTime>0001-01-01T00:00:00</ModuleTime>
      <ModuleName>Scripts</ModuleName>
      <Files>
        <File uid="21" fullPath="/Users/ninaperone/Desktop/section-005-morris-projects-LiftQuest/LiftQuest/Assets/Scripts/AudioManager.cs" />
        <File uid="22" fullPath="/Users/ninaperone/Desktop/section-005-morris-projects-LiftQuest/LiftQuest/Assets/Scripts/BicepCurlDetector.cs" />
        <File uid="23" fullPath="/Users/ninaperone/Desktop/section-005-morris-projects-LiftQuest/LiftQuest/Assets/Scripts/ButtonSFX.cs" />
        <File uid="24" fullPath="/Users/ninaperone/Desktop/section-005-morris-projects-LiftQuest/LiftQuest/Assets/Scripts/ButtonSound.cs" />
        <File uid="25" fullPath="/Users/ninaperone/Desktop/section-005-morris-projects-LiftQuest/LiftQuest/Assets/Scripts/ChangeScene.cs" />
        <File uid="26" fullPath="/Users/ninaperone/Desktop/section-005-morris-projects-LiftQuest/LiftQuest/Assets/Scripts/DatabaseManager.cs" />
        <File uid="27" fullPath="/Users/ninaperone/Desktop/section-005-morris-projects-LiftQuest/LiftQuest/Assets/Scripts/ESPHomeAPI.cs" />
        <File uid="28" fullPath="/Users/ninaperone/Desktop/section-005-morris-projects-LiftQuest/LiftQuest/Assets/Scripts/GameManager.cs" />
        <File uid="29" fullPath="/Users/ninaperone/Desktop/section-005-morris-projects-LiftQuest/LiftQuest/Assets/Scripts/LevelButton.cs" />
        <File uid="30" fullPath="/Users/ninaperone/Desktop/section-005-morris-projects-LiftQuest/LiftQuest/Assets/Scripts/LevelSelectionMenu.cs" />
        <File uid="31" fullPath="/Users/ninaperone/Desktop/section-005-morris-projects-LiftQuest/LiftQuest/Assets/Scripts/MainMenu.cs" />
        <File uid="32" fullPath="/Users/ninaperone/Desktop/section-005-morris-projects-LiftQuest/LiftQuest/Assets/Scripts/Monster.cs" />
        <File uid="33" fullPath="/Users/ninaperone/Desktop/section-005-morris-projects-LiftQuest/LiftQuest/Assets/Scripts/MoveToNextLevel.cs" />
        <File uid="34" fullPath="/Users/ninaperone/Desktop/section-005-morris-projects-LiftQuest/LiftQuest/Assets/Scripts/ParallaxBackground.cs" />
        <File uid="35" fullPath="/Users/ninaperone/Desktop/section-005-morris-projects-LiftQuest/LiftQuest/Assets/Scripts/Player.cs" />
        <File uid="36" fullPath="/Users/ninaperone/Desktop/section-005-morris-projects-LiftQuest/LiftQuest/Assets/Scripts/Profile.cs" />
        <File uid="37" fullPath="/Users/ninaperone/Desktop/section-005-morris-projects-LiftQuest/LiftQuest/Assets/Scripts/ProfileManager.cs" />
        <File uid="38" fullPath="/Users/ninaperone/Desktop/section-005-morris-projects-LiftQuest/LiftQuest/Assets/Scripts/Receiver.cs" />
        <File uid="39" fullPath="/Users/ninaperone/Desktop/section-005-morris-projects-LiftQuest/LiftQuest/Assets/Scripts/ResetButton.cs" />
        <File uid="40" fullPath="/Users/ninaperone/Desktop/section-005-morris-projects-LiftQuest/LiftQuest/Assets/Scripts/SceneManagerScript.cs" />
        <File uid="41" fullPath="/Users/ninaperone/Desktop/section-005-morris-projects-LiftQuest/LiftQuest/Assets/Scripts/TitleManager.cs" />
        <File uid="42" fullPath="/Users/ninaperone/Desktop/section-005-morris-projects-LiftQuest/LiftQuest/Assets/Scripts/UIManager.cs" />
        <File uid="43" fullPath="/Users/ninaperone/Desktop/section-005-morris-projects-LiftQuest/LiftQuest/Assets/Scripts/UnityMainThreadDispatcher.cs" />
      </Files>
      <Classes>
        <Class>
          <Summary numSequencePoints="40" visitedSequencePoints="18" numBranchPoints="0" visitedBranchPoints="0" sequenceCoverage="45.00" branchCoverage="0.0" maxCyclomaticComplexity="0" minCyclomaticComplexity="0" maxCrapScore="0" minCrapScore="0" visitedClasses="1" numClasses="1" visitedMethods="3" numMethods="3" />
          <FullName>AudioManager</FullName>
          <Methods>
            <Method visited="true" cyclomaticComplexity="0" nPathComplexity="0" sequenceCoverage="100.0" branchCoverage="0" crapScore="0" isConstructor="false" isStatic="false" isGetter="false" isSetter="false">
              <Summary numSequencePoints="7" visitedSequencePoints="7" numBranchPoints="0" visitedBranchPoints="0" sequenceCoverage="100.0" branchCoverage="0" maxCyclomaticComplexity="0" minCyclomaticComplexity="0" maxCrapScore="0" minCrapScore="0" visitedClasses="0" numClasses="0" visitedMethods="1" numMethods="1" />
              <MetadataToken>100663297</MetadataToken>
              <Name>System.Void AudioManager::Awake()</Name>
              <FileRef uid="21" />
              <SequencePoints>
                <SequencePoint vc="2" uspid="2367" ordinal="0" offset="0" sl="26" sc="9" el="26" ec="9" bec="0" bev="0" fileid="21" />
                <SequencePoint vc="1" uspid="2368" ordinal="0" offset="26" sl="28" sc="13" el="28" ec="13" bec="0" bev="0" fileid="21" />
                <SequencePoint vc="1" uspid="2369" ordinal="0" offset="37" sl="29" sc="13" el="29" ec="13" bec="0" bev="0" fileid="21" />
                <SequencePoint vc="1" uspid="2370" ordinal="0" offset="38" sl="33" sc="13" el="33" ec="13" bec="0" bev="0" fileid="21" />
                <SequencePoint vc="1" uspid="2371" ordinal="0" offset="44" sl="35" sc="9" el="35" ec="9" bec="0" bev="0" fileid="21" />
                <SequencePoint vc="1" uspid="2372" ordinal="0" offset="55" sl="36" sc="9" el="36" ec="9" bec="0" bev="0" fileid="21" />
                <SequencePoint vc="1" uspid="2373" ordinal="0" offset="72" sl="37" sc="5" el="37" ec="5" bec="0" bev="0" fileid="21" />
              </SequencePoints>
              <BranchPoints />
            </Method>
            <Method visited="true" cyclomaticComplexity="0" nPathComplexity="0" sequenceCoverage="29.03" branchCoverage="0" crapScore="0" isConstructor="false" isStatic="false" isGetter="false" isSetter="false">
              <Summary numSequencePoints="31" visitedSequencePoints="9" numBranchPoints="0" visitedBranchPoints="0" sequenceCoverage="29.03" branchCoverage="0" maxCyclomaticComplexity="0" minCyclomaticComplexity="0" maxCrapScore="0" minCrapScore="0" visitedClasses="0" numClasses="0" visitedMethods="1" numMethods="1" />
              <MetadataToken>100663298</MetadataToken>
              <Name>System.Void AudioManager::OnSceneLoaded(UnityEngine.SceneManagement.Scene, UnityEngine.SceneManagement.LoadSceneMode)</Name>
              <FileRef uid="21" />
              <SequencePoints>
                <SequencePoint vc="2" uspid="2374" ordinal="0" offset="0" sl="43" sc="9" el="43" ec="9" bec="0" bev="0" fileid="21" />
                <SequencePoint vc="1" uspid="2375" ordinal="0" offset="255" sl="46" sc="17" el="46" ec="17" bec="0" bev="0" fileid="21" />
                <SequencePoint vc="1" uspid="2376" ordinal="0" offset="266" sl="47" sc="17" el="47" ec="17" bec="0" bev="0" fileid="21" />
                <SequencePoint vc="1" uspid="2377" ordinal="0" offset="283" sl="48" sc="17" el="48" ec="17" bec="0" bev="0" fileid="21" />
                <SequencePoint vc="1" uspid="2378" ordinal="0" offset="294" sl="49" sc="17" el="49" ec="17" bec="0" bev="0" fileid="21" />
                <SequencePoint vc="0" uspid="2379" ordinal="0" offset="295" sl="51" sc="17" el="51" ec="17" bec="0" bev="0" fileid="21" />
                <SequencePoint vc="0" uspid="2380" ordinal="0" offset="306" sl="52" sc="17" el="52" ec="17" bec="0" bev="0" fileid="21" />
                <SequencePoint vc="0" uspid="2381" ordinal="0" offset="323" sl="53" sc="17" el="53" ec="17" bec="0" bev="0" fileid="21" />
                <SequencePoint vc="0" uspid="2382" ordinal="0" offset="334" sl="54" sc="17" el="54" ec="17" bec="0" bev="0" fileid="21" />
                <SequencePoint vc="1" uspid="2383" ordinal="0" offset="335" sl="56" sc="17" el="56" ec="17" bec="0" bev="0" fileid="21" />
                <SequencePoint vc="1" uspid="2384" ordinal="0" offset="346" sl="57" sc="17" el="57" ec="17" bec="0" bev="0" fileid="21" />
                <SequencePoint vc="1" uspid="2385" ordinal="0" offset="363" sl="58" sc="17" el="58" ec="17" bec="0" bev="0" fileid="21" />
                <SequencePoint vc="1" uspid="2386" ordinal="0" offset="374" sl="59" sc="17" el="59" ec="17" bec="0" bev="0" fileid="21" />
                <SequencePoint vc="0" uspid="2387" ordinal="0" offset="375" sl="61" sc="17" el="61" ec="17" bec="0" bev="0" fileid="21" />
                <SequencePoint vc="0" uspid="2388" ordinal="0" offset="386" sl="62" sc="17" el="62" ec="17" bec="0" bev="0" fileid="21" />
                <SequencePoint vc="0" uspid="2389" ordinal="0" offset="403" sl="63" sc="17" el="63" ec="17" bec="0" bev="0" fileid="21" />
                <SequencePoint vc="0" uspid="2390" ordinal="0" offset="414" sl="64" sc="17" el="64" ec="17" bec="0" bev="0" fileid="21" />
                <SequencePoint vc="0" uspid="2391" ordinal="0" offset="415" sl="66" sc="17" el="66" ec="17" bec="0" bev="0" fileid="21" />
                <SequencePoint vc="0" uspid="2392" ordinal="0" offset="426" sl="67" sc="17" el="67" ec="17" bec="0" bev="0" fileid="21" />
                <SequencePoint vc="0" uspid="2393" ordinal="0" offset="443" sl="68" sc="17" el="68" ec="17" bec="0" bev="0" fileid="21" />
                <SequencePoint vc="0" uspid="2394" ordinal="0" offset="454" sl="69" sc="17" el="69" ec="17" bec="0" bev="0" fileid="21" />
                <SequencePoint vc="0" uspid="2395" ordinal="0" offset="455" sl="71" sc="17" el="71" ec="17" bec="0" bev="0" fileid="21" />
                <SequencePoint vc="0" uspid="2396" ordinal="0" offset="466" sl="72" sc="17" el="72" ec="17" bec="0" bev="0" fileid="21" />
                <SequencePoint vc="0" uspid="2397" ordinal="0" offset="483" sl="73" sc="17" el="73" ec="17" bec="0" bev="0" fileid="21" />
                <SequencePoint vc="0" uspid="2398" ordinal="0" offset="494" sl="74" sc="17" el="74" ec="17" bec="0" bev="0" fileid="21" />
                <SequencePoint vc="0" uspid="2399" ordinal="0" offset="495" sl="76" sc="17" el="76" ec="17" bec="0" bev="0" fileid="21" />
                <SequencePoint vc="0" uspid="2400" ordinal="0" offset="506" sl="77" sc="17" el="77" ec="17" bec="0" bev="0" fileid="21" />
                <SequencePoint vc="0" uspid="2401" ordinal="0" offset="523" sl="78" sc="17" el="78" ec="17" bec="0" bev="0" fileid="21" />
                <SequencePoint vc="0" uspid="2402" ordinal="0" offset="534" sl="79" sc="17" el="79" ec="17" bec="0" bev="0" fileid="21" />
                <SequencePoint vc="0" uspid="2403" ordinal="0" offset="535" sl="81" sc="17" el="81" ec="17" bec="0" bev="0" fileid="21" />
                <SequencePoint vc="0" uspid="2404" ordinal="0" offset="545" sl="94" sc="5" el="94" ec="5" bec="0" bev="0" fileid="21" />
              </SequencePoints>
              <BranchPoints />
            </Method>
            <Method visited="true" cyclomaticComplexity="0" nPathComplexity="0" sequenceCoverage="100.0" branchCoverage="0" crapScore="0" isConstructor="false" isStatic="false" isGetter="false" isSetter="false">
              <Summary numSequencePoints="2" visitedSequencePoints="2" numBranchPoints="0" visitedBranchPoints="0" sequenceCoverage="100.0" branchCoverage="0" maxCyclomaticComplexity="0" minCyclomaticComplexity="0" maxCrapScore="0" minCrapScore="0" visitedClasses="0" numClasses="0" visitedMethods="1" numMethods="1" />
              <MetadataToken>100663299</MetadataToken>
              <Name>System.Void AudioManager::OnDestroy()</Name>
              <FileRef uid="21" />
              <SequencePoints>
                <SequencePoint vc="2" uspid="2405" ordinal="0" offset="0" sl="97" sc="9" el="97" ec="9" bec="0" bev="0" fileid="21" />
                <SequencePoint vc="2" uspid="2406" ordinal="0" offset="17" sl="98" sc="5" el="98" ec="5" bec="0" bev="0" fileid="21" />
              </SequencePoints>
              <BranchPoints />
            </Method>
          </Methods>
        </Class>
        <Class>
          <Summary numSequencePoints="1" visitedSequencePoints="1" numBranchPoints="0" visitedBranchPoints="0" sequenceCoverage="100.0" branchCoverage="0.0" maxCyclomaticComplexity="0" minCyclomaticComplexity="0" maxCrapScore="0" minCrapScore="0" visitedClasses="1" numClasses="1" visitedMethods="1" numMethods="1" />
          <FullName>BicepCurlDetector</FullName>
          <Methods>
            <Method visited="true" cyclomaticComplexity="0" nPathComplexity="0" sequenceCoverage="100.0" branchCoverage="0" crapScore="0" isConstructor="true" isStatic="false" isGetter="false" isSetter="false">
              <Summary numSequencePoints="1" visitedSequencePoints="1" numBranchPoints="0" visitedBranchPoints="0" sequenceCoverage="100.0" branchCoverage="0" maxCyclomaticComplexity="0" minCyclomaticComplexity="0" maxCrapScore="0" minCrapScore="0" visitedClasses="0" numClasses="0" visitedMethods="1" numMethods="1" />
              <MetadataToken>100663306</MetadataToken>
              <Name>BicepCurlDetector::BicepCurlDetector()</Name>
              <FileRef uid="22" />
              <SequencePoints>
                <SequencePoint vc="1" uspid="2432" ordinal="0" offset="0" sl="10" sc="5" el="10" ec="5" bec="0" bev="0" fileid="22" />
              </SequencePoints>
              <BranchPoints />
            </Method>
          </Methods>
        </Class>
        <Class>
          <Summary numSequencePoints="4" visitedSequencePoints="4" numBranchPoints="0" visitedBranchPoints="0" sequenceCoverage="100.0" branchCoverage="0.0" maxCyclomaticComplexity="0" minCyclomaticComplexity="0" maxCrapScore="0" minCrapScore="0" visitedClasses="1" numClasses="1" visitedMethods="2" numMethods="2" />
          <FullName>ButtonPress</FullName>
          <Methods>
            <Method visited="true" cyclomaticComplexity="0" nPathComplexity="0" sequenceCoverage="100.0" branchCoverage="0" crapScore="0" isConstructor="false" isStatic="false" isGetter="false" isSetter="false">
              <Summary numSequencePoints="1" visitedSequencePoints="1" numBranchPoints="0" visitedBranchPoints="0" sequenceCoverage="100.0" branchCoverage="0" maxCyclomaticComplexity="0" minCyclomaticComplexity="0" maxCrapScore="0" minCrapScore="0" visitedClasses="0" numClasses="0" visitedMethods="1" numMethods="1" />
              <MetadataToken>100663307</MetadataToken>
              <Name>System.Void ButtonPress::Awake()</Name>
              <FileRef uid="23" />
              <SequencePoints>
                <SequencePoint vc="1" uspid="2433" ordinal="0" offset="0" sl="11" sc="5" el="11" ec="5" bec="0" bev="0" fileid="23" />
              </SequencePoints>
              <BranchPoints />
            </Method>
            <Method visited="true" cyclomaticComplexity="0" nPathComplexity="0" sequenceCoverage="100.0" branchCoverage="0" crapScore="0" isConstructor="false" isStatic="false" isGetter="false" isSetter="false">
              <Summary numSequencePoints="3" visitedSequencePoints="3" numBranchPoints="0" visitedBranchPoints="0" sequenceCoverage="100.0" branchCoverage="0" maxCyclomaticComplexity="0" minCyclomaticComplexity="0" maxCrapScore="0" minCrapScore="0" visitedClasses="0" numClasses="0" visitedMethods="1" numMethods="1" />
              <MetadataToken>100663308</MetadataToken>
              <Name>System.Void ButtonPress::playButtonSound()</Name>
              <FileRef uid="23" />
              <SequencePoints>
                <SequencePoint vc="1" uspid="2434" ordinal="0" offset="0" sl="14" sc="9" el="14" ec="9" bec="0" bev="0" fileid="23" />
                <SequencePoint vc="1" uspid="2435" ordinal="0" offset="17" sl="15" sc="9" el="15" ec="9" bec="0" bev="0" fileid="23" />
                <SequencePoint vc="1" uspid="2436" ordinal="0" offset="28" sl="16" sc="5" el="16" ec="5" bec="0" bev="0" fileid="23" />
              </SequencePoints>
              <BranchPoints />
            </Method>
          </Methods>
        </Class>
        <Class>
          <Summary numSequencePoints="33" visitedSequencePoints="21" numBranchPoints="0" visitedBranchPoints="0" sequenceCoverage="63.64" branchCoverage="0.0" maxCyclomaticComplexity="0" minCyclomaticComplexity="0" maxCrapScore="0" minCrapScore="0" visitedClasses="1" numClasses="1" visitedMethods="5" numMethods="5" />
          <FullName>DatabaseManager</FullName>
          <Methods>
            <Method visited="true" cyclomaticComplexity="0" nPathComplexity="0" sequenceCoverage="100.0" branchCoverage="0" crapScore="0" isConstructor="false" isStatic="false" isGetter="false" isSetter="false">
              <Summary numSequencePoints="3" visitedSequencePoints="3" numBranchPoints="0" visitedBranchPoints="0" sequenceCoverage="100.0" branchCoverage="0" maxCyclomaticComplexity="0" minCyclomaticComplexity="0" maxCrapScore="0" minCrapScore="0" visitedClasses="0" numClasses="0" visitedMethods="1" numMethods="1" />
              <MetadataToken>100663317</MetadataToken>
              <Name>System.Void DatabaseManager::Start()</Name>
              <FileRef uid="26" />
              <SequencePoints>
                <SequencePoint vc="3" uspid="2445" ordinal="0" offset="0" sl="44" sc="9" el="44" ec="9" bec="0" bev="0" fileid="26" />
                <SequencePoint vc="3" uspid="2446" ordinal="0" offset="21" sl="46" sc="9" el="46" ec="9" bec="0" bev="0" fileid="26" />
                <SequencePoint vc="3" uspid="2447" ordinal="0" offset="44" sl="60" sc="5" el="60" ec="5" bec="0" bev="0" fileid="26" />
              </SequencePoints>
              <BranchPoints />
            </Method>
            <Method visited="true" cyclomaticComplexity="0" nPathComplexity="0" sequenceCoverage="41.18" branchCoverage="0" crapScore="0" isConstructor="false" isStatic="false" isGetter="false" isSetter="false">
              <Summary numSequencePoints="17" visitedSequencePoints="7" numBranchPoints="0" visitedBranchPoints="0" sequenceCoverage="41.18" branchCoverage="0" maxCyclomaticComplexity="0" minCyclomaticComplexity="0" maxCrapScore="0" minCrapScore="0" visitedClasses="0" numClasses="0" visitedMethods="1" numMethods="1" />
              <MetadataToken>100663318</MetadataToken>
              <Name>System.Void DatabaseManager::CreateProfile()</Name>
              <FileRef uid="26" />
              <SequencePoints>
                <SequencePoint vc="2" uspid="2448" ordinal="0" offset="0" sl="77" sc="9" el="77" ec="9" bec="0" bev="0" fileid="26" />
                <SequencePoint vc="0" uspid="2449" ordinal="0" offset="8" sl="79" sc="13" el="79" ec="13" bec="0" bev="0" fileid="26" />
                <SequencePoint vc="0" uspid="2450" ordinal="0" offset="18" sl="80" sc="13" el="80" ec="13" bec="0" bev="0" fileid="26" />
                <SequencePoint vc="2" uspid="2451" ordinal="0" offset="19" sl="83" sc="9" el="83" ec="9" bec="0" bev="0" fileid="26" />
                <SequencePoint vc="1" uspid="2452" ordinal="0" offset="37" sl="85" sc="13" el="85" ec="13" bec="0" bev="0" fileid="26" />
                <SequencePoint vc="1" uspid="2453" ordinal="0" offset="47" sl="86" sc="13" el="86" ec="13" bec="0" bev="0" fileid="26" />
                <SequencePoint vc="1" uspid="2454" ordinal="0" offset="48" sl="89" sc="9" el="89" ec="9" bec="0" bev="0" fileid="26" />
                <SequencePoint vc="1" uspid="2455" ordinal="0" offset="77" sl="91" sc="13" el="91" ec="13" bec="0" bev="0" fileid="26" />
                <SequencePoint vc="1" uspid="2456" ordinal="0" offset="87" sl="92" sc="13" el="92" ec="13" bec="0" bev="0" fileid="26" />
                <SequencePoint vc="0" uspid="2457" ordinal="0" offset="88" sl="95" sc="9" el="95" ec="9" bec="0" bev="0" fileid="26" />
                <SequencePoint vc="0" uspid="2458" ordinal="0" offset="115" sl="96" sc="9" el="96" ec="9" bec="0" bev="0" fileid="26" />
                <SequencePoint vc="0" uspid="2459" ordinal="0" offset="122" sl="97" sc="9" el="97" ec="9" bec="0" bev="0" fileid="26" />
                <SequencePoint vc="0" uspid="2460" ordinal="0" offset="138" sl="98" sc="9" el="98" ec="9" bec="0" bev="0" fileid="26" />
                <SequencePoint vc="0" uspid="2461" ordinal="0" offset="143" sl="100" sc="9" el="100" ec="9" bec="0" bev="0" fileid="26" />
                <SequencePoint vc="0" uspid="2462" ordinal="0" offset="198" sl="101" sc="9" el="101" ec="9" bec="0" bev="0" fileid="26" />
                <SequencePoint vc="0" uspid="2463" ordinal="0" offset="204" sl="103" sc="9" el="103" ec="9" bec="0" bev="0" fileid="26" />
                <SequencePoint vc="0" uspid="2464" ordinal="0" offset="269" sl="115" sc="5" el="115" ec="5" bec="0" bev="0" fileid="26" />
              </SequencePoints>
              <BranchPoints />
            </Method>
            <Method visited="true" cyclomaticComplexity="0" nPathComplexity="0" sequenceCoverage="100.0" branchCoverage="0" crapScore="0" isConstructor="false" isStatic="false" isGetter="false" isSetter="false">
              <Summary numSequencePoints="5" visitedSequencePoints="5" numBranchPoints="0" visitedBranchPoints="0" sequenceCoverage="100.0" branchCoverage="0" maxCyclomaticComplexity="0" minCyclomaticComplexity="0" maxCrapScore="0" minCrapScore="0" visitedClasses="0" numClasses="0" visitedMethods="1" numMethods="1" />
              <MetadataToken>100663321</MetadataToken>
              <Name>System.Void DatabaseManager::Logout()</Name>
              <FileRef uid="26" />
              <SequencePoints>
                <SequencePoint vc="2" uspid="2467" ordinal="0" offset="0" sl="183" sc="9" el="183" ec="9" bec="0" bev="0" fileid="26" />
                <SequencePoint vc="2" uspid="2468" ordinal="0" offset="10" sl="184" sc="9" el="184" ec="9" bec="0" bev="0" fileid="26" />
                <SequencePoint vc="2" uspid="2469" ordinal="0" offset="15" sl="185" sc="9" el="185" ec="9" bec="0" bev="0" fileid="26" />
                <SequencePoint vc="2" uspid="2470" ordinal="0" offset="26" sl="186" sc="9" el="186" ec="9" bec="0" bev="0" fileid="26" />
                <SequencePoint vc="2" uspid="2471" ordinal="0" offset="36" sl="187" sc="5" el="187" ec="5" bec="0" bev="0" fileid="26" />
              </SequencePoints>
              <BranchPoints />
            </Method>
            <Method visited="true" cyclomaticComplexity="0" nPathComplexity="0" sequenceCoverage="71.43" branchCoverage="0" crapScore="0" isConstructor="false" isStatic="false" isGetter="false" isSetter="false">
              <Summary numSequencePoints="7" visitedSequencePoints="5" numBranchPoints="0" visitedBranchPoints="0" sequenceCoverage="71.43" branchCoverage="0" maxCyclomaticComplexity="0" minCyclomaticComplexity="0" maxCrapScore="0" minCrapScore="0" visitedClasses="0" numClasses="0" visitedMethods="1" numMethods="1" />
              <MetadataToken>100663343</MetadataToken>
              <Name>System.Void DatabaseManager::&lt;Start&gt;b__18_0(System.Threading.Tasks.Task[DependencyStatus])</Name>
              <FileRef uid="26" />
              <SequencePoints>
                <SequencePoint vc="3" uspid="2527" ordinal="0" offset="0" sl="48" sc="9" el="48" ec="9" bec="0" bev="0" fileid="26" />
                <SequencePoint vc="3" uspid="2528" ordinal="0" offset="8" sl="50" sc="13" el="50" ec="13" bec="0" bev="0" fileid="26" />
                <SequencePoint vc="3" uspid="2529" ordinal="0" offset="13" sl="51" sc="13" el="51" ec="13" bec="0" bev="0" fileid="26" />
                <SequencePoint vc="3" uspid="2530" ordinal="0" offset="25" sl="52" sc="13" el="52" ec="13" bec="0" bev="0" fileid="26" />
                <SequencePoint vc="3" uspid="2531" ordinal="0" offset="41" sl="53" sc="13" el="53" ec="13" bec="0" bev="0" fileid="26" />
                <SequencePoint vc="0" uspid="2532" ordinal="0" offset="52" sl="57" sc="13" el="57" ec="13" bec="0" bev="0" fileid="26" />
                <SequencePoint vc="0" uspid="2533" ordinal="0" offset="87" sl="59" sc="5" el="59" ec="5" bec="0" bev="0" fileid="26" />
              </SequencePoints>
              <BranchPoints />
            </Method>
            <Method visited="true" cyclomaticComplexity="0" nPathComplexity="0" sequenceCoverage="100.0" branchCoverage="0" crapScore="0" isConstructor="true" isStatic="false" isGetter="false" isSetter="false">
              <Summary numSequencePoints="1" visitedSequencePoints="1" numBranchPoints="0" visitedBranchPoints="0" sequenceCoverage="100.0" branchCoverage="0" maxCyclomaticComplexity="0" minCyclomaticComplexity="0" maxCrapScore="0" minCrapScore="0" visitedClasses="0" numClasses="0" visitedMethods="1" numMethods="1" />
              <MetadataToken>100663342</MetadataToken>
              <Name>DatabaseManager::DatabaseManager()</Name>
              <FileRef uid="26" />
              <SequencePoints>
                <SequencePoint vc="5" uspid="2558" ordinal="0" offset="0" sl="35" sc="5" el="35" ec="5" bec="0" bev="0" fileid="26" />
              </SequencePoints>
              <BranchPoints />
            </Method>
          </Methods>
        </Class>
        <Class>
          <Summary numSequencePoints="9" visitedSequencePoints="6" numBranchPoints="0" visitedBranchPoints="0" sequenceCoverage="66.67" branchCoverage="0.0" maxCyclomaticComplexity="0" minCyclomaticComplexity="0" maxCrapScore="0" minCrapScore="0" visitedClasses="1" numClasses="1" visitedMethods="3" numMethods="3" />
          <FullName>GameManager</FullName>
          <Methods>
            <Method visited="true" cyclomaticComplexity="0" nPathComplexity="0" sequenceCoverage="100.0" branchCoverage="0" crapScore="0" isConstructor="false" isStatic="false" isGetter="false" isSetter="false">
              <Summary numSequencePoints="1" visitedSequencePoints="1" numBranchPoints="0" visitedBranchPoints="0" sequenceCoverage="100.0" branchCoverage="0" maxCyclomaticComplexity="0" minCyclomaticComplexity="0" maxCrapScore="0" minCrapScore="0" visitedClasses="0" numClasses="0" visitedMethods="1" numMethods="1" />
              <MetadataToken>100663361</MetadataToken>
              <Name>System.Void GameManager::Start()</Name>
              <FileRef uid="28" />
              <SequencePoints>
                <SequencePoint vc="1" uspid="2594" ordinal="0" offset="0" sl="34" sc="5" el="34" ec="5" bec="0" bev="0" fileid="28" />
              </SequencePoints>
              <BranchPoints />
            </Method>
            <Method visited="true" cyclomaticComplexity="0" nPathComplexity="0" sequenceCoverage="40.00" branchCoverage="0" crapScore="0" isConstructor="false" isStatic="false" isGetter="false" isSetter="false">
              <Summary numSequencePoints="5" visitedSequencePoints="2" numBranchPoints="0" visitedBranchPoints="0" sequenceCoverage="40.00" branchCoverage="0" maxCyclomaticComplexity="0" minCyclomaticComplexity="0" maxCrapScore="0" minCrapScore="0" visitedClasses="0" numClasses="0" visitedMethods="1" numMethods="1" />
              <MetadataToken>100663366</MetadataToken>
              <Name>System.Void GameManager::Update()</Name>
              <FileRef uid="28" />
              <SequencePoints>
                <SequencePoint vc="448" uspid="2603" ordinal="0" offset="0" sl="54" sc="5" el="54" ec="5" bec="0" bev="0" fileid="28" />
                <SequencePoint vc="0" uspid="2604" ordinal="0" offset="16" sl="56" sc="9" el="56" ec="9" bec="0" bev="0" fileid="28" />
                <SequencePoint vc="0" uspid="2605" ordinal="0" offset="28" sl="57" sc="9" el="57" ec="9" bec="0" bev="0" fileid="28" />
                <SequencePoint vc="0" uspid="2606" ordinal="0" offset="35" sl="58" sc="9" el="58" ec="9" bec="0" bev="0" fileid="28" />
                <SequencePoint vc="448" uspid="2607" ordinal="0" offset="48" sl="60" sc="1" el="60" ec="1" bec="0" bev="0" fileid="28" />
              </SequencePoints>
              <BranchPoints />
            </Method>
            <Method visited="true" cyclomaticComplexity="0" nPathComplexity="0" sequenceCoverage="100.0" branchCoverage="0" crapScore="0" isConstructor="true" isStatic="false" isGetter="false" isSetter="false">
              <Summary numSequencePoints="3" visitedSequencePoints="3" numBranchPoints="0" visitedBranchPoints="0" sequenceCoverage="100.0" branchCoverage="0" maxCyclomaticComplexity="0" minCyclomaticComplexity="0" maxCrapScore="0" minCrapScore="0" visitedClasses="0" numClasses="0" visitedMethods="1" numMethods="1" />
              <MetadataToken>100663375</MetadataToken>
              <Name>GameManager::GameManager()</Name>
              <FileRef uid="28" />
              <SequencePoints>
                <SequencePoint vc="1" uspid="2624" ordinal="0" offset="0" sl="11" sc="5" el="11" ec="5" bec="0" bev="0" fileid="28" />
                <SequencePoint vc="1" uspid="2625" ordinal="0" offset="11" sl="18" sc="5" el="18" ec="5" bec="0" bev="0" fileid="28" />
                <SequencePoint vc="1" uspid="2626" ordinal="0" offset="22" sl="19" sc="5" el="19" ec="5" bec="0" bev="0" fileid="28" />
              </SequencePoints>
              <BranchPoints />
            </Method>
          </Methods>
        </Class>
        <Class>
          <Summary numSequencePoints="3" visitedSequencePoints="3" numBranchPoints="0" visitedBranchPoints="0" sequenceCoverage="100.0" branchCoverage="0.0" maxCyclomaticComplexity="0" minCyclomaticComplexity="0" maxCrapScore="0" minCrapScore="0" visitedClasses="1" numClasses="1" visitedMethods="1" numMethods="1" />
          <FullName>LevelButton</FullName>
          <Methods>
            <Method visited="true" cyclomaticComplexity="0" nPathComplexity="0" sequenceCoverage="100.0" branchCoverage="0" crapScore="0" isConstructor="false" isStatic="false" isGetter="false" isSetter="false">
              <Summary numSequencePoints="3" visitedSequencePoints="3" numBranchPoints="0" visitedBranchPoints="0" sequenceCoverage="100.0" branchCoverage="0" maxCyclomaticComplexity="0" minCyclomaticComplexity="0" maxCrapScore="0" minCrapScore="0" visitedClasses="0" numClasses="0" visitedMethods="1" numMethods="1" />
              <MetadataToken>100663376</MetadataToken>
              <Name>System.Void LevelButton::OnEnable()</Name>
              <FileRef uid="29" />
              <SequencePoints>
                <SequencePoint vc="1" uspid="2627" ordinal="0" offset="0" sl="18" sc="9" el="18" ec="9" bec="0" bev="0" fileid="29" />
                <SequencePoint vc="1" uspid="2628" ordinal="0" offset="12" sl="19" sc="9" el="19" ec="9" bec="0" bev="0" fileid="29" />
                <SequencePoint vc="1" uspid="2629" ordinal="0" offset="24" sl="20" sc="5" el="20" ec="5" bec="0" bev="0" fileid="29" />
              </SequencePoints>
              <BranchPoints />
            </Method>
          </Methods>
        </Class>
        <Class>
          <Summary numSequencePoints="14" visitedSequencePoints="14" numBranchPoints="0" visitedBranchPoints="0" sequenceCoverage="100.0" branchCoverage="0.0" maxCyclomaticComplexity="0" minCyclomaticComplexity="0" maxCrapScore="0" minCrapScore="0" visitedClasses="1" numClasses="1" visitedMethods="2" numMethods="2" />
          <FullName>LevelSelectionMenu</FullName>
          <Methods>
            <Method visited="true" cyclomaticComplexity="0" nPathComplexity="0" sequenceCoverage="100.0" branchCoverage="0" crapScore="0" isConstructor="false" isStatic="false" isGetter="false" isSetter="false">
              <Summary numSequencePoints="12" visitedSequencePoints="12" numBranchPoints="0" visitedBranchPoints="0" sequenceCoverage="100.0" branchCoverage="0" maxCyclomaticComplexity="0" minCyclomaticComplexity="0" maxCrapScore="0" minCrapScore="0" visitedClasses="0" numClasses="0" visitedMethods="1" numMethods="1" />
              <MetadataToken>100663381</MetadataToken>
              <Name>System.Void LevelSelectionMenu::Awake()</Name>
              <FileRef uid="30" />
              <SequencePoints>
                <SequencePoint vc="1" uspid="2641" ordinal="0" offset="0" sl="23" sc="9" el="23" ec="9" bec="0" bev="0" fileid="30" />
                <SequencePoint vc="1" uspid="2642" ordinal="0" offset="12" sl="25" sc="14" el="25" ec="14" bec="0" bev="0" fileid="30" />
                <SequencePoint vc="5" uspid="2643" ordinal="0" offset="16" sl="27" sc="13" el="27" ec="13" bec="0" bev="0" fileid="30" />
                <SequencePoint vc="5" uspid="2644" ordinal="0" offset="30" sl="28" sc="13" el="28" ec="13" bec="0" bev="0" fileid="30" />
                <SequencePoint vc="5" uspid="2645" ordinal="0" offset="54" sl="25" sc="45" el="25" ec="45" bec="0" bev="0" fileid="30" />
                <SequencePoint vc="6" uspid="2646" ordinal="0" offset="58" sl="25" sc="25" el="25" ec="25" bec="0" bev="0" fileid="30" />
                <SequencePoint vc="1" uspid="2647" ordinal="0" offset="69" sl="30" sc="14" el="30" ec="14" bec="0" bev="0" fileid="30" />
                <SequencePoint vc="1" uspid="2648" ordinal="0" offset="73" sl="32" sc="13" el="32" ec="13" bec="0" bev="0" fileid="30" />
                <SequencePoint vc="1" uspid="2649" ordinal="0" offset="87" sl="33" sc="13" el="33" ec="13" bec="0" bev="0" fileid="30" />
                <SequencePoint vc="1" uspid="2650" ordinal="0" offset="113" sl="30" sc="44" el="30" ec="44" bec="0" bev="0" fileid="30" />
                <SequencePoint vc="2" uspid="2651" ordinal="0" offset="117" sl="30" sc="25" el="30" ec="25" bec="0" bev="0" fileid="30" />
                <SequencePoint vc="1" uspid="2652" ordinal="0" offset="121" sl="35" sc="5" el="35" ec="5" bec="0" bev="0" fileid="30" />
              </SequencePoints>
              <BranchPoints />
            </Method>
            <Method visited="true" cyclomaticComplexity="0" nPathComplexity="0" sequenceCoverage="100.0" branchCoverage="0" crapScore="0" isConstructor="false" isStatic="false" isGetter="false" isSetter="false">
              <Summary numSequencePoints="2" visitedSequencePoints="2" numBranchPoints="0" visitedBranchPoints="0" sequenceCoverage="100.0" branchCoverage="0" maxCyclomaticComplexity="0" minCyclomaticComplexity="0" maxCrapScore="0" minCrapScore="0" visitedClasses="0" numClasses="0" visitedMethods="1" numMethods="1" />
              <MetadataToken>100663383</MetadataToken>
              <Name>System.Void LevelSelectionMenu::loadLevel(UnityEngine.GameObject)</Name>
              <FileRef uid="30" />
              <SequencePoints>
                <SequencePoint vc="1" uspid="2655" ordinal="0" offset="0" sl="45" sc="9" el="45" ec="9" bec="0" bev="0" fileid="30" />
                <SequencePoint vc="1" uspid="2656" ordinal="0" offset="11" sl="46" sc="5" el="46" ec="5" bec="0" bev="0" fileid="30" />
              </SequencePoints>
              <BranchPoints />
            </Method>
          </Methods>
        </Class>
        <Class>
          <Summary numSequencePoints="6" visitedSequencePoints="6" numBranchPoints="0" visitedBranchPoints="0" sequenceCoverage="100.0" branchCoverage="0.0" maxCyclomaticComplexity="0" minCyclomaticComplexity="0" maxCrapScore="0" minCrapScore="0" visitedClasses="1" numClasses="1" visitedMethods="1" numMethods="1" />
          <FullName>Monster</FullName>
          <Methods>
            <Method visited="true" cyclomaticComplexity="0" nPathComplexity="0" sequenceCoverage="100.0" branchCoverage="0" crapScore="0" isConstructor="true" isStatic="false" isGetter="false" isSetter="false">
              <Summary numSequencePoints="6" visitedSequencePoints="6" numBranchPoints="0" visitedBranchPoints="0" sequenceCoverage="100.0" branchCoverage="0" maxCyclomaticComplexity="0" minCyclomaticComplexity="0" maxCrapScore="0" minCrapScore="0" visitedClasses="0" numClasses="0" visitedMethods="1" numMethods="1" />
              <MetadataToken>100663395</MetadataToken>
              <Name>Monster::Monster()</Name>
              <FileRef uid="32" />
              <SequencePoints>
                <SequencePoint vc="2" uspid="2701" ordinal="0" offset="0" sl="5" sc="5" el="5" ec="5" bec="0" bev="0" fileid="32" />
                <SequencePoint vc="2" uspid="2702" ordinal="0" offset="7" sl="12" sc="5" el="12" ec="5" bec="0" bev="0" fileid="32" />
                <SequencePoint vc="2" uspid="2703" ordinal="0" offset="18" sl="13" sc="5" el="13" ec="5" bec="0" bev="0" fileid="32" />
                <SequencePoint vc="2" uspid="2704" ordinal="0" offset="29" sl="14" sc="5" el="14" ec="5" bec="0" bev="0" fileid="32" />
                <SequencePoint vc="2" uspid="2705" ordinal="0" offset="40" sl="17" sc="5" el="17" ec="5" bec="0" bev="0" fileid="32" />
                <SequencePoint vc="2" uspid="2706" ordinal="0" offset="47" sl="18" sc="5" el="18" ec="5" bec="0" bev="0" fileid="32" />
              </SequencePoints>
              <BranchPoints />
            </Method>
          </Methods>
        </Class>
        <Class>
          <Summary numSequencePoints="2" visitedSequencePoints="2" numBranchPoints="0" visitedBranchPoints="0" sequenceCoverage="100.0" branchCoverage="0.0" maxCyclomaticComplexity="0" minCyclomaticComplexity="0" maxCrapScore="0" minCrapScore="0" visitedClasses="1" numClasses="1" visitedMethods="1" numMethods="1" />
          <FullName>ParallaxBackground</FullName>
          <Methods>
            <Method visited="true" cyclomaticComplexity="0" nPathComplexity="0" sequenceCoverage="100.0" branchCoverage="0" crapScore="0" isConstructor="false" isStatic="false" isGetter="false" isSetter="false">
              <Summary numSequencePoints="2" visitedSequencePoints="2" numBranchPoints="0" visitedBranchPoints="0" sequenceCoverage="100.0" branchCoverage="0" maxCyclomaticComplexity="0" minCyclomaticComplexity="0" maxCrapScore="0" minCrapScore="0" visitedClasses="0" numClasses="0" visitedMethods="1" numMethods="1" />
              <MetadataToken>100663399</MetadataToken>
              <Name>System.Void ParallaxBackground::Update()</Name>
              <FileRef uid="34" />
              <SequencePoints>
                <SequencePoint vc="504" uspid="2712" ordinal="0" offset="0" sl="13" sc="9" el="13" ec="9" bec="0" bev="0" fileid="34" />
                <SequencePoint vc="504" uspid="2713" ordinal="0" offset="86" sl="14" sc="5" el="14" ec="5" bec="0" bev="0" fileid="34" />
              </SequencePoints>
              <BranchPoints />
            </Method>
          </Methods>
        </Class>
        <Class>
          <Summary numSequencePoints="15" visitedSequencePoints="13" numBranchPoints="0" visitedBranchPoints="0" sequenceCoverage="86.67" branchCoverage="0.0" maxCyclomaticComplexity="0" minCyclomaticComplexity="0" maxCrapScore="0" minCrapScore="0" visitedClasses="1" numClasses="1" visitedMethods="4" numMethods="4" />
          <FullName>Player</FullName>
          <Methods>
            <Method visited="true" cyclomaticComplexity="0" nPathComplexity="0" sequenceCoverage="100.0" branchCoverage="0" crapScore="0" isConstructor="false" isStatic="false" isGetter="false" isSetter="false">
              <Summary numSequencePoints="3" visitedSequencePoints="3" numBranchPoints="0" visitedBranchPoints="0" sequenceCoverage="100.0" branchCoverage="0" maxCyclomaticComplexity="0" minCyclomaticComplexity="0" maxCrapScore="0" minCrapScore="0" visitedClasses="0" numClasses="0" visitedMethods="1" numMethods="1" />
              <MetadataToken>100663401</MetadataToken>
              <Name>System.Void Player::Start()</Name>
              <FileRef uid="35" />
              <SequencePoints>
                <SequencePoint vc="1" uspid="2714" ordinal="0" offset="0" sl="28" sc="9" el="28" ec="9" bec="0" bev="0" fileid="35" />
                <SequencePoint vc="1" uspid="2715" ordinal="0" offset="12" sl="29" sc="9" el="29" ec="9" bec="0" bev="0" fileid="35" />
                <SequencePoint vc="1" uspid="2716" ordinal="0" offset="18" sl="30" sc="5" el="30" ec="5" bec="0" bev="0" fileid="35" />
              </SequencePoints>
              <BranchPoints />
            </Method>
            <Method visited="true" cyclomaticComplexity="0" nPathComplexity="0" sequenceCoverage="60.00" branchCoverage="0" crapScore="0" isConstructor="false" isStatic="false" isGetter="false" isSetter="false">
              <Summary numSequencePoints="5" visitedSequencePoints="3" numBranchPoints="0" visitedBranchPoints="0" sequenceCoverage="60.00" branchCoverage="0" maxCyclomaticComplexity="0" minCyclomaticComplexity="0" maxCrapScore="0" minCrapScore="0" visitedClasses="0" numClasses="0" visitedMethods="1" numMethods="1" />
              <MetadataToken>100663402</MetadataToken>
              <Name>System.Void Player::Update()</Name>
              <FileRef uid="35" />
              <SequencePoints>
                <SequencePoint vc="448" uspid="2717" ordinal="0" offset="0" sl="34" sc="9" el="34" ec="9" bec="0" bev="0" fileid="35" />
                <SequencePoint vc="0" uspid="2718" ordinal="0" offset="8" sl="34" sc="25" el="34" ec="25" bec="0" bev="0" fileid="35" />
                <SequencePoint vc="448" uspid="2719" ordinal="0" offset="9" sl="36" sc="9" el="36" ec="9" bec="0" bev="0" fileid="35" />
                <SequencePoint vc="0" uspid="2720" ordinal="0" offset="25" sl="38" sc="13" el="38" ec="13" bec="0" bev="0" fileid="35" />
                <SequencePoint vc="448" uspid="2721" ordinal="0" offset="31" sl="40" sc="5" el="40" ec="5" bec="0" bev="0" fileid="35" />
              </SequencePoints>
              <BranchPoints />
            </Method>
[...]
                <SequencePoint vc="0" uspid="2929" ordinal="0" offset="156" sl="299" sc="17" el="299" ec="17" bec="0" bev="0" fileid="38" />
                <SequencePoint vc="0" uspid="2930" ordinal="0" offset="170" sl="299" sc="34" el="299" ec="34" bec="0" bev="0" fileid="38" />
                <SequencePoint vc="0" uspid="2931" ordinal="0" offset="182" sl="300" sc="17" el="300" ec="17" bec="0" bev="0" fileid="38" />
                <SequencePoint vc="0" uspid="2932" ordinal="0" offset="188" sl="302" sc="17" el="302" ec="17" bec="0" bev="0" fileid="38" />
              </SequencePoints>
              <BranchPoints />
            </Method>
            <Method visited="true" cyclomaticComplexity="0" nPathComplexity="0" sequenceCoverage="100.0" branchCoverage="0" crapScore="0" isConstructor="false" isStatic="false" isGetter="false" isSetter="false">
              <Summary numSequencePoints="1" visitedSequencePoints="1" numBranchPoints="0" visitedBranchPoints="0" sequenceCoverage="100.0" branchCoverage="0" maxCyclomaticComplexity="0" minCyclomaticComplexity="0" maxCrapScore="0" minCrapScore="0" visitedClasses="0" numClasses="0" visitedMethods="1" numMethods="1" />
              <MetadataToken>100663427</MetadataToken>
              <Name>System.Int32 Receiver::GetRepCount()</Name>
              <FileRef uid="38" />
              <SequencePoints>
                <SequencePoint vc="448" uspid="2933" ordinal="0" offset="0" sl="308" sc="9" el="308" ec="9" bec="0" bev="0" fileid="38" />
              </SequencePoints>
              <BranchPoints />
            </Method>
            <Method visited="true" cyclomaticComplexity="0" nPathComplexity="0" sequenceCoverage="100.0" branchCoverage="0" crapScore="0" isConstructor="false" isStatic="false" isGetter="false" isSetter="false">
              <Summary numSequencePoints="1" visitedSequencePoints="1" numBranchPoints="0" visitedBranchPoints="0" sequenceCoverage="100.0" branchCoverage="0" maxCyclomaticComplexity="0" minCyclomaticComplexity="0" maxCrapScore="0" minCrapScore="0" visitedClasses="0" numClasses="0" visitedMethods="1" numMethods="1" />
              <MetadataToken>100663428</MetadataToken>
              <Name>System.Boolean Receiver::IsConnected()</Name>
              <FileRef uid="38" />
              <SequencePoints>
                <SequencePoint vc="896" uspid="2934" ordinal="0" offset="0" sl="313" sc="9" el="313" ec="9" bec="0" bev="0" fileid="38" />
              </SequencePoints>
              <BranchPoints />
            </Method>
            <Method visited="true" cyclomaticComplexity="0" nPathComplexity="0" sequenceCoverage="66.67" branchCoverage="0" crapScore="0" isConstructor="false" isStatic="false" isGetter="false" isSetter="false">
              <Summary numSequencePoints="6" visitedSequencePoints="4" numBranchPoints="0" visitedBranchPoints="0" sequenceCoverage="66.67" branchCoverage="0" maxCyclomaticComplexity="0" minCyclomaticComplexity="0" maxCrapScore="0" minCrapScore="0" visitedClasses="0" numClasses="0" visitedMethods="1" numMethods="1" />
              <MetadataToken>100663430</MetadataToken>
              <Name>System.Void Receiver::OnApplicationQuit()</Name>
              <FileRef uid="38" />
              <SequencePoints>
                <SequencePoint vc="1" uspid="2947" ordinal="0" offset="0" sl="340" sc="9" el="340" ec="9" bec="0" bev="0" fileid="38" />
                <SequencePoint vc="1" uspid="2948" ordinal="0" offset="7" sl="342" sc="9" el="342" ec="9" bec="0" bev="0" fileid="38" />
                <SequencePoint vc="0" uspid="2949" ordinal="0" offset="28" sl="344" sc="13" el="344" ec="13" bec="0" bev="0" fileid="38" />
                <SequencePoint vc="1" uspid="2950" ordinal="0" offset="45" sl="347" sc="9" el="347" ec="9" bec="0" bev="0" fileid="38" />
                <SequencePoint vc="0" uspid="2951" ordinal="0" offset="66" sl="349" sc="13" el="349" ec="13" bec="0" bev="0" fileid="38" />
                <SequencePoint vc="1" uspid="2952" ordinal="0" offset="77" sl="351" sc="5" el="351" ec="5" bec="0" bev="0" fileid="38" />
              </SequencePoints>
              <BranchPoints />
            </Method>
            <Method visited="true" cyclomaticComplexity="0" nPathComplexity="0" sequenceCoverage="100.0" branchCoverage="0" crapScore="0" isConstructor="true" isStatic="false" isGetter="false" isSetter="false">
              <Summary numSequencePoints="9" visitedSequencePoints="9" numBranchPoints="0" visitedBranchPoints="0" sequenceCoverage="100.0" branchCoverage="0" maxCyclomaticComplexity="0" minCyclomaticComplexity="0" maxCrapScore="0" minCrapScore="0" visitedClasses="0" numClasses="0" visitedMethods="1" numMethods="1" />
              <MetadataToken>100663431</MetadataToken>
              <Name>Receiver::Receiver()</Name>
              <FileRef uid="38" />
              <SequencePoints>
                <SequencePoint vc="1" uspid="2962" ordinal="0" offset="0" sl="10" sc="5" el="10" ec="5" bec="0" bev="0" fileid="38" />
                <SequencePoint vc="1" uspid="2963" ordinal="0" offset="11" sl="11" sc="5" el="11" ec="5" bec="0" bev="0" fileid="38" />
                <SequencePoint vc="1" uspid="2964" ordinal="0" offset="22" sl="14" sc="5" el="14" ec="5" bec="0" bev="0" fileid="38" />
                <SequencePoint vc="1" uspid="2965" ordinal="0" offset="33" sl="15" sc="5" el="15" ec="5" bec="0" bev="0" fileid="38" />
                <SequencePoint vc="1" uspid="2966" ordinal="0" offset="44" sl="16" sc="5" el="16" ec="5" bec="0" bev="0" fileid="38" />
                <SequencePoint vc="1" uspid="2967" ordinal="0" offset="55" sl="17" sc="5" el="17" ec="5" bec="0" bev="0" fileid="38" />
                <SequencePoint vc="1" uspid="2968" ordinal="0" offset="66" sl="27" sc="5" el="27" ec="5" bec="0" bev="0" fileid="38" />
                <SequencePoint vc="1" uspid="2969" ordinal="0" offset="78" sl="28" sc="5" el="28" ec="5" bec="0" bev="0" fileid="38" />
                <SequencePoint vc="1" uspid="2970" ordinal="0" offset="89" sl="29" sc="5" el="29" ec="5" bec="0" bev="0" fileid="38" />
              </SequencePoints>
              <BranchPoints />
            </Method>
          </Methods>
        </Class>
        <Class>
          <Summary numSequencePoints="9" visitedSequencePoints="4" numBranchPoints="0" visitedBranchPoints="0" sequenceCoverage="44.44" branchCoverage="0.0" maxCyclomaticComplexity="0" minCyclomaticComplexity="0" maxCrapScore="0" minCrapScore="0" visitedClasses="1" numClasses="1" visitedMethods="1" numMethods="1" />
          <FullName>ResetButton</FullName>
          <Methods>
            <Method visited="true" cyclomaticComplexity="0" nPathComplexity="0" sequenceCoverage="44.44" branchCoverage="0" crapScore="0" isConstructor="false" isStatic="false" isGetter="false" isSetter="false">
              <Summary numSequencePoints="9" visitedSequencePoints="4" numBranchPoints="0" visitedBranchPoints="0" sequenceCoverage="44.44" branchCoverage="0" maxCyclomaticComplexity="0" minCyclomaticComplexity="0" maxCrapScore="0" minCrapScore="0" visitedClasses="0" numClasses="0" visitedMethods="1" numMethods="1" />
              <MetadataToken>100663436</MetadataToken>
              <Name>System.Void ResetButton::Start()</Name>
              <FileRef uid="39" />
              <SequencePoints>
                <SequencePoint vc="1" uspid="2971" ordinal="0" offset="0" sl="11" sc="9" el="11" ec="9" bec="0" bev="0" fileid="39" />
                <SequencePoint vc="1" uspid="2972" ordinal="0" offset="12" sl="12" sc="9" el="12" ec="9" bec="0" bev="0" fileid="39" />
                <SequencePoint vc="1" uspid="2973" ordinal="0" offset="23" sl="14" sc="9" el="14" ec="9" bec="0" bev="0" fileid="39" />
                <SequencePoint vc="1" uspid="2974" ordinal="0" offset="51" sl="16" sc="13" el="16" ec="13" bec="0" bev="0" fileid="39" />
                <SequencePoint vc="0" uspid="2975" ordinal="0" offset="80" sl="20" sc="13" el="20" ec="13" bec="0" bev="0" fileid="39" />
                <SequencePoint vc="0" uspid="2976" ordinal="0" offset="94" sl="21" sc="17" el="21" ec="17" bec="0" bev="0" fileid="39" />
                <SequencePoint vc="0" uspid="2977" ordinal="0" offset="104" sl="22" sc="13" el="22" ec="13" bec="0" bev="0" fileid="39" />
                <SequencePoint vc="0" uspid="2978" ordinal="0" offset="118" sl="23" sc="17" el="23" ec="17" bec="0" bev="0" fileid="39" />
                <SequencePoint vc="0" uspid="2979" ordinal="0" offset="128" sl="25" sc="5" el="25" ec="5" bec="0" bev="0" fileid="39" />
              </SequencePoints>
              <BranchPoints />
            </Method>
          </Methods>
        </Class>
        <Class>
          <Summary numSequencePoints="21" visitedSequencePoints="16" numBranchPoints="0" visitedBranchPoints="0" sequenceCoverage="76.19" branchCoverage="0.0" maxCyclomaticComplexity="0" minCyclomaticComplexity="0" maxCrapScore="0" minCrapScore="0" visitedClasses="1" numClasses="1" visitedMethods="2" numMethods="2" />
          <FullName>UIManager</FullName>
          <Methods>
            <Method visited="true" cyclomaticComplexity="0" nPathComplexity="0" sequenceCoverage="61.54" branchCoverage="0" crapScore="0" isConstructor="false" isStatic="false" isGetter="false" isSetter="false">
              <Summary numSequencePoints="13" visitedSequencePoints="8" numBranchPoints="0" visitedBranchPoints="0" sequenceCoverage="61.54" branchCoverage="0" maxCyclomaticComplexity="0" minCyclomaticComplexity="0" maxCrapScore="0" minCrapScore="0" visitedClasses="0" numClasses="0" visitedMethods="1" numMethods="1" />
              <MetadataToken>100663447</MetadataToken>
              <Name>System.Void UIManager::Start()</Name>
              <FileRef uid="42" />
              <SequencePoints>
                <SequencePoint vc="1" uspid="2997" ordinal="0" offset="0" sl="15" sc="9" el="15" ec="9" bec="0" bev="0" fileid="42" />
                <SequencePoint vc="1" uspid="2998" ordinal="0" offset="11" sl="17" sc="9" el="17" ec="9" bec="0" bev="0" fileid="42" />
                <SequencePoint vc="0" uspid="2999" ordinal="0" offset="25" sl="19" sc="13" el="19" ec="13" bec="0" bev="0" fileid="42" />
                <SequencePoint vc="1" uspid="3000" ordinal="0" offset="35" sl="22" sc="9" el="22" ec="9" bec="0" bev="0" fileid="42" />
                <SequencePoint vc="0" uspid="3001" ordinal="0" offset="49" sl="24" sc="13" el="24" ec="13" bec="0" bev="0" fileid="42" />
                <SequencePoint vc="1" uspid="3002" ordinal="0" offset="59" sl="27" sc="9" el="27" ec="9" bec="0" bev="0" fileid="42" />
                <SequencePoint vc="0" uspid="3003" ordinal="0" offset="73" sl="29" sc="13" el="29" ec="13" bec="0" bev="0" fileid="42" />
                <SequencePoint vc="1" uspid="3004" ordinal="0" offset="83" sl="32" sc="9" el="32" ec="9" bec="0" bev="0" fileid="42" />
                <SequencePoint vc="0" uspid="3005" ordinal="0" offset="97" sl="34" sc="13" el="34" ec="13" bec="0" bev="0" fileid="42" />
                <SequencePoint vc="1" uspid="3006" ordinal="0" offset="109" sl="38" sc="13" el="38" ec="13" bec="0" bev="0" fileid="42" />
                <SequencePoint vc="1" uspid="3007" ordinal="0" offset="125" sl="41" sc="9" el="41" ec="9" bec="0" bev="0" fileid="42" />
                <SequencePoint vc="0" uspid="3008" ordinal="0" offset="139" sl="43" sc="13" el="43" ec="13" bec="0" bev="0" fileid="42" />
                <SequencePoint vc="1" uspid="3009" ordinal="0" offset="149" sl="45" sc="5" el="45" ec="5" bec="0" bev="0" fileid="42" />
              </SequencePoints>
              <BranchPoints />
            </Method>
            <Method visited="true" cyclomaticComplexity="0" nPathComplexity="0" sequenceCoverage="100.0" branchCoverage="0" crapScore="0" isConstructor="false" isStatic="false" isGetter="false" isSetter="false">
              <Summary numSequencePoints="8" visitedSequencePoints="8" numBranchPoints="0" visitedBranchPoints="0" sequenceCoverage="100.0" branchCoverage="0" maxCyclomaticComplexity="0" minCyclomaticComplexity="0" maxCrapScore="0" minCrapScore="0" visitedClasses="0" numClasses="0" visitedMethods="1" numMethods="1" />
              <MetadataToken>100663448</MetadataToken>
              <Name>System.Void UIManager::Update()</Name>
              <FileRef uid="42" />
              <SequencePoints>
                <SequencePoint vc="448" uspid="3010" ordinal="0" offset="0" sl="49" sc="9" el="49" ec="9" bec="0" bev="0" fileid="42" />
                <SequencePoint vc="448" uspid="3011" ordinal="0" offset="28" sl="51" sc="13" el="51" ec="13" bec="0" bev="0" fileid="42" />
                <SequencePoint vc="448" uspid="3012" ordinal="0" offset="50" sl="54" sc="9" el="54" ec="9" bec="0" bev="0" fileid="42" />
                <SequencePoint vc="448" uspid="3013" ordinal="0" offset="78" sl="56" sc="13" el="56" ec="13" bec="0" bev="0" fileid="42" />
                <SequencePoint vc="448" uspid="3014" ordinal="0" offset="115" sl="59" sc="9" el="59" ec="9" bec="0" bev="0" fileid="42" />
                <SequencePoint vc="448" uspid="3015" ordinal="0" offset="143" sl="61" sc="13" el="61" ec="13" bec="0" bev="0" fileid="42" />
                <SequencePoint vc="448" uspid="3016" ordinal="0" offset="179" sl="64" sc="13" el="64" ec="13" bec="0" bev="0" fileid="42" />
                <SequencePoint vc="448" uspid="3017" ordinal="0" offset="215" sl="67" sc="5" el="67" ec="5" bec="0" bev="0" fileid="42" />
              </SequencePoints>
              <BranchPoints />
            </Method>
          </Methods>
        </Class>
        <Class>
          <Summary numSequencePoints="18" visitedSequencePoints="11" numBranchPoints="0" visitedBranchPoints="0" sequenceCoverage="61.11" branchCoverage="0.0" maxCyclomaticComplexity="0" minCyclomaticComplexity="0" maxCrapScore="0" minCrapScore="0" visitedClasses="1" numClasses="1" visitedMethods="4" numMethods="4" />
          <FullName>UnityMainThreadDispatcher</FullName>
          <Methods>
            <Method visited="true" cyclomaticComplexity="0" nPathComplexity="0" sequenceCoverage="40.00" branchCoverage="0" crapScore="0" isConstructor="false" isStatic="true" isGetter="false" isSetter="false">
              <Summary numSequencePoints="5" visitedSequencePoints="2" numBranchPoints="0" visitedBranchPoints="0" sequenceCoverage="40.00" branchCoverage="0" maxCyclomaticComplexity="0" minCyclomaticComplexity="0" maxCrapScore="0" minCrapScore="0" visitedClasses="0" numClasses="0" visitedMethods="1" numMethods="1" />
              <MetadataToken>100663450</MetadataToken>
              <Name>static UnityMainThreadDispatcher UnityMainThreadDispatcher::Instance()</Name>
              <FileRef uid="43" />
              <SequencePoints>
                <SequencePoint vc="1" uspid="3018" ordinal="0" offset="0" sl="13" sc="9" el="13" ec="9" bec="0" bev="0" fileid="43" />
                <SequencePoint vc="1" uspid="3019" ordinal="0" offset="13" sl="15" sc="13" el="15" ec="13" bec="0" bev="0" fileid="43" />
                <SequencePoint vc="0" uspid="3020" ordinal="0" offset="23" sl="16" sc="13" el="16" ec="13" bec="0" bev="0" fileid="43" />
                <SequencePoint vc="0" uspid="3021" ordinal="0" offset="34" sl="17" sc="13" el="17" ec="13" bec="0" bev="0" fileid="43" />
                <SequencePoint vc="0" uspid="3022" ordinal="0" offset="39" sl="19" sc="9" el="19" ec="9" bec="0" bev="0" fileid="43" />
              </SequencePoints>
              <BranchPoints />
            </Method>
            <Method visited="true" cyclomaticComplexity="0" nPathComplexity="0" sequenceCoverage="50.00" branchCoverage="0" crapScore="0" isConstructor="false" isStatic="false" isGetter="false" isSetter="false">
              <Summary numSequencePoints="6" visitedSequencePoints="3" numBranchPoints="0" visitedBranchPoints="0" sequenceCoverage="50.00" branchCoverage="0" maxCyclomaticComplexity="0" minCyclomaticComplexity="0" maxCrapScore="0" minCrapScore="0" visitedClasses="0" numClasses="0" visitedMethods="1" numMethods="1" />
              <MetadataToken>100663451</MetadataToken>
              <Name>System.Void UnityMainThreadDispatcher::Awake()</Name>
              <FileRef uid="43" />
              <SequencePoints>
                <SequencePoint vc="1" uspid="3023" ordinal="0" offset="0" sl="24" sc="9" el="24" ec="9" bec="0" bev="0" fileid="43" />
                <SequencePoint vc="1" uspid="3024" ordinal="0" offset="13" sl="26" sc="13" el="26" ec="13" bec="0" bev="0" fileid="43" />
                <SequencePoint vc="1" uspid="3025" ordinal="0" offset="19" sl="27" sc="13" el="27" ec="13" bec="0" bev="0" fileid="43" />
                <SequencePoint vc="0" uspid="3026" ordinal="0" offset="31" sl="29" sc="14" el="29" ec="14" bec="0" bev="0" fileid="43" />
                <SequencePoint vc="0" uspid="3027" ordinal="0" offset="44" sl="31" sc="13" el="31" ec="13" bec="0" bev="0" fileid="43" />
                <SequencePoint vc="0" uspid="3028" ordinal="0" offset="55" sl="33" sc="5" el="33" ec="5" bec="0" bev="0" fileid="43" />
              </SequencePoints>
              <BranchPoints />
            </Method>
            <Method visited="true" cyclomaticComplexity="0" nPathComplexity="0" sequenceCoverage="80.00" branchCoverage="0" crapScore="0" isConstructor="false" isStatic="false" isGetter="false" isSetter="false">
              <Summary numSequencePoints="5" visitedSequencePoints="4" numBranchPoints="0" visitedBranchPoints="0" sequenceCoverage="80.00" branchCoverage="0" maxCyclomaticComplexity="0" minCyclomaticComplexity="0" maxCrapScore="0" minCrapScore="0" visitedClasses="0" numClasses="0" visitedMethods="1" numMethods="1" />
              <MetadataToken>100663452</MetadataToken>
              <Name>System.Void UnityMainThreadDispatcher::Update()</Name>
              <FileRef uid="43" />
              <SequencePoints>
                <SequencePoint vc="448" uspid="3029" ordinal="0" offset="0" sl="37" sc="9" el="37" ec="9" bec="0" bev="0" fileid="43" />
                <SequencePoint vc="0" uspid="3030" ordinal="0" offset="18" sl="41" sc="17" el="41" ec="17" bec="0" bev="0" fileid="43" />
                <SequencePoint vc="448" uspid="3031" ordinal="0" offset="33" sl="39" sc="13" el="39" ec="13" bec="0" bev="0" fileid="43" />
                <SequencePoint vc="448" uspid="3032" ordinal="0" offset="46" sl="43" sc="9" el="43" ec="9" bec="0" bev="0" fileid="43" />
                <SequencePoint vc="448" uspid="3033" ordinal="0" offset="58" sl="44" sc="5" el="44" ec="5" bec="0" bev="0" fileid="43" />
              </SequencePoints>
              <BranchPoints />
            </Method>
            <Method visited="true" cyclomaticComplexity="0" nPathComplexity="0" sequenceCoverage="100.0" branchCoverage="0" crapScore="0" isConstructor="true" isStatic="true" isGetter="false" isSetter="false">
              <Summary numSequencePoints="2" visitedSequencePoints="2" numBranchPoints="0" visitedBranchPoints="0" sequenceCoverage="100.0" branchCoverage="0" maxCyclomaticComplexity="0" minCyclomaticComplexity="0" maxCrapScore="0" minCrapScore="0" visitedClasses="0" numClasses="0" visitedMethods="1" numMethods="1" />
              <MetadataToken>100663455</MetadataToken>
              <Name>static UnityMainThreadDispatcher::UnityMainThreadDispatcher()</Name>
              <FileRef uid="43" />
              <SequencePoints>
                <SequencePoint vc="1" uspid="3038" ordinal="0" offset="0" sl="8" sc="5" el="8" ec="5" bec="0" bev="0" fileid="43" />
                <SequencePoint vc="1" uspid="3039" ordinal="0" offset="10" sl="9" sc="5" el="9" ec="5" bec="0" bev="0" fileid="43" />
              </SequencePoints>
              <BranchPoints />
            </Method>
          </Methods>
        </Class>
      </Classes>
    </Module>
  </Modules>
</CoverageSession>