<?xml version="1.0" encoding="utf-8"?>
<CoverageSession xmlns:xsd="http://www.w3.org/2001/XMLSchema" xmlns:xsi="http://www.w3.org/2001/XMLSchema-instance" Version="0.0.0.0">
  <Summary numSequencePoints="580" visitedSequencePoints="468" numBranchPoints="0" visitedBranchPoints="0" sequenceCoverage="80.69" branchCoverage="0.0" maxCyclomaticComplexity="0" minCyclomaticComplexity="0" maxCrapScore="0" minCrapScore="0" visitedClasses="30" numClasses="30" visitedMethods="90" numMethods="90" />
  <Modules>
    <Module>
      <Summary numSequencePoints="7" visitedSequencePoints="2" numBranchPoints="0" visitedBranchPoints="0" sequenceCoverage="28.57" branchCoverage="0.0" maxCyclomaticComplexity="0" minCyclomaticComplexity="0" maxCrapScore="0" minCrapScore="0" visitedClasses="1" numClasses="1" visitedMethods="1" numMethods="1" />
      <ModuleTime>0001-01-01T00:00:00</ModuleTime>
      <ModuleName>Assembly-CSharp-Editor</ModuleName>
      <Files>
        <File uid="1" fullPath="/Users/ninaperone/Desktop/section-005-morris-projects-LiftQuest/LiftQuest/Assets/TutorialInfo/Scripts/Editor/ReadmeEditor.cs" />
      </Files>
      <Classes>
        <Class>
          <Summary numSequencePoints="7" visitedSequencePoints="2" numBranchPoints="0" visitedBranchPoints="0" sequenceCoverage="28.57" branchCoverage="0.0" maxCyclomaticComplexity="0" minCyclomaticComplexity="0" maxCrapScore="0" minCrapScore="0" visitedClasses="1" numClasses="1" visitedMethods="1" numMethods="1" />
          <FullName>ReadmeEditor</FullName>
          <Methods>
            <Method visited="true" cyclomaticComplexity="0" nPathComplexity="0" sequenceCoverage="28.57" branchCoverage="0" crapScore="0" isConstructor="false" isStatic="true" isGetter="false" isSetter="false">
              <Summary numSequencePoints="7" visitedSequencePoints="2" numBranchPoints="0" visitedBranchPoints="0" sequenceCoverage="28.57" branchCoverage="0" maxCyclomaticComplexity="0" minCyclomaticComplexity="0" maxCrapScore="0" minCrapScore="0" visitedClasses="0" numClasses="0" visitedMethods="1" numMethods="1" />
              <MetadataToken>100663299</MetadataToken>
              <Name>static System.Void ReadmeEditor::SelectReadmeAutomatically()</Name>
              <FileRef uid="1" />
              <SequencePoints>
                <SequencePoint vc="1" uspid="13" ordinal="0" offset="0" sl="56" sc="9" el="56" ec="9" bec="0" bev="0" fileid="1" />
                <SequencePoint vc="0" uspid="14" ordinal="0" offset="13" sl="58" sc="13" el="58" ec="13" bec="0" bev="0" fileid="1" />
                <SequencePoint vc="0" uspid="15" ordinal="0" offset="19" sl="59" sc="13" el="59" ec="13" bec="0" bev="0" fileid="1" />
                <SequencePoint vc="0" uspid="16" ordinal="0" offset="30" sl="61" sc="13" el="61" ec="13" bec="0" bev="0" fileid="1" />
                <SequencePoint vc="0" uspid="17" ordinal="0" offset="46" sl="63" sc="17" el="63" ec="17" bec="0" bev="0" fileid="1" />
                <SequencePoint vc="0" uspid="18" ordinal="0" offset="51" sl="64" sc="17" el="64" ec="17" bec="0" bev="0" fileid="1" />
                <SequencePoint vc="1" uspid="19" ordinal="0" offset="58" sl="67" sc="5" el="67" ec="5" bec="0" bev="0" fileid="1" />
              </SequencePoints>
              <BranchPoints />
            </Method>
          </Methods>
        </Class>
      </Classes>
    </Module>
    <Module>
      <Summary numSequencePoints="7" visitedSequencePoints="7" numBranchPoints="0" visitedBranchPoints="0" sequenceCoverage="100.0" branchCoverage="0.0" maxCyclomaticComplexity="0" minCyclomaticComplexity="0" maxCrapScore="0" minCrapScore="0" visitedClasses="1" numClasses="1" visitedMethods="3" numMethods="3" />
      <ModuleTime>0001-01-01T00:00:00</ModuleTime>
      <ModuleName>Assembly-CSharp</ModuleName>
      <Files>
        <File uid="2" fullPath="/Users/ninaperone/Desktop/section-005-morris-projects-LiftQuest/LiftQuest/Assets/ButtonHoverSwap.cs" />
        <File uid="3" fullPath="/Users/ninaperone/Desktop/section-005-morris-projects-LiftQuest/LiftQuest/Assets/CurlTracker.cs" />
        <File uid="4" fullPath="/Users/ninaperone/Desktop/section-005-morris-projects-LiftQuest/LiftQuest/Assets/SettingsMenu.cs" />
      </Files>
      <Classes>
        <Class>
          <Summary numSequencePoints="7" visitedSequencePoints="7" numBranchPoints="0" visitedBranchPoints="0" sequenceCoverage="100.0" branchCoverage="0.0" maxCyclomaticComplexity="0" minCyclomaticComplexity="0" maxCrapScore="0" minCrapScore="0" visitedClasses="1" numClasses="1" visitedMethods="3" numMethods="3" />
          <FullName>ButtonHoverSwap</FullName>
          <Methods>
            <Method visited="true" cyclomaticComplexity="0" nPathComplexity="0" sequenceCoverage="100.0" branchCoverage="0" crapScore="0" isConstructor="false" isStatic="false" isGetter="false" isSetter="false">
              <Summary numSequencePoints="3" visitedSequencePoints="3" numBranchPoints="0" visitedBranchPoints="0" sequenceCoverage="100.0" branchCoverage="0" maxCyclomaticComplexity="0" minCyclomaticComplexity="0" maxCrapScore="0" minCrapScore="0" visitedClasses="0" numClasses="0" visitedMethods="1" numMethods="1" />
              <MetadataToken>100663297</MetadataToken>
              <Name>System.Void ButtonHoverSwap::Start()</Name>
              <FileRef uid="2" />
              <SequencePoints>
                <SequencePoint vc="1" uspid="100" ordinal="0" offset="0" sl="14" sc="9" el="14" ec="9" bec="0" bev="0" fileid="2" />
                <SequencePoint vc="1" uspid="101" ordinal="0" offset="12" sl="15" sc="9" el="15" ec="9" bec="0" bev="0" fileid="2" />
                <SequencePoint vc="1" uspid="102" ordinal="0" offset="29" sl="16" sc="5" el="16" ec="5" bec="0" bev="0" fileid="2" />
              </SequencePoints>
              <BranchPoints />
            </Method>
            <Method visited="true" cyclomaticComplexity="0" nPathComplexity="0" sequenceCoverage="100.0" branchCoverage="0" crapScore="0" isConstructor="false" isStatic="false" isGetter="false" isSetter="false">
              <Summary numSequencePoints="2" visitedSequencePoints="2" numBranchPoints="0" visitedBranchPoints="0" sequenceCoverage="100.0" branchCoverage="0" maxCyclomaticComplexity="0" minCyclomaticComplexity="0" maxCrapScore="0" minCrapScore="0" visitedClasses="0" numClasses="0" visitedMethods="1" numMethods="1" />
              <MetadataToken>100663298</MetadataToken>
              <Name>System.Void ButtonHoverSwap::OnPointerEnter(UnityEngine.EventSystems.PointerEventData)</Name>
              <FileRef uid="2" />
              <SequencePoints>
                <SequencePoint vc="1" uspid="103" ordinal="0" offset="0" sl="20" sc="9" el="20" ec="9" bec="0" bev="0" fileid="2" />
                <SequencePoint vc="1" uspid="104" ordinal="0" offset="17" sl="21" sc="5" el="21" ec="5" bec="0" bev="0" fileid="2" />
              </SequencePoints>
              <BranchPoints />
            </Method>
            <Method visited="true" cyclomaticComplexity="0" nPathComplexity="0" sequenceCoverage="100.0" branchCoverage="0" crapScore="0" isConstructor="false" isStatic="false" isGetter="false" isSetter="false">
              <Summary numSequencePoints="2" visitedSequencePoints="2" numBranchPoints="0" visitedBranchPoints="0" sequenceCoverage="100.0" branchCoverage="0" maxCyclomaticComplexity="0" minCyclomaticComplexity="0" maxCrapScore="0" minCrapScore="0" visitedClasses="0" numClasses="0" visitedMethods="1" numMethods="1" />
              <MetadataToken>100663299</MetadataToken>
              <Name>System.Void ButtonHoverSwap::OnPointerExit(UnityEngine.EventSystems.PointerEventData)</Name>
              <FileRef uid="2" />
              <SequencePoints>
                <SequencePoint vc="1" uspid="105" ordinal="0" offset="0" sl="25" sc="9" el="25" ec="9" bec="0" bev="0" fileid="2" />
                <SequencePoint vc="1" uspid="106" ordinal="0" offset="17" sl="26" sc="5" el="26" ec="5" bec="0" bev="0" fileid="2" />
              </SequencePoints>
              <BranchPoints />
            </Method>
          </Methods>
        </Class>
      </Classes>
    </Module>
    <Module>
      <Summary numSequencePoints="36" visitedSequencePoints="26" numBranchPoints="0" visitedBranchPoints="0" sequenceCoverage="72.22" branchCoverage="0.0" maxCyclomaticComplexity="0" minCyclomaticComplexity="0" maxCrapScore="0" minCrapScore="0" visitedClasses="3" numClasses="3" visitedMethods="10" numMethods="10" />
      <ModuleTime>0001-01-01T00:00:00</ModuleTime>
      <ModuleName>Danqzq.LeaderboardCreator</ModuleName>
      <Files>
        <File uid="5" fullPath="/Users/ninaperone/Desktop/section-005-morris-projects-LiftQuest/LiftQuest/Assets/LeaderboardCreator/Scripts/LeaderboardCreatorDemo.cs" />
        <File uid="6" fullPath="/Users/ninaperone/Desktop/section-005-morris-projects-LiftQuest/LiftQuest/Assets/LeaderboardCreator/Scripts/Utils/ConstantVariables.cs" />
        <File uid="7" fullPath="/Users/ninaperone/Desktop/section-005-morris-projects-LiftQuest/LiftQuest/Assets/LeaderboardCreator/Scripts/Utils/ExtensionMethods.cs" />
        <File uid="8" fullPath="/Users/ninaperone/Desktop/section-005-morris-projects-LiftQuest/LiftQuest/Assets/LeaderboardCreator/Scripts/Utils/LeaderboardCreatorConfig.cs" />
        <File uid="9" fullPath="/Users/ninaperone/Desktop/section-005-morris-projects-LiftQuest/LiftQuest/Assets/LeaderboardCreator/Scripts/Utils/Requests.cs" />
        <File uid="10" fullPath="/Users/ninaperone/Desktop/section-005-morris-projects-LiftQuest/LiftQuest/Assets/LeaderboardCreator/Scripts/Models/Entry.cs" />
        <File uid="11" fullPath="/Users/ninaperone/Desktop/section-005-morris-projects-LiftQuest/LiftQuest/Assets/LeaderboardCreator/Scripts/Models/LeaderboardSearchQuery.cs" />
        <File uid="12" fullPath="/Users/ninaperone/Desktop/section-005-morris-projects-LiftQuest/LiftQuest/Assets/LeaderboardCreator/Scripts/Main/LeaderboardCreator.cs" />
        <File uid="13" fullPath="/Users/ninaperone/Desktop/section-005-morris-projects-LiftQuest/LiftQuest/Assets/LeaderboardCreator/Scripts/Main/LeaderboardCreatorBehaviour.cs" />
        <File uid="14" fullPath="/Users/ninaperone/Desktop/section-005-morris-projects-LiftQuest/LiftQuest/Assets/LeaderboardCreator/Scripts/Main/LeaderboardReference.cs" />
        <File uid="15" fullPath="/Users/ninaperone/Desktop/section-005-morris-projects-LiftQuest/LiftQuest/Assets/LeaderboardCreator/Scripts/Main/Leaderboards.cs" />
        <File uid="16" fullPath="/Users/ninaperone/Desktop/section-005-morris-projects-LiftQuest/LiftQuest/Assets/LeaderboardCreator/Scripts/Demo/EntryDisplay.cs" />
        <File uid="17" fullPath="/Users/ninaperone/Desktop/section-005-morris-projects-LiftQuest/LiftQuest/Assets/LeaderboardCreator/Scripts/Demo/LeaderboardShowcase.cs" />
      </Files>
      <Classes>
        <Class>
          <Summary numSequencePoints="2" visitedSequencePoints="2" numBranchPoints="0" visitedBranchPoints="0" sequenceCoverage="100.0" branchCoverage="0.0" maxCyclomaticComplexity="0" minCyclomaticComplexity="0" maxCrapScore="0" minCrapScore="0" visitedClasses="1" numClasses="1" visitedMethods="1" numMethods="1" />
          <FullName>Dan.LeaderboardCreatorConfig</FullName>
          <Methods>
            <Method visited="true" cyclomaticComplexity="0" nPathComplexity="0" sequenceCoverage="100.0" branchCoverage="0" crapScore="0" isConstructor="true" isStatic="false" isGetter="false" isSetter="false">
              <Summary numSequencePoints="2" visitedSequencePoints="2" numBranchPoints="0" visitedBranchPoints="0" sequenceCoverage="100.0" branchCoverage="0" maxCyclomaticComplexity="0" minCyclomaticComplexity="0" maxCrapScore="0" minCrapScore="0" visitedClasses="0" numClasses="0" visitedMethods="1" numMethods="1" />
              <MetadataToken>100663305</MetadataToken>
              <Name>Dan.LeaderboardCreatorConfig::LeaderboardCreatorConfig()</Name>
              <FileRef uid="8" />
              <SequencePoints>
                <SequencePoint vc="1" uspid="143" ordinal="0" offset="0" sl="15" sc="9" el="15" ec="9" bec="0" bev="0" fileid="8" />
                <SequencePoint vc="1" uspid="144" ordinal="0" offset="11" sl="16" sc="9" el="16" ec="9" bec="0" bev="0" fileid="8" />
              </SequencePoints>
              <BranchPoints />
            </Method>
          </Methods>
        </Class>
        <Class>
          <Summary numSequencePoints="21" visitedSequencePoints="17" numBranchPoints="0" visitedBranchPoints="0" sequenceCoverage="80.95" branchCoverage="0.0" maxCyclomaticComplexity="0" minCyclomaticComplexity="0" maxCrapScore="0" minCrapScore="0" visitedClasses="1" numClasses="1" visitedMethods="6" numMethods="6" />
          <FullName>Dan.Main.LeaderboardCreator</FullName>
          <Methods>
            <Method visited="true" cyclomaticComplexity="0" nPathComplexity="0" sequenceCoverage="100.0" branchCoverage="0" crapScore="0" isConstructor="false" isStatic="true" isGetter="true" isSetter="false">
              <Summary numSequencePoints="1" visitedSequencePoints="1" numBranchPoints="0" visitedBranchPoints="0" sequenceCoverage="100.0" branchCoverage="0" maxCyclomaticComplexity="0" minCyclomaticComplexity="0" maxCrapScore="0" minCrapScore="0" visitedClasses="0" numClasses="0" visitedMethods="1" numMethods="1" />
              <MetadataToken>100663331</MetadataToken>
              <Name>static System.Boolean Dan.Main.LeaderboardCreator::get_LoggingEnabled()</Name>
              <FileRef uid="12" />
              <SequencePoints>
                <SequencePoint vc="2" uspid="174" ordinal="0" offset="0" sl="13" sc="45" el="13" ec="45" bec="0" bev="0" fileid="12" />
              </SequencePoints>
              <BranchPoints />
            </Method>
            <Method visited="true" cyclomaticComplexity="0" nPathComplexity="0" sequenceCoverage="100.0" branchCoverage="0" crapScore="0" isConstructor="false" isStatic="true" isGetter="false" isSetter="false">
              <Summary numSequencePoints="6" visitedSequencePoints="6" numBranchPoints="0" visitedBranchPoints="0" sequenceCoverage="100.0" branchCoverage="0" maxCyclomaticComplexity="0" minCyclomaticComplexity="0" maxCrapScore="0" minCrapScore="0" visitedClasses="0" numClasses="0" visitedMethods="1" numMethods="1" />
              <MetadataToken>100663333</MetadataToken>
              <Name>static System.Void Dan.Main.LeaderboardCreator::Initialize()</Name>
              <FileRef uid="12" />
              <SequencePoints>
                <SequencePoint vc="1" uspid="176" ordinal="0" offset="0" sl="25" sc="13" el="25" ec="13" bec="0" bev="0" fileid="12" />
                <SequencePoint vc="1" uspid="177" ordinal="0" offset="10" sl="26" sc="13" el="26" ec="13" bec="0" bev="0" fileid="12" />
                <SequencePoint vc="1" uspid="178" ordinal="0" offset="30" sl="27" sc="13" el="27" ec="13" bec="0" bev="0" fileid="12" />
                <SequencePoint vc="1" uspid="179" ordinal="0" offset="45" sl="29" sc="13" el="29" ec="13" bec="0" bev="0" fileid="12" />
                <SequencePoint vc="1" uspid="180" ordinal="0" offset="58" sl="30" sc="17" el="30" ec="17" bec="0" bev="0" fileid="12" />
                <SequencePoint vc="1" uspid="181" ordinal="0" offset="80" sl="31" sc="9" el="31" ec="9" bec="0" bev="0" fileid="12" />
              </SequencePoints>
              <BranchPoints />
            </Method>
            <Method visited="true" cyclomaticComplexity="0" nPathComplexity="0" sequenceCoverage="50.00" branchCoverage="0" crapScore="0" isConstructor="false" isStatic="true" isGetter="false" isSetter="false">
              <Summary numSequencePoints="6" visitedSequencePoints="3" numBranchPoints="0" visitedBranchPoints="0" sequenceCoverage="50.00" branchCoverage="0" maxCyclomaticComplexity="0" minCyclomaticComplexity="0" maxCrapScore="0" minCrapScore="0" visitedClasses="0" numClasses="0" visitedMethods="1" numMethods="1" />
              <MetadataToken>100663334</MetadataToken>
              <Name>static System.Void Dan.Main.LeaderboardCreator::OnAuthorizationAttempted(System.String)</Name>
              <FileRef uid="12" />
              <SequencePoints>
                <SequencePoint vc="1" uspid="182" ordinal="0" offset="0" sl="35" sc="13" el="35" ec="13" bec="0" bev="0" fileid="12" />
                <SequencePoint vc="0" uspid="183" ordinal="0" offset="8" sl="37" sc="17" el="37" ec="17" bec="0" bev="0" fileid="12" />
                <SequencePoint vc="0" uspid="184" ordinal="0" offset="18" sl="45" sc="17" el="45" ec="17" bec="0" bev="0" fileid="12" />
                <SequencePoint vc="0" uspid="185" ordinal="0" offset="34" sl="46" sc="17" el="46" ec="17" bec="0" bev="0" fileid="12" />
                <SequencePoint vc="1" uspid="186" ordinal="0" offset="35" sl="48" sc="13" el="48" ec="13" bec="0" bev="0" fileid="12" />
                <SequencePoint vc="1" uspid="187" ordinal="0" offset="41" sl="49" sc="9" el="49" ec="9" bec="0" bev="0" fileid="12" />
              </SequencePoints>
              <BranchPoints />
            </Method>
            <Method visited="true" cyclomaticComplexity="0" nPathComplexity="0" sequenceCoverage="100.0" branchCoverage="0" crapScore="0" isConstructor="false" isStatic="true" isGetter="false" isSetter="false">
              <Summary numSequencePoints="3" visitedSequencePoints="3" numBranchPoints="0" visitedBranchPoints="0" sequenceCoverage="100.0" branchCoverage="0" maxCyclomaticComplexity="0" minCyclomaticComplexity="0" maxCrapScore="0" minCrapScore="0" visitedClasses="0" numClasses="0" visitedMethods="1" numMethods="1" />
              <MetadataToken>100663336</MetadataToken>
              <Name>static System.Void Dan.Main.LeaderboardCreator::SetUserGuid(System.String)</Name>
              <FileRef uid="12" />
              <SequencePoints>
                <SequencePoint vc="1" uspid="190" ordinal="0" offset="0" sl="68" sc="13" el="68" ec="13" bec="0" bev="0" fileid="12" />
                <SequencePoint vc="1" uspid="191" ordinal="0" offset="6" sl="69" sc="13" el="69" ec="13" bec="0" bev="0" fileid="12" />
                <SequencePoint vc="1" uspid="192" ordinal="0" offset="16" sl="70" sc="9" el="70" ec="9" bec="0" bev="0" fileid="12" />
              </SequencePoints>
              <BranchPoints />
            </Method>
            <Method visited="true" cyclomaticComplexity="0" nPathComplexity="0" sequenceCoverage="75.00" branchCoverage="0" crapScore="0" isConstructor="false" isStatic="true" isGetter="false" isSetter="false">
              <Summary numSequencePoints="4" visitedSequencePoints="3" numBranchPoints="0" visitedBranchPoints="0" sequenceCoverage="75.00" branchCoverage="0" maxCyclomaticComplexity="0" minCyclomaticComplexity="0" maxCrapScore="0" minCrapScore="0" visitedClasses="0" numClasses="0" visitedMethods="1" numMethods="1" />
              <MetadataToken>100663349</MetadataToken>
              <Name>static System.Void Dan.Main.LeaderboardCreator::Log(System.String)</Name>
              <FileRef uid="12" />
              <SequencePoints>
                <SequencePoint vc="2" uspid="256" ordinal="0" offset="0" sl="313" sc="13" el="313" ec="13" bec="0" bev="0" fileid="12" />
                <SequencePoint vc="0" uspid="257" ordinal="0" offset="7" sl="313" sc="34" el="313" ec="34" bec="0" bev="0" fileid="12" />
                <SequencePoint vc="2" uspid="258" ordinal="0" offset="8" sl="314" sc="13" el="314" ec="13" bec="0" bev="0" fileid="12" />
                <SequencePoint vc="2" uspid="259" ordinal="0" offset="24" sl="315" sc="9" el="315" ec="9" bec="0" bev="0" fileid="12" />
              </SequencePoints>
              <BranchPoints />
            </Method>
            <Method visited="true" cyclomaticComplexity="0" nPathComplexity="0" sequenceCoverage="100.0" branchCoverage="0" crapScore="0" isConstructor="true" isStatic="true" isGetter="false" isSetter="false">
              <Summary numSequencePoints="1" visitedSequencePoints="1" numBranchPoints="0" visitedBranchPoints="0" sequenceCoverage="100.0" branchCoverage="0" maxCyclomaticComplexity="0" minCyclomaticComplexity="0" maxCrapScore="0" minCrapScore="0" visitedClasses="0" numClasses="0" visitedMethods="1" numMethods="1" />
              <MetadataToken>100663351</MetadataToken>
              <Name>static Dan.Main.LeaderboardCreator::LeaderboardCreator()</Name>
              <FileRef uid="12" />
              <SequencePoints>
                <SequencePoint vc="1" uspid="264" ordinal="0" offset="0" sl="13" sc="59" el="13" ec="59" bec="0" bev="0" fileid="12" />
              </SequencePoints>
              <BranchPoints />
            </Method>
          </Methods>
        </Class>
        <Class>
          <Summary numSequencePoints="13" visitedSequencePoints="7" numBranchPoints="0" visitedBranchPoints="0" sequenceCoverage="53.85" branchCoverage="0.0" maxCyclomaticComplexity="0" minCyclomaticComplexity="0" maxCrapScore="0" minCrapScore="0" visitedClasses="1" numClasses="1" visitedMethods="3" numMethods="3" />
          <FullName>Dan.Main.LeaderboardCreatorBehaviour</FullName>
          <Methods>
            <Method visited="true" cyclomaticComplexity="0" nPathComplexity="0" sequenceCoverage="100.0" branchCoverage="0" crapScore="0" isConstructor="false" isStatic="true" isGetter="true" isSetter="false">
              <Summary numSequencePoints="1" visitedSequencePoints="1" numBranchPoints="0" visitedBranchPoints="0" sequenceCoverage="100.0" branchCoverage="0" maxCyclomaticComplexity="0" minCyclomaticComplexity="0" maxCrapScore="0" minCrapScore="0" visitedClasses="0" numClasses="0" visitedMethods="1" numMethods="1" />
              <MetadataToken>100663353</MetadataToken>
              <Name>static Dan.LeaderboardCreatorConfig Dan.Main.LeaderboardCreatorBehaviour::get_Config()</Name>
              <FileRef uid="13" />
              <SequencePoints>
                <SequencePoint vc="2" uspid="265" ordinal="0" offset="0" sl="22" sc="13" el="22" ec="13" bec="0" bev="0" fileid="13" />
              </SequencePoints>
              <BranchPoints />
            </Method>
            <Method visited="true" cyclomaticComplexity="0" nPathComplexity="0" sequenceCoverage="57.14" branchCoverage="0" crapScore="0" isConstructor="false" isStatic="false" isGetter="false" isSetter="false">
              <Summary numSequencePoints="7" visitedSequencePoints="4" numBranchPoints="0" visitedBranchPoints="0" sequenceCoverage="57.14" branchCoverage="0" maxCyclomaticComplexity="0" minCyclomaticComplexity="0" maxCrapScore="0" minCrapScore="0" visitedClasses="0" numClasses="0" visitedMethods="1" numMethods="1" />
              <MetadataToken>100663355</MetadataToken>
              <Name>System.Void Dan.Main.LeaderboardCreatorBehaviour::Authorize(System.Action[String])</Name>
              <FileRef uid="13" />
              <SequencePoints>
                <SequencePoint vc="1" uspid="267" ordinal="0" offset="13" sl="29" sc="13" el="29" ec="13" bec="0" bev="0" fileid="13" />
                <SequencePoint vc="1" uspid="268" ordinal="0" offset="19" sl="30" sc="13" el="30" ec="13" bec="0" bev="0" fileid="13" />
                <SequencePoint vc="1" uspid="269" ordinal="0" offset="27" sl="32" sc="17" el="32" ec="17" bec="0" bev="0" fileid="13" />
                <SequencePoint vc="1" uspid="270" ordinal="0" offset="44" sl="33" sc="17" el="33" ec="17" bec="0" bev="0" fileid="13" />
                <SequencePoint vc="0" uspid="271" ordinal="0" offset="45" sl="36" sc="13" el="36" ec="13" bec="0" bev="0" fileid="13" />
                <SequencePoint vc="0" uspid="272" ordinal="0" offset="67" sl="37" sc="13" el="37" ec="13" bec="0" bev="0" fileid="13" />
                <SequencePoint vc="0" uspid="273" ordinal="0" offset="98" sl="50" sc="9" el="50" ec="9" bec="0" bev="0" fileid="13" />
              </SequencePoints>
              <BranchPoints />
            </Method>
            <Method visited="true" cyclomaticComplexity="0" nPathComplexity="0" sequenceCoverage="40.00" branchCoverage="0" crapScore="0" isConstructor="false" isStatic="true" isGetter="false" isSetter="false">
              <Summary numSequencePoints="5" visitedSequencePoints="2" numBranchPoints="0" visitedBranchPoints="0" sequenceCoverage="40.00" branchCoverage="0" maxCyclomaticComplexity="0" minCyclomaticComplexity="0" maxCrapScore="0" minCrapScore="0" visitedClasses="0" numClasses="0" visitedMethods="1" numMethods="1" />
              <MetadataToken>100663365</MetadataToken>
              <Name>static System.String Dan.Main.LeaderboardCreatorBehaviour::LoadGuid()</Name>
              <FileRef uid="13" />
              <SequencePoints>
                <SequencePoint vc="1" uspid="311" ordinal="0" offset="0" sl="199" sc="13" el="199" ec="13" bec="0" bev="0" fileid="13" />
                <SequencePoint vc="1" uspid="312" ordinal="0" offset="20" sl="202" sc="21" el="202" ec="21" bec="0" bev="0" fileid="13" />
                <SequencePoint vc="0" uspid="313" ordinal="0" offset="36" sl="204" sc="21" el="204" ec="21" bec="0" bev="0" fileid="13" />
                <SequencePoint vc="0" uspid="314" ordinal="0" offset="57" sl="205" sc="21" el="205" ec="21" bec="0" bev="0" fileid="13" />
                <SequencePoint vc="0" uspid="315" ordinal="0" offset="78" sl="207" sc="21" el="207" ec="21" bec="0" bev="0" fileid="13" />
              </SequencePoints>
              <BranchPoints />
            </Method>
          </Methods>
        </Class>
      </Classes>
    </Module>
    <Module>
      <Summary numSequencePoints="530" visitedSequencePoints="433" numBranchPoints="0" visitedBranchPoints="0" sequenceCoverage="81.70" branchCoverage="0.0" maxCyclomaticComplexity="0" minCyclomaticComplexity="0" maxCrapScore="0" minCrapScore="0" visitedClasses="25" numClasses="25" visitedMethods="76" numMethods="76" />
      <ModuleTime>0001-01-01T00:00:00</ModuleTime>
      <ModuleName>Scripts</ModuleName>
      <Files>
        <File uid="23" fullPath="/Users/ninaperone/Desktop/section-005-morris-projects-LiftQuest/LiftQuest/Assets/Scripts/AudioManager.cs" />
        <File uid="24" fullPath="/Users/ninaperone/Desktop/section-005-morris-projects-LiftQuest/LiftQuest/Assets/Scripts/BicepCurlDetector.cs" />
        <File uid="25" fullPath="/Users/ninaperone/Desktop/section-005-morris-projects-LiftQuest/LiftQuest/Assets/Scripts/ButtonSFX.cs" />
        <File uid="26" fullPath="/Users/ninaperone/Desktop/section-005-morris-projects-LiftQuest/LiftQuest/Assets/Scripts/ButtonSound.cs" />
        <File uid="27" fullPath="/Users/ninaperone/Desktop/section-005-morris-projects-LiftQuest/LiftQuest/Assets/Scripts/ChangeScene.cs" />
        <File uid="28" fullPath="/Users/ninaperone/Desktop/section-005-morris-projects-LiftQuest/LiftQuest/Assets/Scripts/DatabaseManager.cs" />
        <File uid="29" fullPath="/Users/ninaperone/Desktop/section-005-morris-projects-LiftQuest/LiftQuest/Assets/Scripts/ESPHomeAPI.cs" />
        <File uid="30" fullPath="/Users/ninaperone/Desktop/section-005-morris-projects-LiftQuest/LiftQuest/Assets/Scripts/GameManager.cs" />
        <File uid="31" fullPath="/Users/ninaperone/Desktop/section-005-morris-projects-LiftQuest/LiftQuest/Assets/Scripts/LevelButton.cs" />
        <File uid="32" fullPath="/Users/ninaperone/Desktop/section-005-morris-projects-LiftQuest/LiftQuest/Assets/Scripts/LevelSelectionMenu.cs" />
        <File uid="33" fullPath="/Users/ninaperone/Desktop/section-005-morris-projects-LiftQuest/LiftQuest/Assets/Scripts/MainMenu.cs" />
        <File uid="34" fullPath="/Users/ninaperone/Desktop/section-005-morris-projects-LiftQuest/LiftQuest/Assets/Scripts/Monster.cs" />
        <File uid="35" fullPath="/Users/ninaperone/Desktop/section-005-morris-projects-LiftQuest/LiftQuest/Assets/Scripts/MoveToNextLevel.cs" />
        <File uid="36" fullPath="/Users/ninaperone/Desktop/section-005-morris-projects-LiftQuest/LiftQuest/Assets/Scripts/ParallaxBackground.cs" />
        <File uid="37" fullPath="/Users/ninaperone/Desktop/section-005-morris-projects-LiftQuest/LiftQuest/Assets/Scripts/Player.cs" />
        <File uid="38" fullPath="/Users/ninaperone/Desktop/section-005-morris-projects-LiftQuest/LiftQuest/Assets/Scripts/Profile.cs" />
        <File uid="39" fullPath="/Users/ninaperone/Desktop/section-005-morris-projects-LiftQuest/LiftQuest/Assets/Scripts/ProfileManager.cs" />
        <File uid="40" fullPath="/Users/ninaperone/Desktop/section-005-morris-projects-LiftQuest/LiftQuest/Assets/Scripts/Receiver.cs" />
        <File uid="41" fullPath="/Users/ninaperone/Desktop/section-005-morris-projects-LiftQuest/LiftQuest/Assets/Scripts/ResetButton.cs" />
        <File uid="42" fullPath="/Users/ninaperone/Desktop/section-005-morris-projects-LiftQuest/LiftQuest/Assets/Scripts/SceneManagerScript.cs" />
        <File uid="43" fullPath="/Users/ninaperone/Desktop/section-005-morris-projects-LiftQuest/LiftQuest/Assets/Scripts/TitleManager.cs" />
        <File uid="44" fullPath="/Users/ninaperone/Desktop/section-005-morris-projects-LiftQuest/LiftQuest/Assets/Scripts/UIManager.cs" />
        <File uid="45" fullPath="/Users/ninaperone/Desktop/section-005-morris-projects-LiftQuest/LiftQuest/Assets/Scripts/UnityMainThreadDispatcher.cs" />
      </Files>
      <Classes>
        <Class>
          <Summary numSequencePoints="40" visitedSequencePoints="24" numBranchPoints="0" visitedBranchPoints="0" sequenceCoverage="60.00" branchCoverage="0.0" maxCyclomaticComplexity="0" minCyclomaticComplexity="0" maxCrapScore="0" minCrapScore="0" visitedClasses="1" numClasses="1" visitedMethods="3" numMethods="3" />
          <FullName>AudioManager</FullName>
          <Methods>
            <Method visited="true" cyclomaticComplexity="0" nPathComplexity="0" sequenceCoverage="100.0" branchCoverage="0" crapScore="0" isConstructor="false" isStatic="false" isGetter="false" isSetter="false">
              <Summary numSequencePoints="7" visitedSequencePoints="7" numBranchPoints="0" visitedBranchPoints="0" sequenceCoverage="100.0" branchCoverage="0" maxCyclomaticComplexity="0" minCyclomaticComplexity="0" maxCrapScore="0" minCrapScore="0" visitedClasses="0" numClasses="0" visitedMethods="1" numMethods="1" />
              <MetadataToken>100663297</MetadataToken>
              <Name>System.Void AudioManager::Awake()</Name>
              <FileRef uid="23" />
              <SequencePoints>
                <SequencePoint vc="6" uspid="798" ordinal="0" offset="0" sl="26" sc="9" el="26" ec="9" bec="0" bev="0" fileid="23" />
                <SequencePoint vc="5" uspid="799" ordinal="0" offset="26" sl="28" sc="13" el="28" ec="13" bec="0" bev="0" fileid="23" />
                <SequencePoint vc="5" uspid="800" ordinal="0" offset="37" sl="29" sc="13" el="29" ec="13" bec="0" bev="0" fileid="23" />
                <SequencePoint vc="1" uspid="801" ordinal="0" offset="38" sl="33" sc="13" el="33" ec="13" bec="0" bev="0" fileid="23" />
                <SequencePoint vc="1" uspid="802" ordinal="0" offset="44" sl="35" sc="9" el="35" ec="9" bec="0" bev="0" fileid="23" />
                <SequencePoint vc="1" uspid="803" ordinal="0" offset="55" sl="36" sc="9" el="36" ec="9" bec="0" bev="0" fileid="23" />
                <SequencePoint vc="1" uspid="804" ordinal="0" offset="72" sl="37" sc="5" el="37" ec="5" bec="0" bev="0" fileid="23" />
              </SequencePoints>
              <BranchPoints />
            </Method>
            <Method visited="true" cyclomaticComplexity="0" nPathComplexity="0" sequenceCoverage="48.39" branchCoverage="0" crapScore="0" isConstructor="false" isStatic="false" isGetter="false" isSetter="false">
              <Summary numSequencePoints="31" visitedSequencePoints="15" numBranchPoints="0" visitedBranchPoints="0" sequenceCoverage="48.39" branchCoverage="0" maxCyclomaticComplexity="0" minCyclomaticComplexity="0" maxCrapScore="0" minCrapScore="0" visitedClasses="0" numClasses="0" visitedMethods="1" numMethods="1" />
              <MetadataToken>100663298</MetadataToken>
              <Name>System.Void AudioManager::OnSceneLoaded(UnityEngine.SceneManagement.Scene, UnityEngine.SceneManagement.LoadSceneMode)</Name>
              <FileRef uid="23" />
              <SequencePoints>
                <SequencePoint vc="7" uspid="805" ordinal="0" offset="0" sl="43" sc="9" el="43" ec="9" bec="0" bev="0" fileid="23" />
                <SequencePoint vc="1" uspid="806" ordinal="0" offset="255" sl="46" sc="17" el="46" ec="17" bec="0" bev="0" fileid="23" />
                <SequencePoint vc="1" uspid="807" ordinal="0" offset="266" sl="47" sc="17" el="47" ec="17" bec="0" bev="0" fileid="23" />
                <SequencePoint vc="1" uspid="808" ordinal="0" offset="283" sl="48" sc="17" el="48" ec="17" bec="0" bev="0" fileid="23" />
                <SequencePoint vc="1" uspid="809" ordinal="0" offset="294" sl="49" sc="17" el="49" ec="17" bec="0" bev="0" fileid="23" />
                <SequencePoint vc="2" uspid="810" ordinal="0" offset="295" sl="51" sc="17" el="51" ec="17" bec="0" bev="0" fileid="23" />
                <SequencePoint vc="2" uspid="811" ordinal="0" offset="306" sl="52" sc="17" el="52" ec="17" bec="0" bev="0" fileid="23" />
                <SequencePoint vc="2" uspid="812" ordinal="0" offset="323" sl="53" sc="17" el="53" ec="17" bec="0" bev="0" fileid="23" />
                <SequencePoint vc="2" uspid="813" ordinal="0" offset="334" sl="54" sc="17" el="54" ec="17" bec="0" bev="0" fileid="23" />
                <SequencePoint vc="1" uspid="814" ordinal="0" offset="335" sl="56" sc="17" el="56" ec="17" bec="0" bev="0" fileid="23" />
                <SequencePoint vc="1" uspid="815" ordinal="0" offset="346" sl="57" sc="17" el="57" ec="17" bec="0" bev="0" fileid="23" />
                <SequencePoint vc="1" uspid="816" ordinal="0" offset="363" sl="58" sc="17" el="58" ec="17" bec="0" bev="0" fileid="23" />
                <SequencePoint vc="1" uspid="817" ordinal="0" offset="374" sl="59" sc="17" el="59" ec="17" bec="0" bev="0" fileid="23" />
                <SequencePoint vc="0" uspid="818" ordinal="0" offset="375" sl="61" sc="17" el="61" ec="17" bec="0" bev="0" fileid="23" />
                <SequencePoint vc="0" uspid="819" ordinal="0" offset="386" sl="62" sc="17" el="62" ec="17" bec="0" bev="0" fileid="23" />
                <SequencePoint vc="0" uspid="820" ordinal="0" offset="403" sl="63" sc="17" el="63" ec="17" bec="0" bev="0" fileid="23" />
                <SequencePoint vc="0" uspid="821" ordinal="0" offset="414" sl="64" sc="17" el="64" ec="17" bec="0" bev="0" fileid="23" />
                <SequencePoint vc="0" uspid="822" ordinal="0" offset="415" sl="66" sc="17" el="66" ec="17" bec="0" bev="0" fileid="23" />
                <SequencePoint vc="0" uspid="823" ordinal="0" offset="426" sl="67" sc="17" el="67" ec="17" bec="0" bev="0" fileid="23" />
                <SequencePoint vc="0" uspid="824" ordinal="0" offset="443" sl="68" sc="17" el="68" ec="17" bec="0" bev="0" fileid="23" />
                <SequencePoint vc="0" uspid="825" ordinal="0" offset="454" sl="69" sc="17" el="69" ec="17" bec="0" bev="0" fileid="23" />
                <SequencePoint vc="0" uspid="826" ordinal="0" offset="455" sl="71" sc="17" el="71" ec="17" bec="0" bev="0" fileid="23" />
                <SequencePoint vc="0" uspid="827" ordinal="0" offset="466" sl="72" sc="17" el="72" ec="17" bec="0" bev="0" fileid="23" />
                <SequencePoint vc="0" uspid="828" ordinal="0" offset="483" sl="73" sc="17" el="73" ec="17" bec="0" bev="0" fileid="23" />
                <SequencePoint vc="0" uspid="829" ordinal="0" offset="494" sl="74" sc="17" el="74" ec="17" bec="0" bev="0" fileid="23" />
                <SequencePoint vc="0" uspid="830" ordinal="0" offset="495" sl="76" sc="17" el="76" ec="17" bec="0" bev="0" fileid="23" />
                <SequencePoint vc="0" uspid="831" ordinal="0" offset="506" sl="77" sc="17" el="77" ec="17" bec="0" bev="0" fileid="23" />
                <SequencePoint vc="0" uspid="832" ordinal="0" offset="523" sl="78" sc="17" el="78" ec="17" bec="0" bev="0" fileid="23" />
                <SequencePoint vc="0" uspid="833" ordinal="0" offset="534" sl="79" sc="17" el="79" ec="17" bec="0" bev="0" fileid="23" />
                <SequencePoint vc="3" uspid="834" ordinal="0" offset="535" sl="81" sc="17" el="81" ec="17" bec="0" bev="0" fileid="23" />
                <SequencePoint vc="3" uspid="835" ordinal="0" offset="545" sl="94" sc="5" el="94" ec="5" bec="0" bev="0" fileid="23" />
              </SequencePoints>
              <BranchPoints />
            </Method>
            <Method visited="true" cyclomaticComplexity="0" nPathComplexity="0" sequenceCoverage="100.0" branchCoverage="0" crapScore="0" isConstructor="false" isStatic="false" isGetter="false" isSetter="false">
              <Summary numSequencePoints="2" visitedSequencePoints="2" numBranchPoints="0" visitedBranchPoints="0" sequenceCoverage="100.0" branchCoverage="0" maxCyclomaticComplexity="0" minCyclomaticComplexity="0" maxCrapScore="0" minCrapScore="0" visitedClasses="0" numClasses="0" visitedMethods="1" numMethods="1" />
              <MetadataToken>100663299</MetadataToken>
              <Name>System.Void AudioManager::OnDestroy()</Name>
              <FileRef uid="23" />
              <SequencePoints>
                <SequencePoint vc="6" uspid="836" ordinal="0" offset="0" sl="97" sc="9" el="97" ec="9" bec="0" bev="0" fileid="23" />
                <SequencePoint vc="6" uspid="837" ordinal="0" offset="17" sl="98" sc="5" el="98" ec="5" bec="0" bev="0" fileid="23" />
              </SequencePoints>
              <BranchPoints />
            </Method>
          </Methods>
        </Class>
        <Class>
          <Summary numSequencePoints="20" visitedSequencePoints="9" numBranchPoints="0" visitedBranchPoints="0" sequenceCoverage="45.00" branchCoverage="0.0" maxCyclomaticComplexity="0" minCyclomaticComplexity="0" maxCrapScore="0" minCrapScore="0" visitedClasses="1" numClasses="1" visitedMethods="3" numMethods="3" />
          <FullName>BicepCurlDetector</FullName>
          <Methods>
            <Method visited="true" cyclomaticComplexity="0" nPathComplexity="0" sequenceCoverage="31.25" branchCoverage="0" crapScore="0" isConstructor="false" isStatic="false" isGetter="false" isSetter="false">
              <Summary numSequencePoints="16" visitedSequencePoints="5" numBranchPoints="0" visitedBranchPoints="0" sequenceCoverage="31.25" branchCoverage="0" maxCyclomaticComplexity="0" minCyclomaticComplexity="0" maxCrapScore="0" minCrapScore="0" visitedClasses="0" numClasses="0" visitedMethods="1" numMethods="1" />
              <MetadataToken>100663303</MetadataToken>
              <Name>System.Boolean BicepCurlDetector::UpdatePositions(System.Boolean, System.Boolean)</Name>
              <FileRef uid="24" />
              <SequencePoints>
                <SequencePoint vc="9424" uspid="843" ordinal="0" offset="0" sl="17" sc="9" el="17" ec="9" bec="0" bev="0" fileid="24" />
                <SequencePoint vc="9424" uspid="844" ordinal="0" offset="2" sl="19" sc="9" el="19" ec="9" bec="0" bev="0" fileid="24" />
                <SequencePoint vc="0" uspid="845" ordinal="0" offset="22" sl="21" sc="13" el="21" ec="13" bec="0" bev="0" fileid="24" />
                <SequencePoint vc="9424" uspid="846" ordinal="0" offset="24" sl="24" sc="9" el="24" ec="9" bec="0" bev="0" fileid="24" />
                <SequencePoint vc="9424" uspid="847" ordinal="0" offset="40" sl="27" sc="17" el="27" ec="17" bec="0" bev="0" fileid="24" />
                <SequencePoint vc="0" uspid="848" ordinal="0" offset="46" sl="29" sc="21" el="29" ec="21" bec="0" bev="0" fileid="24" />
                <SequencePoint vc="0" uspid="849" ordinal="0" offset="53" sl="30" sc="21" el="30" ec="21" bec="0" bev="0" fileid="24" />
                <SequencePoint vc="0" uspid="850" ordinal="0" offset="67" sl="31" sc="21" el="31" ec="21" bec="0" bev="0" fileid="24" />
                <SequencePoint vc="0" uspid="851" ordinal="0" offset="69" sl="32" sc="21" el="32" ec="21" bec="0" bev="0" fileid="24" />
                <SequencePoint vc="0" uspid="852" ordinal="0" offset="80" sl="33" sc="21" el="33" ec="21" bec="0" bev="0" fileid="24" />
                <SequencePoint vc="0" uspid="853" ordinal="0" offset="106" sl="35" sc="17" el="35" ec="17" bec="0" bev="0" fileid="24" />
                <SequencePoint vc="0" uspid="854" ordinal="0" offset="108" sl="38" sc="17" el="38" ec="17" bec="0" bev="0" fileid="24" />
                <SequencePoint vc="0" uspid="855" ordinal="0" offset="114" sl="40" sc="21" el="40" ec="21" bec="0" bev="0" fileid="24" />
                <SequencePoint vc="0" uspid="856" ordinal="0" offset="121" sl="41" sc="21" el="41" ec="21" bec="0" bev="0" fileid="24" />
                <SequencePoint vc="0" uspid="857" ordinal="0" offset="132" sl="42" sc="21" el="42" ec="21" bec="0" bev="0" fileid="24" />
                <SequencePoint vc="9424" uspid="858" ordinal="0" offset="142" sl="47" sc="9" el="47" ec="9" bec="0" bev="0" fileid="24" />
              </SequencePoints>
              <BranchPoints />
            </Method>
            <Method visited="true" cyclomaticComplexity="0" nPathComplexity="0" sequenceCoverage="100.0" branchCoverage="0" crapScore="0" isConstructor="false" isStatic="false" isGetter="false" isSetter="false">
              <Summary numSequencePoints="3" visitedSequencePoints="3" numBranchPoints="0" visitedBranchPoints="0" sequenceCoverage="100.0" branchCoverage="0" maxCyclomaticComplexity="0" minCyclomaticComplexity="0" maxCrapScore="0" minCrapScore="0" visitedClasses="0" numClasses="0" visitedMethods="1" numMethods="1" />
              <MetadataToken>100663305</MetadataToken>
              <Name>System.Void BicepCurlDetector::ResetRepCount()</Name>
              <FileRef uid="24" />
              <SequencePoints>
                <SequencePoint vc="1" uspid="860" ordinal="0" offset="0" sl="57" sc="9" el="57" ec="9" bec="0" bev="0" fileid="24" />
                <SequencePoint vc="1" uspid="861" ordinal="0" offset="7" sl="58" sc="9" el="58" ec="9" bec="0" bev="0" fileid="24" />
                <SequencePoint vc="1" uspid="862" ordinal="0" offset="14" sl="59" sc="5" el="59" ec="5" bec="0" bev="0" fileid="24" />
              </SequencePoints>
              <BranchPoints />
            </Method>
            <Method visited="true" cyclomaticComplexity="0" nPathComplexity="0" sequenceCoverage="100.0" branchCoverage="0" crapScore="0" isConstructor="true" isStatic="false" isGetter="false" isSetter="false">
              <Summary numSequencePoints="1" visitedSequencePoints="1" numBranchPoints="0" visitedBranchPoints="0" sequenceCoverage="100.0" branchCoverage="0" maxCyclomaticComplexity="0" minCyclomaticComplexity="0" maxCrapScore="0" minCrapScore="0" visitedClasses="0" numClasses="0" visitedMethods="1" numMethods="1" />
              <MetadataToken>100663306</MetadataToken>
              <Name>BicepCurlDetector::BicepCurlDetector()</Name>
              <FileRef uid="24" />
              <SequencePoints>
                <SequencePoint vc="1" uspid="863" ordinal="0" offset="0" sl="10" sc="5" el="10" ec="5" bec="0" bev="0" fileid="24" />
              </SequencePoints>
              <BranchPoints />
            </Method>
          </Methods>
        </Class>
        <Class>
          <Summary numSequencePoints="4" visitedSequencePoints="4" numBranchPoints="0" visitedBranchPoints="0" sequenceCoverage="100.0" branchCoverage="0.0" maxCyclomaticComplexity="0" minCyclomaticComplexity="0" maxCrapScore="0" minCrapScore="0" visitedClasses="1" numClasses="1" visitedMethods="2" numMethods="2" />
          <FullName>ButtonPress</FullName>
          <Methods>
            <Method visited="true" cyclomaticComplexity="0" nPathComplexity="0" sequenceCoverage="100.0" branchCoverage="0" crapScore="0" isConstructor="false" isStatic="false" isGetter="false" isSetter="false">
              <Summary numSequencePoints="1" visitedSequencePoints="1" numBranchPoints="0" visitedBranchPoints="0" sequenceCoverage="100.0" branchCoverage="0" maxCyclomaticComplexity="0" minCyclomaticComplexity="0" maxCrapScore="0" minCrapScore="0" visitedClasses="0" numClasses="0" visitedMethods="1" numMethods="1" />
              <MetadataToken>100663307</MetadataToken>
              <Name>System.Void ButtonPress::Awake()</Name>
              <FileRef uid="25" />
              <SequencePoints>
                <SequencePoint vc="6" uspid="864" ordinal="0" offset="0" sl="11" sc="5" el="11" ec="5" bec="0" bev="0" fileid="25" />
              </SequencePoints>
              <BranchPoints />
            </Method>
            <Method visited="true" cyclomaticComplexity="0" nPathComplexity="0" sequenceCoverage="100.0" branchCoverage="0" crapScore="0" isConstructor="false" isStatic="false" isGetter="false" isSetter="false">
              <Summary numSequencePoints="3" visitedSequencePoints="3" numBranchPoints="0" visitedBranchPoints="0" sequenceCoverage="100.0" branchCoverage="0" maxCyclomaticComplexity="0" minCyclomaticComplexity="0" maxCrapScore="0" minCrapScore="0" visitedClasses="0" numClasses="0" visitedMethods="1" numMethods="1" />
              <MetadataToken>100663308</MetadataToken>
              <Name>System.Void ButtonPress::playButtonSound()</Name>
              <FileRef uid="25" />
              <SequencePoints>
                <SequencePoint vc="7" uspid="865" ordinal="0" offset="0" sl="14" sc="9" el="14" ec="9" bec="0" bev="0" fileid="25" />
                <SequencePoint vc="7" uspid="866" ordinal="0" offset="17" sl="15" sc="9" el="15" ec="9" bec="0" bev="0" fileid="25" />
                <SequencePoint vc="7" uspid="867" ordinal="0" offset="28" sl="16" sc="5" el="16" ec="5" bec="0" bev="0" fileid="25" />
              </SequencePoints>
              <BranchPoints />
            </Method>
          </Methods>
        </Class>
        <Class>
          <Summary numSequencePoints="50" visitedSequencePoints="39" numBranchPoints="0" visitedBranchPoints="0" sequenceCoverage="78.00" branchCoverage="0.0" maxCyclomaticComplexity="0" minCyclomaticComplexity="0" maxCrapScore="0" minCrapScore="0" visitedClasses="1" numClasses="1" visitedMethods="8" numMethods="8" />
          <FullName>DatabaseManager</FullName>
          <Methods>
            <Method visited="true" cyclomaticComplexity="0" nPathComplexity="0" sequenceCoverage="100.0" branchCoverage="0" crapScore="0" isConstructor="false" isStatic="false" isGetter="false" isSetter="false">
              <Summary numSequencePoints="3" visitedSequencePoints="3" numBranchPoints="0" visitedBranchPoints="0" sequenceCoverage="100.0" branchCoverage="0" maxCyclomaticComplexity="0" minCyclomaticComplexity="0" maxCrapScore="0" minCrapScore="0" visitedClasses="0" numClasses="0" visitedMethods="1" numMethods="1" />
              <MetadataToken>100663317</MetadataToken>
              <Name>System.Void DatabaseManager::Start()</Name>
              <FileRef uid="28" />
              <SequencePoints>
                <SequencePoint vc="4" uspid="876" ordinal="0" offset="0" sl="45" sc="9" el="45" ec="9" bec="0" bev="0" fileid="28" />
                <SequencePoint vc="4" uspid="877" ordinal="0" offset="21" sl="47" sc="9" el="47" ec="9" bec="0" bev="0" fileid="28" />
                <SequencePoint vc="4" uspid="878" ordinal="0" offset="44" sl="61" sc="5" el="61" ec="5" bec="0" bev="0" fileid="28" />
              </SequencePoints>
              <BranchPoints />
            </Method>
            <Method visited="true" cyclomaticComplexity="0" nPathComplexity="0" sequenceCoverage="45.45" branchCoverage="0" crapScore="0" isConstructor="false" isStatic="false" isGetter="false" isSetter="false">
              <Summary numSequencePoints="11" visitedSequencePoints="5" numBranchPoints="0" visitedBranchPoints="0" sequenceCoverage="45.45" branchCoverage="0" maxCyclomaticComplexity="0" minCyclomaticComplexity="0" maxCrapScore="0" minCrapScore="0" visitedClasses="0" numClasses="0" visitedMethods="1" numMethods="1" />
              <MetadataToken>100663318</MetadataToken>
              <Name>System.Void DatabaseManager::CreateProfile()</Name>
              <FileRef uid="28" />
              <SequencePoints>
                <SequencePoint vc="2" uspid="879" ordinal="0" offset="0" sl="67" sc="9" el="67" ec="9" bec="0" bev="0" fileid="28" />
                <SequencePoint vc="0" uspid="880" ordinal="0" offset="8" sl="69" sc="13" el="69" ec="13" bec="0" bev="0" fileid="28" />
                <SequencePoint vc="0" uspid="881" ordinal="0" offset="18" sl="70" sc="13" el="70" ec="13" bec="0" bev="0" fileid="28" />
                <SequencePoint vc="2" uspid="882" ordinal="0" offset="19" sl="73" sc="9" el="73" ec="9" bec="0" bev="0" fileid="28" />
                <SequencePoint vc="0" uspid="883" ordinal="0" offset="37" sl="75" sc="13" el="75" ec="13" bec="0" bev="0" fileid="28" />
                <SequencePoint vc="0" uspid="884" ordinal="0" offset="47" sl="76" sc="13" el="76" ec="13" bec="0" bev="0" fileid="28" />
                <SequencePoint vc="2" uspid="885" ordinal="0" offset="48" sl="79" sc="9" el="79" ec="9" bec="0" bev="0" fileid="28" />
                <SequencePoint vc="0" uspid="886" ordinal="0" offset="77" sl="81" sc="13" el="81" ec="13" bec="0" bev="0" fileid="28" />
                <SequencePoint vc="0" uspid="887" ordinal="0" offset="87" sl="82" sc="13" el="82" ec="13" bec="0" bev="0" fileid="28" />
                <SequencePoint vc="2" uspid="888" ordinal="0" offset="88" sl="106" sc="9" el="106" ec="9" bec="0" bev="0" fileid="28" />
                <SequencePoint vc="2" uspid="889" ordinal="0" offset="153" sl="150" sc="5" el="150" ec="5" bec="0" bev="0" fileid="28" />
              </SequencePoints>
              <BranchPoints />
            </Method>
            <Method visited="true" cyclomaticComplexity="0" nPathComplexity="0" sequenceCoverage="100.0" branchCoverage="0" crapScore="0" isConstructor="false" isStatic="false" isGetter="false" isSetter="false">
              <Summary numSequencePoints="2" visitedSequencePoints="2" numBranchPoints="0" visitedBranchPoints="0" sequenceCoverage="100.0" branchCoverage="0" maxCyclomaticComplexity="0" minCyclomaticComplexity="0" maxCrapScore="0" minCrapScore="0" visitedClasses="0" numClasses="0" visitedMethods="1" numMethods="1" />
              <MetadataToken>100663319</MetadataToken>
              <Name>System.Void DatabaseManager::LoginUser()</Name>
              <FileRef uid="28" />
              <SequencePoints>
                <SequencePoint vc="1" uspid="890" ordinal="0" offset="0" sl="154" sc="9" el="154" ec="9" bec="0" bev="0" fileid="28" />
                <SequencePoint vc="1" uspid="891" ordinal="0" offset="13" sl="155" sc="5" el="155" ec="5" bec="0" bev="0" fileid="28" />
              </SequencePoints>
              <BranchPoints />
            </Method>
            <Method visited="true" cyclomaticComplexity="0" nPathComplexity="0" sequenceCoverage="100.0" branchCoverage="0" crapScore="0" isConstructor="false" isStatic="false" isGetter="false" isSetter="false">
              <Summary numSequencePoints="5" visitedSequencePoints="5" numBranchPoints="0" visitedBranchPoints="0" sequenceCoverage="100.0" branchCoverage="0" maxCyclomaticComplexity="0" minCyclomaticComplexity="0" maxCrapScore="0" minCrapScore="0" visitedClasses="0" numClasses="0" visitedMethods="1" numMethods="1" />
              <MetadataToken>100663321</MetadataToken>
              <Name>System.Void DatabaseManager::Logout()</Name>
              <FileRef uid="28" />
              <SequencePoints>
                <SequencePoint vc="1" uspid="892" ordinal="0" offset="0" sl="218" sc="9" el="218" ec="9" bec="0" bev="0" fileid="28" />
                <SequencePoint vc="1" uspid="893" ordinal="0" offset="10" sl="219" sc="9" el="219" ec="9" bec="0" bev="0" fileid="28" />
                <SequencePoint vc="1" uspid="894" ordinal="0" offset="15" sl="220" sc="9" el="220" ec="9" bec="0" bev="0" fileid="28" />
                <SequencePoint vc="1" uspid="895" ordinal="0" offset="26" sl="221" sc="9" el="221" ec="9" bec="0" bev="0" fileid="28" />
                <SequencePoint vc="1" uspid="896" ordinal="0" offset="36" sl="222" sc="5" el="222" ec="5" bec="0" bev="0" fileid="28" />
              </SequencePoints>
              <BranchPoints />
            </Method>
            <Method visited="true" cyclomaticComplexity="0" nPathComplexity="0" sequenceCoverage="71.43" branchCoverage="0" crapScore="0" isConstructor="false" isStatic="false" isGetter="false" isSetter="false">
              <Summary numSequencePoints="7" visitedSequencePoints="5" numBranchPoints="0" visitedBranchPoints="0" sequenceCoverage="71.43" branchCoverage="0" maxCyclomaticComplexity="0" minCyclomaticComplexity="0" maxCrapScore="0" minCrapScore="0" visitedClasses="0" numClasses="0" visitedMethods="1" numMethods="1" />
              <MetadataToken>100663343</MetadataToken>
              <Name>System.Void DatabaseManager::&lt;Start&gt;b__20_0(System.Threading.Tasks.Task[DependencyStatus])</Name>
              <FileRef uid="28" />
              <SequencePoints>
                <SequencePoint vc="4" uspid="952" ordinal="0" offset="0" sl="49" sc="13" el="49" ec="13" bec="0" bev="0" fileid="28" />
                <SequencePoint vc="4" uspid="953" ordinal="0" offset="8" sl="51" sc="17" el="51" ec="17" bec="0" bev="0" fileid="28" />
                <SequencePoint vc="4" uspid="954" ordinal="0" offset="13" sl="52" sc="17" el="52" ec="17" bec="0" bev="0" fileid="28" />
                <SequencePoint vc="4" uspid="955" ordinal="0" offset="25" sl="53" sc="17" el="53" ec="17" bec="0" bev="0" fileid="28" />
                <SequencePoint vc="4" uspid="956" ordinal="0" offset="41" sl="54" sc="17" el="54" ec="17" bec="0" bev="0" fileid="28" />
                <SequencePoint vc="0" uspid="957" ordinal="0" offset="52" sl="58" sc="17" el="58" ec="17" bec="0" bev="0" fileid="28" />
                <SequencePoint vc="0" uspid="958" ordinal="0" offset="87" sl="60" sc="9" el="60" ec="9" bec="0" bev="0" fileid="28" />
              </SequencePoints>
              <BranchPoints />
            </Method>
            <Method visited="true" cyclomaticComplexity="0" nPathComplexity="0" sequenceCoverage="87.50" branchCoverage="0" crapScore="0" isConstructor="false" isStatic="false" isGetter="false" isSetter="false">
              <Summary numSequencePoints="16" visitedSequencePoints="14" numBranchPoints="0" visitedBranchPoints="0" sequenceCoverage="87.50" branchCoverage="0" maxCyclomaticComplexity="0" minCyclomaticComplexity="0" maxCrapScore="0" minCrapScore="0" visitedClasses="0" numClasses="0" visitedMethods="1" numMethods="1" />
              <MetadataToken>100663344</MetadataToken>
              <Name>System.Void DatabaseManager::&lt;CreateProfile&gt;b__21_0(System.Threading.Tasks.Task[DataSnapshot])</Name>
              <FileRef uid="28" />
              <SequencePoints>
                <SequencePoint vc="2" uspid="959" ordinal="0" offset="0" sl="112" sc="17" el="112" ec="17" bec="0" bev="0" fileid="28" />
                <SequencePoint vc="0" uspid="960" ordinal="0" offset="16" sl="114" sc="21" el="114" ec="21" bec="0" bev="0" fileid="28" />
                <SequencePoint vc="0" uspid="961" ordinal="0" offset="49" sl="115" sc="21" el="115" ec="21" bec="0" bev="0" fileid="28" />
                <SequencePoint vc="2" uspid="962" ordinal="0" offset="50" sl="118" sc="17" el="118" ec="17" bec="0" bev="0" fileid="28" />
                <SequencePoint vc="2" uspid="963" ordinal="0" offset="56" sl="119" sc="17" el="119" ec="17" bec="0" bev="0" fileid="28" />
                <SequencePoint vc="1" uspid="964" ordinal="0" offset="63" sl="121" sc="21" el="121" ec="21" bec="0" bev="0" fileid="28" />
                <SequencePoint vc="1" uspid="965" ordinal="0" offset="73" sl="122" sc="21" el="122" ec="21" bec="0" bev="0" fileid="28" />
                <SequencePoint vc="1" uspid="966" ordinal="0" offset="85" sl="123" sc="21" el="123" ec="21" bec="0" bev="0" fileid="28" />
                <SequencePoint vc="1" uspid="967" ordinal="0" offset="86" sl="127" sc="17" el="127" ec="17" bec="0" bev="0" fileid="28" />
                <SequencePoint vc="1" uspid="968" ordinal="0" offset="113" sl="128" sc="17" el="128" ec="17" bec="0" bev="0" fileid="28" />
                <SequencePoint vc="1" uspid="969" ordinal="0" offset="120" sl="129" sc="17" el="129" ec="17" bec="0" bev="0" fileid="28" />
                <SequencePoint vc="1" uspid="970" ordinal="0" offset="136" sl="130" sc="17" el="130" ec="17" bec="0" bev="0" fileid="28" />
                <SequencePoint vc="1" uspid="971" ordinal="0" offset="141" sl="132" sc="17" el="132" ec="17" bec="0" bev="0" fileid="28" />
                <SequencePoint vc="1" uspid="972" ordinal="0" offset="196" sl="133" sc="17" el="133" ec="17" bec="0" bev="0" fileid="28" />
                <SequencePoint vc="1" uspid="973" ordinal="0" offset="202" sl="135" sc="17" el="135" ec="17" bec="0" bev="0" fileid="28" />
                <SequencePoint vc="1" uspid="974" ordinal="0" offset="248" sl="148" sc="13" el="148" ec="13" bec="0" bev="0" fileid="28" />
              </SequencePoints>
              <BranchPoints />
            </Method>
            <Method visited="true" cyclomaticComplexity="0" nPathComplexity="0" sequenceCoverage="80.00" branchCoverage="0" crapScore="0" isConstructor="false" isStatic="false" isGetter="false" isSetter="false">
              <Summary numSequencePoints="5" visitedSequencePoints="4" numBranchPoints="0" visitedBranchPoints="0" sequenceCoverage="80.00" branchCoverage="0" maxCyclomaticComplexity="0" minCyclomaticComplexity="0" maxCrapScore="0" minCrapScore="0" visitedClasses="0" numClasses="0" visitedMethods="1" numMethods="1" />
              <MetadataToken>100663345</MetadataToken>
              <Name>System.Void DatabaseManager::&lt;CreateProfile&gt;b__21_1(System.Threading.Tasks.Task)</Name>
              <FileRef uid="28" />
              <SequencePoints>
                <SequencePoint vc="1" uspid="975" ordinal="0" offset="0" sl="138" sc="25" el="138" ec="25" bec="0" bev="0" fileid="28" />
                <SequencePoint vc="0" uspid="976" ordinal="0" offset="16" sl="140" sc="29" el="140" ec="29" bec="0" bev="0" fileid="28" />
                <SequencePoint vc="1" uspid="977" ordinal="0" offset="50" sl="144" sc="29" el="144" ec="29" bec="0" bev="0" fileid="28" />
                <SequencePoint vc="1" uspid="978" ordinal="0" offset="60" sl="145" sc="29" el="145" ec="29" bec="0" bev="0" fileid="28" />
                <SequencePoint vc="1" uspid="979" ordinal="0" offset="72" sl="147" sc="21" el="147" ec="21" bec="0" bev="0" fileid="28" />
              </SequencePoints>
              <BranchPoints />
            </Method>
            <Method visited="true" cyclomaticComplexity="0" nPathComplexity="0" sequenceCoverage="100.0" branchCoverage="0" crapScore="0" isConstructor="true" isStatic="false" isGetter="false" isSetter="false">
              <Summary numSequencePoints="1" visitedSequencePoints="1" numBranchPoints="0" visitedBranchPoints="0" sequenceCoverage="100.0" branchCoverage="0" maxCyclomaticComplexity="0" minCyclomaticComplexity="0" maxCrapScore="0" minCrapScore="0" visitedClasses="0" numClasses="0" visitedMethods="1" numMethods="1" />
              <MetadataToken>100663342</MetadataToken>
              <Name>DatabaseManager::DatabaseManager()</Name>
              <FileRef uid="28" />
              <SequencePoints>
                <SequencePoint vc="4" uspid="1004" ordinal="0" offset="0" sl="35" sc="5" el="35" ec="5" bec="0" bev="0" fileid="28" />
              </SequencePoints>
              <BranchPoints />
            </Method>
          </Methods>
        </Class>
        <Class>
          <Summary numSequencePoints="33" visitedSequencePoints="30" numBranchPoints="0" visitedBranchPoints="0" sequenceCoverage="90.91" branchCoverage="0.0" maxCyclomaticComplexity="0" minCyclomaticComplexity="0" maxCrapScore="0" minCrapScore="0" visitedClasses="1" numClasses="1" visitedMethods="8" numMethods="8" />
          <FullName>GameManager</FullName>
          <Methods>
            <Method visited="true" cyclomaticComplexity="0" nPathComplexity="0" sequenceCoverage="100.0" branchCoverage="0" crapScore="0" isConstructor="false" isStatic="false" isGetter="false" isSetter="false">
              <Summary numSequencePoints="2" visitedSequencePoints="2" numBranchPoints="0" visitedBranchPoints="0" sequenceCoverage="100.0" branchCoverage="0" maxCyclomaticComplexity="0" minCyclomaticComplexity="0" maxCrapScore="0" minCrapScore="0" visitedClasses="0" numClasses="0" visitedMethods="1" numMethods="1" />
              <MetadataToken>100663363</MetadataToken>
              <Name>System.Void GameManager::Start()</Name>
              <FileRef uid="30" />
              <SequencePoints>
                <SequencePoint vc="1" uspid="1040" ordinal="0" offset="0" sl="39" sc="9" el="39" ec="9" bec="0" bev="0" fileid="30" />
                <SequencePoint vc="1" uspid="1041" ordinal="0" offset="29" sl="40" sc="5" el="40" ec="5" bec="0" bev="0" fileid="30" />
              </SequencePoints>
              <BranchPoints />
            </Method>
            <Method visited="true" cyclomaticComplexity="0" nPathComplexity="0" sequenceCoverage="100.0" branchCoverage="0" crapScore="0" isConstructor="false" isStatic="false" isGetter="false" isSetter="false">
              <Summary numSequencePoints="2" visitedSequencePoints="2" numBranchPoints="0" visitedBranchPoints="0" sequenceCoverage="100.0" branchCoverage="0" maxCyclomaticComplexity="0" minCyclomaticComplexity="0" maxCrapScore="0" minCrapScore="0" visitedClasses="0" numClasses="0" visitedMethods="1" numMethods="1" />
              <MetadataToken>100663364</MetadataToken>
              <Name>System.Void GameManager::Pause()</Name>
              <FileRef uid="30" />
              <SequencePoints>
                <SequencePoint vc="1" uspid="1042" ordinal="0" offset="0" sl="43" sc="9" el="43" ec="9" bec="0" bev="0" fileid="30" />
                <SequencePoint vc="1" uspid="1043" ordinal="0" offset="12" sl="44" sc="5" el="44" ec="5" bec="0" bev="0" fileid="30" />
              </SequencePoints>
              <BranchPoints />
            </Method>
            <Method visited="true" cyclomaticComplexity="0" nPathComplexity="0" sequenceCoverage="80.00" branchCoverage="0" crapScore="0" isConstructor="false" isStatic="false" isGetter="false" isSetter="false">
              <Summary numSequencePoints="5" visitedSequencePoints="4" numBranchPoints="0" visitedBranchPoints="0" sequenceCoverage="80.00" branchCoverage="0" maxCyclomaticComplexity="0" minCyclomaticComplexity="0" maxCrapScore="0" minCrapScore="0" visitedClasses="0" numClasses="0" visitedMethods="1" numMethods="1" />
              <MetadataToken>100663366</MetadataToken>
              <Name>System.Void GameManager::LogOut()</Name>
              <FileRef uid="30" />
              <SequencePoints>
                <SequencePoint vc="1" uspid="1046" ordinal="0" offset="0" sl="51" sc="9" el="51" ec="9" bec="0" bev="0" fileid="30" />
                <SequencePoint vc="1" uspid="1047" ordinal="0" offset="14" sl="53" sc="13" el="53" ec="13" bec="0" bev="0" fileid="30" />
                <SequencePoint vc="0" uspid="1048" ordinal="0" offset="27" sl="57" sc="13" el="57" ec="13" bec="0" bev="0" fileid="30" />
                <SequencePoint vc="1" uspid="1049" ordinal="0" offset="37" sl="59" sc="9" el="59" ec="9" bec="0" bev="0" fileid="30" />
                <SequencePoint vc="1" uspid="1050" ordinal="0" offset="47" sl="60" sc="5" el="60" ec="5" bec="0" bev="0" fileid="30" />
              </SequencePoints>
              <BranchPoints />
            </Method>
            <Method visited="true" cyclomaticComplexity="0" nPathComplexity="0" sequenceCoverage="100.0" branchCoverage="0" crapScore="0" isConstructor="false" isStatic="false" isGetter="false" isSetter="false">
              <Summary numSequencePoints="5" visitedSequencePoints="5" numBranchPoints="0" visitedBranchPoints="0" sequenceCoverage="100.0" branchCoverage="0" maxCyclomaticComplexity="0" minCyclomaticComplexity="0" maxCrapScore="0" minCrapScore="0" visitedClasses="0" numClasses="0" visitedMethods="1" numMethods="1" />
              <MetadataToken>100663368</MetadataToken>
              <Name>System.Void GameManager::Update()</Name>
              <FileRef uid="30" />
              <SequencePoints>
                <SequencePoint vc="12430" uspid="1053" ordinal="0" offset="0" sl="68" sc="5" el="68" ec="5" bec="0" bev="0" fileid="30" />
                <SequencePoint vc="1" uspid="1054" ordinal="0" offset="16" sl="70" sc="9" el="70" ec="9" bec="0" bev="0" fileid="30" />
                <SequencePoint vc="1" uspid="1055" ordinal="0" offset="28" sl="71" sc="9" el="71" ec="9" bec="0" bev="0" fileid="30" />
                <SequencePoint vc="1" uspid="1056" ordinal="0" offset="35" sl="72" sc="9" el="72" ec="9" bec="0" bev="0" fileid="30" />
                <SequencePoint vc="12430" uspid="1057" ordinal="0" offset="48" sl="74" sc="1" el="74" ec="1" bec="0" bev="0" fileid="30" />
              </SequencePoints>
              <BranchPoints />
            </Method>
            <Method visited="true" cyclomaticComplexity="0" nPathComplexity="0" sequenceCoverage="80.00" branchCoverage="0" crapScore="0" isConstructor="false" isStatic="false" isGetter="false" isSetter="false">
              <Summary numSequencePoints="10" visitedSequencePoints="8" numBranchPoints="0" visitedBranchPoints="0" sequenceCoverage="80.00" branchCoverage="0" maxCyclomaticComplexity="0" minCyclomaticComplexity="0" maxCrapScore="0" minCrapScore="0" visitedClasses="0" numClasses="0" visitedMethods="1" numMethods="1" />
              <MetadataToken>100663374</MetadataToken>
              <Name>System.Void GameManager::OnMonsterDefeated()</Name>
              <FileRef uid="30" />
              <SequencePoints>
                <SequencePoint vc="2" uspid="1063" ordinal="0" offset="0" sl="151" sc="9" el="151" ec="9" bec="0" bev="0" fileid="30" />
                <SequencePoint vc="2" uspid="1064" ordinal="0" offset="14" sl="152" sc="9" el="152" ec="9" bec="0" bev="0" fileid="30" />
                <SequencePoint vc="2" uspid="1065" ordinal="0" offset="30" sl="154" sc="13" el="154" ec="13" bec="0" bev="0" fileid="30" />
                <SequencePoint vc="1" uspid="1066" ordinal="0" offset="48" sl="155" sc="17" el="155" ec="17" bec="0" bev="0" fileid="30" />
                <SequencePoint vc="1" uspid="1067" ordinal="0" offset="60" sl="156" sc="17" el="156" ec="17" bec="0" bev="0" fileid="30" />
                <SequencePoint vc="1" uspid="1068" ordinal="0" offset="74" sl="158" sc="17" el="158" ec="17" bec="0" bev="0" fileid="30" />
                <SequencePoint vc="1" uspid="1069" ordinal="0" offset="88" sl="159" sc="17" el="159" ec="17" bec="0" bev="0" fileid="30" />
                <SequencePoint vc="2" uspid="1070" ordinal="0" offset="117" sl="162" sc="13" el="162" ec="13" bec="0" bev="0" fileid="30" />
                <SequencePoint vc="0" uspid="1071" ordinal="0" offset="131" sl="164" sc="13" el="164" ec="13" bec="0" bev="0" fileid="30" />
                <SequencePoint vc="0" uspid="1072" ordinal="0" offset="137" sl="166" sc="5" el="166" ec="5" bec="0" bev="0" fileid="30" />
              </SequencePoints>
              <BranchPoints />
            </Method>
            <Method visited="true" cyclomaticComplexity="0" nPathComplexity="0" sequenceCoverage="100.0" branchCoverage="0" crapScore="0" isConstructor="false" isStatic="false" isGetter="false" isSetter="false">
              <Summary numSequencePoints="3" visitedSequencePoints="3" numBranchPoints="0" visitedBranchPoints="0" sequenceCoverage="100.0" branchCoverage="0" maxCyclomaticComplexity="0" minCyclomaticComplexity="0" maxCrapScore="0" minCrapScore="0" visitedClasses="0" numClasses="0" visitedMethods="1" numMethods="1" />
              <MetadataToken>100663375</MetadataToken>
              <Name>System.Void GameManager::UpdateRoundUI()</Name>
              <FileRef uid="30" />
              <SequencePoints>
                <SequencePoint vc="2" uspid="1073" ordinal="0" offset="0" sl="170" sc="9" el="170" ec="9" bec="0" bev="0" fileid="30" />
                <SequencePoint vc="2" uspid="1074" ordinal="0" offset="14" sl="172" sc="13" el="172" ec="13" bec="0" bev="0" fileid="30" />
                <SequencePoint vc="2" uspid="1075" ordinal="0" offset="48" sl="174" sc="5" el="174" ec="5" bec="0" bev="0" fileid="30" />
              </SequencePoints>
              <BranchPoints />
            </Method>
            <Method visited="true" cyclomaticComplexity="0" nPathComplexity="0" sequenceCoverage="100.0" branchCoverage="0" crapScore="0" isConstructor="false" isStatic="false" isGetter="false" isSetter="false">
              <Summary numSequencePoints="3" visitedSequencePoints="3" numBranchPoints="0" visitedBranchPoints="0" sequenceCoverage="100.0" branchCoverage="0" maxCyclomaticComplexity="0" minCyclomaticComplexity="0" maxCrapScore="0" minCrapScore="0" visitedClasses="0" numClasses="0" visitedMethods="1" numMethods="1" />
              <MetadataToken>100663376</MetadataToken>
              <Name>System.Void GameManager::UpdateScoreUI()</Name>
              <FileRef uid="30" />
              <SequencePoints>
                <SequencePoint vc="2" uspid="1076" ordinal="0" offset="0" sl="178" sc="9" el="178" ec="9" bec="0" bev="0" fileid="30" />
                <SequencePoint vc="2" uspid="1077" ordinal="0" offset="14" sl="180" sc="13" el="180" ec="13" bec="0" bev="0" fileid="30" />
                <SequencePoint vc="2" uspid="1078" ordinal="0" offset="51" sl="182" sc="5" el="182" ec="5" bec="0" bev="0" fileid="30" />
              </SequencePoints>
              <BranchPoints />
            </Method>
            <Method visited="true" cyclomaticComplexity="0" nPathComplexity="0" sequenceCoverage="100.0" branchCoverage="0" crapScore="0" isConstructor="true" isStatic="false" isGetter="false" isSetter="false">
              <Summary numSequencePoints="3" visitedSequencePoints="3" numBranchPoints="0" visitedBranchPoints="0" sequenceCoverage="100.0" branchCoverage="0" maxCyclomaticComplexity="0" minCyclomaticComplexity="0" maxCrapScore="0" minCrapScore="0" visitedClasses="0" numClasses="0" visitedMethods="1" numMethods="1" />
              <MetadataToken>100663377</MetadataToken>
              <Name>GameManager::GameManager()</Name>
              <FileRef uid="30" />
              <SequencePoints>
                <SequencePoint vc="1" uspid="1079" ordinal="0" offset="0" sl="11" sc="5" el="11" ec="5" bec="0" bev="0" fileid="30" />
                <SequencePoint vc="1" uspid="1080" ordinal="0" offset="11" sl="18" sc="5" el="18" ec="5" bec="0" bev="0" fileid="30" />
                <SequencePoint vc="1" uspid="1081" ordinal="0" offset="22" sl="19" sc="5" el="19" ec="5" bec="0" bev="0" fileid="30" />
              </SequencePoints>
              <BranchPoints />
            </Method>
          </Methods>
        </Class>
        <Class>
          <Summary numSequencePoints="3" visitedSequencePoints="3" numBranchPoints="0" visitedBranchPoints="0" sequenceCoverage="100.0" branchCoverage="0.0" maxCyclomaticComplexity="0" minCyclomaticComplexity="0" maxCrapScore="0" minCrapScore="0" visitedClasses="1" numClasses="1" visitedMethods="1" numMethods="1" />
          <FullName>LevelButton</FullName>
          <Methods>
            <Method visited="true" cyclomaticComplexity="0" nPathComplexity="0" sequenceCoverage="100.0" branchCoverage="0" crapScore="0" isConstructor="false" isStatic="false" isGetter="false" isSetter="false">
              <Summary numSequencePoints="3" visitedSequencePoints="3" numBranchPoints="0" visitedBranchPoints="0" sequenceCoverage="100.0" branchCoverage="0" maxCyclomaticComplexity="0" minCyclomaticComplexity="0" maxCrapScore="0" minCrapScore="0" visitedClasses="0" numClasses="0" visitedMethods="1" numMethods="1" />
              <MetadataToken>100663378</MetadataToken>
              <Name>System.Void LevelButton::OnEnable()</Name>
              <FileRef uid="31" />
              <SequencePoints>
                <SequencePoint vc="1" uspid="1082" ordinal="0" offset="0" sl="18" sc="9" el="18" ec="9" bec="0" bev="0" fileid="31" />
                <SequencePoint vc="1" uspid="1083" ordinal="0" offset="12" sl="19" sc="9" el="19" ec="9" bec="0" bev="0" fileid="31" />
                <SequencePoint vc="1" uspid="1084" ordinal="0" offset="24" sl="20" sc="5" el="20" ec="5" bec="0" bev="0" fileid="31" />
              </SequencePoints>
              <BranchPoints />
            </Method>
          </Methods>
        </Class>
        <Class>
          <Summary numSequencePoints="14" visitedSequencePoints="14" numBranchPoints="0" visitedBranchPoints="0" sequenceCoverage="100.0" branchCoverage="0.0" maxCyclomaticComplexity="0" minCyclomaticComplexity="0" maxCrapScore="0" minCrapScore="0" visitedClasses="1" numClasses="1" visitedMethods="2" numMethods="2" />
          <FullName>LevelSelectionMenu</FullName>
          <Methods>
            <Method visited="true" cyclomaticComplexity="0" nPathComplexity="0" sequenceCoverage="100.0" branchCoverage="0" crapScore="0" isConstructor="false" isStatic="false" isGetter="false" isSetter="false">
              <Summary numSequencePoints="12" visitedSequencePoints="12" numBranchPoints="0" visitedBranchPoints="0" sequenceCoverage="100.0" branchCoverage="0" maxCyclomaticComplexity="0" minCyclomaticComplexity="0" maxCrapScore="0" minCrapScore="0" visitedClasses="0" numClasses="0" visitedMethods="1" numMethods="1" />
              <MetadataToken>100663383</MetadataToken>
              <Name>System.Void LevelSelectionMenu::Awake()</Name>
              <FileRef uid="32" />
              <SequencePoints>
                <SequencePoint vc="1" uspid="1096" ordinal="0" offset="0" sl="23" sc="9" el="23" ec="9" bec="0" bev="0" fileid="32" />
                <SequencePoint vc="1" uspid="1097" ordinal="0" offset="12" sl="25" sc="14" el="25" ec="14" bec="0" bev="0" fileid="32" />
                <SequencePoint vc="5" uspid="1098" ordinal="0" offset="16" sl="27" sc="13" el="27" ec="13" bec="0" bev="0" fileid="32" />
                <SequencePoint vc="5" uspid="1099" ordinal="0" offset="30" sl="28" sc="13" el="28" ec="13" bec="0" bev="0" fileid="32" />
                <SequencePoint vc="5" uspid="1100" ordinal="0" offset="54" sl="25" sc="45" el="25" ec="45" bec="0" bev="0" fileid="32" />
                <SequencePoint vc="6" uspid="1101" ordinal="0" offset="58" sl="25" sc="25" el="25" ec="25" bec="0" bev="0" fileid="32" />
                <SequencePoint vc="1" uspid="1102" ordinal="0" offset="69" sl="30" sc="14" el="30" ec="14" bec="0" bev="0" fileid="32" />
                <SequencePoint vc="1" uspid="1103" ordinal="0" offset="73" sl="32" sc="13" el="32" ec="13" bec="0" bev="0" fileid="32" />
                <SequencePoint vc="1" uspid="1104" ordinal="0" offset="87" sl="33" sc="13" el="33" ec="13" bec="0" bev="0" fileid="32" />
                <SequencePoint vc="1" uspid="1105" ordinal="0" offset="113" sl="30" sc="44" el="30" ec="44" bec="0" bev="0" fileid="32" />
                <SequencePoint vc="2" uspid="1106" ordinal="0" offset="117" sl="30" sc="25" el="30" ec="25" bec="0" bev="0" fileid="32" />
                <SequencePoint vc="1" uspid="1107" ordinal="0" offset="121" sl="35" sc="5" el="35" ec="5" bec="0" bev="0" fileid="32" />
              </SequencePoints>
              <BranchPoints />
            </Method>
            <Method visited="true" cyclomaticComplexity="0" nPathComplexity="0" sequenceCoverage="100.0" branchCoverage="0" crapScore="0" isConstructor="false" isStatic="false" isGetter="false" isSetter="false">
              <Summary numSequencePoints="2" visitedSequencePoints="2" numBranchPoints="0" visitedBranchPoints="0" sequenceCoverage="100.0" branchCoverage="0" maxCyclomaticComplexity="0" minCyclomaticComplexity="0" maxCrapScore="0" minCrapScore="0" visitedClasses="0" numClasses="0" visitedMethods="1" numMethods="1" />
              <MetadataToken>100663385</MetadataToken>
              <Name>System.Void LevelSelectionMenu::loadLevel(UnityEngine.GameObject)</Name>
              <FileRef uid="32" />
              <SequencePoints>
                <SequencePoint vc="1" uspid="1110" ordinal="0" offset="0" sl="45" sc="9" el="45" ec="9" bec="0" bev="0" fileid="32" />
                <SequencePoint vc="1" uspid="1111" ordinal="0" offset="11" sl="46" sc="5" el="46" ec="5" bec="0" bev="0" fileid="32" />
              </SequencePoints>
              <BranchPoints />
            </Method>
          </Methods>
        </Class>
        <Class>
          <Summary numSequencePoints="54" visitedSequencePoints="45" numBranchPoints="0" visitedBranchPoints="0" sequenceCoverage="83.33" branchCoverage="0.0" maxCyclomaticComplexity="0" minCyclomaticComplexity="0" maxCrapScore="0" minCrapScore="0" visitedClasses="1" numClasses="1" visitedMethods="8" numMethods="8" />
          <FullName>Monster</FullName>
          <Methods>
            <Method visited="true" cyclomaticComplexity="0" nPathComplexity="0" sequenceCoverage="100.0" branchCoverage="0" crapScore="0" isConstructor="false" isStatic="false" isGetter="false" isSetter="false">
              <Summary numSequencePoints="7" visitedSequencePoints="7" numBranchPoints="0" visitedBranchPoints="0" sequenceCoverage="100.0" branchCoverage="0" maxCyclomaticComplexity="0" minCyclomaticComplexity="0" maxCrapScore="0" minCrapScore="0" visitedClasses="0" numClasses="0" visitedMethods="1" numMethods="1" />
              <MetadataToken>100663390</MetadataToken>
              <Name>System.Void Monster::Start()</Name>
              <FileRef uid="34" />
              <SequencePoints>
                <SequencePoint vc="2" uspid="1117" ordinal="0" offset="0" sl="37" sc="9" el="37" ec="9" bec="0" bev="0" fileid="34" />
                <SequencePoint vc="2" uspid="1118" ordinal="0" offset="12" sl="38" sc="9" el="38" ec="9" bec="0" bev="0" fileid="34" />
                <SequencePoint vc="2" uspid="1119" ordinal="0" offset="24" sl="39" sc="9" el="39" ec="9" bec="0" bev="0" fileid="34" />
                <SequencePoint vc="2" uspid="1120" ordinal="0" offset="38" sl="40" sc="13" el="40" ec="13" bec="0" bev="0" fileid="34" />
                <SequencePoint vc="2" uspid="1121" ordinal="0" offset="49" sl="42" sc="9" el="42" ec="9" bec="0" bev="0" fileid="34" />
                <SequencePoint vc="2" uspid="1122" ordinal="0" offset="61" sl="43" sc="9" el="43" ec="9" bec="0" bev="0" fileid="34" />
                <SequencePoint vc="2" uspid="1123" ordinal="0" offset="67" sl="44" sc="5" el="44" ec="5" bec="0" bev="0" fileid="34" />
              </SequencePoints>
              <BranchPoints />
            </Method>
            <Method visited="true" cyclomaticComplexity="0" nPathComplexity="0" sequenceCoverage="87.50" branchCoverage="0" crapScore="0" isConstructor="false" isStatic="false" isGetter="false" isSetter="false">
              <Summary numSequencePoints="8" visitedSequencePoints="7" numBranchPoints="0" visitedBranchPoints="0" sequenceCoverage="87.50" branchCoverage="0" maxCyclomaticComplexity="0" minCyclomaticComplexity="0" maxCrapScore="0" minCrapScore="0" visitedClasses="0" numClasses="0" visitedMethods="1" numMethods="1" />
              <MetadataToken>100663391</MetadataToken>
              <Name>System.Void Monster::Update()</Name>
              <FileRef uid="34" />
              <SequencePoints>
                <SequencePoint vc="7106" uspid="1124" ordinal="0" offset="0" sl="48" sc="9" el="48" ec="9" bec="0" bev="0" fileid="34" />
                <SequencePoint vc="0" uspid="1125" ordinal="0" offset="27" sl="48" sc="50" el="48" ec="50" bec="0" bev="0" fileid="34" />
[...]
              <FileRef uid="45" />
              <SequencePoints>
                <SequencePoint vc="1" uspid="1504" ordinal="0" offset="0" sl="8" sc="5" el="8" ec="5" bec="0" bev="0" fileid="45" />
                <SequencePoint vc="1" uspid="1505" ordinal="0" offset="10" sl="9" sc="5" el="9" ec="5" bec="0" bev="0" fileid="45" />
              </SequencePoints>
              <BranchPoints />
            </Method>
          </Methods>
        </Class>
        <Class>
          <Summary numSequencePoints="1" visitedSequencePoints="1" numBranchPoints="0" visitedBranchPoints="0" sequenceCoverage="100.0" branchCoverage="0.0" maxCyclomaticComplexity="0" minCyclomaticComplexity="0" maxCrapScore="0" minCrapScore="0" visitedClasses="1" numClasses="1" visitedMethods="1" numMethods="1" />
          <FullName>DatabaseManager/&lt;&gt;c__DisplayClass23_0</FullName>
          <Methods>
            <Method visited="true" cyclomaticComplexity="0" nPathComplexity="0" sequenceCoverage="100.0" branchCoverage="0" crapScore="0" isConstructor="false" isStatic="false" isGetter="false" isSetter="false">
              <Summary numSequencePoints="1" visitedSequencePoints="1" numBranchPoints="0" visitedBranchPoints="0" sequenceCoverage="100.0" branchCoverage="0" maxCyclomaticComplexity="0" minCyclomaticComplexity="0" maxCrapScore="0" minCrapScore="0" visitedClasses="0" numClasses="0" visitedMethods="1" numMethods="1" />
              <MetadataToken>100663471</MetadataToken>
              <Name>System.Boolean DatabaseManager/&lt;&gt;c__DisplayClass23_0::&lt;LoginRoutine&gt;b__0()</Name>
              <FileRef uid="28" />
              <SequencePoints>
                <SequencePoint vc="33" uspid="1526" ordinal="0" offset="0" sl="172" sc="42" el="172" ec="42" bec="0" bev="0" fileid="28" />
              </SequencePoints>
              <BranchPoints />
            </Method>
          </Methods>
        </Class>
        <Class>
          <Summary numSequencePoints="31" visitedSequencePoints="18" numBranchPoints="0" visitedBranchPoints="0" sequenceCoverage="58.06" branchCoverage="0.0" maxCyclomaticComplexity="0" minCyclomaticComplexity="0" maxCrapScore="0" minCrapScore="0" visitedClasses="1" numClasses="1" visitedMethods="1" numMethods="1" />
          <FullName>DatabaseManager/&lt;LoginRoutine&gt;d__23</FullName>
          <Methods>
            <Method visited="true" cyclomaticComplexity="0" nPathComplexity="0" sequenceCoverage="58.06" branchCoverage="0" crapScore="0" isConstructor="false" isStatic="false" isGetter="false" isSetter="false">
              <Summary numSequencePoints="31" visitedSequencePoints="18" numBranchPoints="0" visitedBranchPoints="0" sequenceCoverage="58.06" branchCoverage="0" maxCyclomaticComplexity="0" minCyclomaticComplexity="0" maxCrapScore="0" minCrapScore="0" visitedClasses="0" numClasses="0" visitedMethods="1" numMethods="1" />
              <MetadataToken>100663522</MetadataToken>
              <Name>System.Boolean DatabaseManager/&lt;LoginRoutine&gt;d__23::MoveNext()</Name>
              <FileRef uid="28" />
              <SequencePoints>
                <SequencePoint vc="1" uspid="1575" ordinal="0" offset="44" sl="159" sc="9" el="159" ec="9" bec="0" bev="0" fileid="28" />
                <SequencePoint vc="0" uspid="1576" ordinal="0" offset="52" sl="161" sc="13" el="161" ec="13" bec="0" bev="0" fileid="28" />
                <SequencePoint vc="0" uspid="1577" ordinal="0" offset="62" sl="162" sc="13" el="162" ec="13" bec="0" bev="0" fileid="28" />
                <SequencePoint vc="1" uspid="1578" ordinal="0" offset="64" sl="165" sc="9" el="165" ec="9" bec="0" bev="0" fileid="28" />
                <SequencePoint vc="0" uspid="1579" ordinal="0" offset="100" sl="167" sc="13" el="167" ec="13" bec="0" bev="0" fileid="28" />
                <SequencePoint vc="0" uspid="1580" ordinal="0" offset="110" sl="168" sc="13" el="168" ec="13" bec="0" bev="0" fileid="28" />
                <SequencePoint vc="1" uspid="1581" ordinal="0" offset="112" sl="171" sc="9" el="171" ec="9" bec="0" bev="0" fileid="28" />
                <SequencePoint vc="1" uspid="1582" ordinal="0" offset="144" sl="172" sc="9" el="172" ec="9" bec="0" bev="0" fileid="28" />
                <SequencePoint vc="1" uspid="1583" ordinal="0" offset="188" sl="174" sc="9" el="174" ec="9" bec="0" bev="0" fileid="28" />
                <SequencePoint vc="0" uspid="1584" ordinal="0" offset="206" sl="176" sc="13" el="176" ec="13" bec="0" bev="0" fileid="28" />
                <SequencePoint vc="0" uspid="1585" ordinal="0" offset="249" sl="177" sc="13" el="177" ec="13" bec="0" bev="0" fileid="28" />
                <SequencePoint vc="1" uspid="1586" ordinal="0" offset="251" sl="180" sc="9" el="180" ec="9" bec="0" bev="0" fileid="28" />
                <SequencePoint vc="1" uspid="1587" ordinal="0" offset="267" sl="181" sc="9" el="181" ec="9" bec="0" bev="0" fileid="28" />
                <SequencePoint vc="1" uspid="1588" ordinal="0" offset="269" sl="182" sc="9" el="182" ec="9" bec="0" bev="0" fileid="28" />
                <SequencePoint vc="1" uspid="1589" ordinal="0" offset="271" sl="184" sc="30" el="184" ec="30" bec="0" bev="0" fileid="28" />
                <SequencePoint vc="16" uspid="1590" ordinal="0" offset="285" sl="184" sc="18" el="184" ec="18" bec="0" bev="0" fileid="28" />
                <SequencePoint vc="16" uspid="1591" ordinal="0" offset="294" sl="186" sc="13" el="186" ec="13" bec="0" bev="0" fileid="28" />
                <SequencePoint vc="16" uspid="1592" ordinal="0" offset="325" sl="188" sc="13" el="188" ec="13" bec="0" bev="0" fileid="28" />
                <SequencePoint vc="16" uspid="1593" ordinal="0" offset="356" sl="191" sc="13" el="191" ec="13" bec="0" bev="0" fileid="28" />
                <SequencePoint vc="0" uspid="1594" ordinal="0" offset="396" sl="193" sc="17" el="193" ec="17" bec="0" bev="0" fileid="28" />
                <SequencePoint vc="0" uspid="1595" ordinal="0" offset="398" sl="194" sc="17" el="194" ec="17" bec="0" bev="0" fileid="28" />
                <SequencePoint vc="0" uspid="1596" ordinal="0" offset="406" sl="195" sc="17" el="195" ec="17" bec="0" bev="0" fileid="28" />
                <SequencePoint vc="17" uspid="1597" ordinal="0" offset="408" sl="184" sc="27" el="184" ec="27" bec="0" bev="0" fileid="28" />
                <SequencePoint vc="1" uspid="1598" ordinal="0" offset="434" sl="199" sc="9" el="199" ec="9" bec="0" bev="0" fileid="28" />
                <SequencePoint vc="0" uspid="1599" ordinal="0" offset="437" sl="201" sc="13" el="201" ec="13" bec="0" bev="0" fileid="28" />
                <SequencePoint vc="0" uspid="1600" ordinal="0" offset="444" sl="202" sc="13" el="202" ec="13" bec="0" bev="0" fileid="28" />
                <SequencePoint vc="0" uspid="1601" ordinal="0" offset="460" sl="203" sc="13" el="203" ec="13" bec="0" bev="0" fileid="28" />
                <SequencePoint vc="0" uspid="1602" ordinal="0" offset="465" sl="205" sc="13" el="205" ec="13" bec="0" bev="0" fileid="28" />
                <SequencePoint vc="1" uspid="1603" ordinal="0" offset="488" sl="209" sc="13" el="209" ec="13" bec="0" bev="0" fileid="28" />
                <SequencePoint vc="1" uspid="1604" ordinal="0" offset="498" sl="212" sc="9" el="212" ec="9" bec="0" bev="0" fileid="28" />
                <SequencePoint vc="1" uspid="1605" ordinal="0" offset="508" sl="214" sc="5" el="214" ec="5" bec="0" bev="0" fileid="28" />
              </SequencePoints>
              <BranchPoints />
            </Method>
          </Methods>
        </Class>
        <Class>
          <Summary numSequencePoints="8" visitedSequencePoints="8" numBranchPoints="0" visitedBranchPoints="0" sequenceCoverage="100.0" branchCoverage="0.0" maxCyclomaticComplexity="0" minCyclomaticComplexity="0" maxCrapScore="0" minCrapScore="0" visitedClasses="1" numClasses="1" visitedMethods="1" numMethods="1" />
          <FullName>GameManager/&lt;FadeCanvasGroup&gt;d__30</FullName>
          <Methods>
            <Method visited="true" cyclomaticComplexity="0" nPathComplexity="0" sequenceCoverage="100.0" branchCoverage="0" crapScore="0" isConstructor="false" isStatic="false" isGetter="false" isSetter="false">
              <Summary numSequencePoints="8" visitedSequencePoints="8" numBranchPoints="0" visitedBranchPoints="0" sequenceCoverage="100.0" branchCoverage="0" maxCyclomaticComplexity="0" minCyclomaticComplexity="0" maxCrapScore="0" minCrapScore="0" visitedClasses="0" numClasses="0" visitedMethods="1" numMethods="1" />
              <MetadataToken>100663528</MetadataToken>
              <Name>System.Boolean GameManager/&lt;FadeCanvasGroup&gt;d__30::MoveNext()</Name>
              <FileRef uid="30" />
              <SequencePoints>
                <SequencePoint vc="6" uspid="1606" ordinal="0" offset="23" sl="130" sc="9" el="130" ec="9" bec="0" bev="0" fileid="30" />
                <SequencePoint vc="6" uspid="1607" ordinal="0" offset="34" sl="131" sc="9" el="131" ec="9" bec="0" bev="0" fileid="30" />
                <SequencePoint vc="691" uspid="1608" ordinal="0" offset="53" sl="134" sc="13" el="134" ec="13" bec="0" bev="0" fileid="30" />
                <SequencePoint vc="691" uspid="1609" ordinal="0" offset="94" sl="135" sc="13" el="135" ec="13" bec="0" bev="0" fileid="30" />
                <SequencePoint vc="691" uspid="1610" ordinal="0" offset="112" sl="136" sc="13" el="136" ec="13" bec="0" bev="0" fileid="30" />
                <SequencePoint vc="697" uspid="1611" ordinal="0" offset="135" sl="132" sc="9" el="132" ec="9" bec="0" bev="0" fileid="30" />
                <SequencePoint vc="6" uspid="1612" ordinal="0" offset="149" sl="138" sc="9" el="138" ec="9" bec="0" bev="0" fileid="30" />
                <SequencePoint vc="6" uspid="1613" ordinal="0" offset="166" sl="139" sc="5" el="139" ec="5" bec="0" bev="0" fileid="30" />
              </SequencePoints>
              <BranchPoints />
            </Method>
          </Methods>
        </Class>
        <Class>
          <Summary numSequencePoints="7" visitedSequencePoints="6" numBranchPoints="0" visitedBranchPoints="0" sequenceCoverage="85.71" branchCoverage="0.0" maxCyclomaticComplexity="0" minCyclomaticComplexity="0" maxCrapScore="0" minCrapScore="0" visitedClasses="1" numClasses="1" visitedMethods="1" numMethods="1" />
          <FullName>GameManager/&lt;FadeRoundText&gt;d__29</FullName>
          <Methods>
            <Method visited="true" cyclomaticComplexity="0" nPathComplexity="0" sequenceCoverage="85.71" branchCoverage="0" crapScore="0" isConstructor="false" isStatic="false" isGetter="false" isSetter="false">
              <Summary numSequencePoints="7" visitedSequencePoints="6" numBranchPoints="0" visitedBranchPoints="0" sequenceCoverage="85.71" branchCoverage="0" maxCyclomaticComplexity="0" minCyclomaticComplexity="0" maxCrapScore="0" minCrapScore="0" visitedClasses="0" numClasses="0" visitedMethods="1" numMethods="1" />
              <MetadataToken>100663534</MetadataToken>
              <Name>System.Boolean GameManager/&lt;FadeRoundText&gt;d__29::MoveNext()</Name>
              <FileRef uid="30" />
              <SequencePoints>
                <SequencePoint vc="3" uspid="1614" ordinal="0" offset="45" sl="113" sc="9" el="113" ec="9" bec="0" bev="0" fileid="30" />
                <SequencePoint vc="0" uspid="1615" ordinal="0" offset="73" sl="114" sc="13" el="114" ec="13" bec="0" bev="0" fileid="30" />
                <SequencePoint vc="3" uspid="1616" ordinal="0" offset="75" sl="116" sc="9" el="116" ec="9" bec="0" bev="0" fileid="30" />
                <SequencePoint vc="3" uspid="1617" ordinal="0" offset="92" sl="119" sc="9" el="119" ec="9" bec="0" bev="0" fileid="30" />
                <SequencePoint vc="3" uspid="1618" ordinal="0" offset="142" sl="122" sc="9" el="122" ec="9" bec="0" bev="0" fileid="30" />
                <SequencePoint vc="3" uspid="1619" ordinal="0" offset="175" sl="125" sc="9" el="125" ec="9" bec="0" bev="0" fileid="30" />
                <SequencePoint vc="3" uspid="1620" ordinal="0" offset="225" sl="126" sc="5" el="126" ec="5" bec="0" bev="0" fileid="30" />
              </SequencePoints>
              <BranchPoints />
            </Method>
          </Methods>
        </Class>
        <Class>
          <Summary numSequencePoints="16" visitedSequencePoints="14" numBranchPoints="0" visitedBranchPoints="0" sequenceCoverage="87.50" branchCoverage="0.0" maxCyclomaticComplexity="0" minCyclomaticComplexity="0" maxCrapScore="0" minCrapScore="0" visitedClasses="1" numClasses="1" visitedMethods="1" numMethods="1" />
          <FullName>GameManager/&lt;StartNextRound&gt;d__28</FullName>
          <Methods>
            <Method visited="true" cyclomaticComplexity="0" nPathComplexity="0" sequenceCoverage="87.50" branchCoverage="0" crapScore="0" isConstructor="false" isStatic="false" isGetter="false" isSetter="false">
              <Summary numSequencePoints="16" visitedSequencePoints="14" numBranchPoints="0" visitedBranchPoints="0" sequenceCoverage="87.50" branchCoverage="0" maxCyclomaticComplexity="0" minCyclomaticComplexity="0" maxCrapScore="0" minCrapScore="0" visitedClasses="0" numClasses="0" visitedMethods="1" numMethods="1" />
              <MetadataToken>100663540</MetadataToken>
              <Name>System.Boolean GameManager/&lt;StartNextRound&gt;d__28::MoveNext()</Name>
              <FileRef uid="30" />
              <SequencePoints>
                <SequencePoint vc="3" uspid="1621" ordinal="0" offset="41" sl="79" sc="9" el="79" ec="9" bec="0" bev="0" fileid="30" />
                <SequencePoint vc="3" uspid="1622" ordinal="0" offset="48" sl="80" sc="9" el="80" ec="9" bec="0" bev="0" fileid="30" />
                <SequencePoint vc="3" uspid="1623" ordinal="0" offset="76" sl="81" sc="9" el="81" ec="9" bec="0" bev="0" fileid="30" />
                <SequencePoint vc="3" uspid="1624" ordinal="0" offset="125" sl="82" sc="9" el="82" ec="9" bec="0" bev="0" fileid="30" />
                <SequencePoint vc="3" uspid="1625" ordinal="0" offset="160" sl="84" sc="9" el="84" ec="9" bec="0" bev="0" fileid="30" />
                <SequencePoint vc="2" uspid="1626" ordinal="0" offset="193" sl="86" sc="9" el="86" ec="9" bec="0" bev="0" fileid="30" />
                <SequencePoint vc="2" uspid="1627" ordinal="0" offset="209" sl="88" sc="13" el="88" ec="13" bec="0" bev="0" fileid="30" />
                <SequencePoint vc="2" uspid="1628" ordinal="0" offset="222" sl="89" sc="13" el="89" ec="13" bec="0" bev="0" fileid="30" />
                <SequencePoint vc="2" uspid="1629" ordinal="0" offset="243" sl="91" sc="13" el="91" ec="13" bec="0" bev="0" fileid="30" />
                <SequencePoint vc="2" uspid="1630" ordinal="0" offset="249" sl="92" sc="13" el="92" ec="13" bec="0" bev="0" fileid="30" />
                <SequencePoint vc="2" uspid="1631" ordinal="0" offset="258" sl="94" sc="17" el="94" ec="17" bec="0" bev="0" fileid="30" />
                <SequencePoint vc="2" uspid="1632" ordinal="0" offset="265" sl="97" sc="17" el="97" ec="17" bec="0" bev="0" fileid="30" />
                <SequencePoint vc="0" uspid="1633" ordinal="0" offset="283" sl="99" sc="21" el="99" ec="21" bec="0" bev="0" fileid="30" />
                <SequencePoint vc="2" uspid="1634" ordinal="0" offset="290" sl="103" sc="13" el="103" ec="13" bec="0" bev="0" fileid="30" />
                <SequencePoint vc="0" uspid="1635" ordinal="0" offset="298" sl="107" sc="13" el="107" ec="13" bec="0" bev="0" fileid="30" />
                <SequencePoint vc="2" uspid="1636" ordinal="0" offset="308" sl="109" sc="5" el="109" ec="5" bec="0" bev="0" fileid="30" />
              </SequencePoints>
              <BranchPoints />
            </Method>
          </Methods>
        </Class>
        <Class>
          <Summary numSequencePoints="7" visitedSequencePoints="7" numBranchPoints="0" visitedBranchPoints="0" sequenceCoverage="100.0" branchCoverage="0.0" maxCyclomaticComplexity="0" minCyclomaticComplexity="0" maxCrapScore="0" minCrapScore="0" visitedClasses="1" numClasses="1" visitedMethods="1" numMethods="1" />
          <FullName>Monster/&lt;ResetAttackAnimation&gt;d__22</FullName>
          <Methods>
            <Method visited="true" cyclomaticComplexity="0" nPathComplexity="0" sequenceCoverage="100.0" branchCoverage="0" crapScore="0" isConstructor="false" isStatic="false" isGetter="false" isSetter="false">
              <Summary numSequencePoints="7" visitedSequencePoints="7" numBranchPoints="0" visitedBranchPoints="0" sequenceCoverage="100.0" branchCoverage="0" maxCyclomaticComplexity="0" minCyclomaticComplexity="0" maxCrapScore="0" minCrapScore="0" visitedClasses="0" numClasses="0" visitedMethods="1" numMethods="1" />
              <MetadataToken>100663546</MetadataToken>
              <Name>System.Boolean Monster/&lt;ResetAttackAnimation&gt;d__22::MoveNext()</Name>
              <FileRef uid="34" />
              <SequencePoints>
                <SequencePoint vc="3" uspid="1637" ordinal="0" offset="30" sl="83" sc="9" el="83" ec="9" bec="0" bev="0" fileid="34" />
                <SequencePoint vc="3" uspid="1638" ordinal="0" offset="42" sl="84" sc="9" el="84" ec="9" bec="0" bev="0" fileid="34" />
                <SequencePoint vc="3" uspid="1639" ordinal="0" offset="74" sl="85" sc="9" el="85" ec="9" bec="0" bev="0" fileid="34" />
                <SequencePoint vc="3" uspid="1640" ordinal="0" offset="91" sl="86" sc="9" el="86" ec="9" bec="0" bev="0" fileid="34" />
                <SequencePoint vc="3" uspid="1641" ordinal="0" offset="108" sl="87" sc="9" el="87" ec="9" bec="0" bev="0" fileid="34" />
                <SequencePoint vc="3" uspid="1642" ordinal="0" offset="125" sl="88" sc="9" el="88" ec="9" bec="0" bev="0" fileid="34" />
                <SequencePoint vc="3" uspid="1643" ordinal="0" offset="137" sl="89" sc="5" el="89" ec="5" bec="0" bev="0" fileid="34" />
              </SequencePoints>
              <BranchPoints />
            </Method>
          </Methods>
        </Class>
        <Class>
          <Summary numSequencePoints="4" visitedSequencePoints="4" numBranchPoints="0" visitedBranchPoints="0" sequenceCoverage="100.0" branchCoverage="0.0" maxCyclomaticComplexity="0" minCyclomaticComplexity="0" maxCrapScore="0" minCrapScore="0" visitedClasses="1" numClasses="1" visitedMethods="1" numMethods="1" />
          <FullName>Monster/&lt;ResetDamageAnimation&gt;d__24</FullName>
          <Methods>
            <Method visited="true" cyclomaticComplexity="0" nPathComplexity="0" sequenceCoverage="100.0" branchCoverage="0" crapScore="0" isConstructor="false" isStatic="false" isGetter="false" isSetter="false">
              <Summary numSequencePoints="4" visitedSequencePoints="4" numBranchPoints="0" visitedBranchPoints="0" sequenceCoverage="100.0" branchCoverage="0" maxCyclomaticComplexity="0" minCyclomaticComplexity="0" maxCrapScore="0" minCrapScore="0" visitedClasses="0" numClasses="0" visitedMethods="1" numMethods="1" />
              <MetadataToken>100663552</MetadataToken>
              <Name>System.Boolean Monster/&lt;ResetDamageAnimation&gt;d__24::MoveNext()</Name>
              <FileRef uid="34" />
              <SequencePoints>
                <SequencePoint vc="6" uspid="1644" ordinal="0" offset="30" sl="118" sc="9" el="118" ec="9" bec="0" bev="0" fileid="34" />
                <SequencePoint vc="6" uspid="1645" ordinal="0" offset="47" sl="119" sc="9" el="119" ec="9" bec="0" bev="0" fileid="34" />
                <SequencePoint vc="4" uspid="1646" ordinal="0" offset="79" sl="120" sc="9" el="120" ec="9" bec="0" bev="0" fileid="34" />
                <SequencePoint vc="4" uspid="1647" ordinal="0" offset="96" sl="121" sc="5" el="121" ec="5" bec="0" bev="0" fileid="34" />
              </SequencePoints>
              <BranchPoints />
            </Method>
          </Methods>
        </Class>
      </Classes>
    </Module>
  </Modules>
</CoverageSession>